==================================================
========   VOTCA (http://www.votca.org)   ========
==================================================

please submit bugs to https://github.com/votca/xtp/issues

xtp_parallel, version 2022-dev gitid: 60fc73d (dirty) (compiled Jul  9 2021, 11:25:47)
votca_csg, version 2022-dev gitid: 60fc73d (dirty) (compiled Jul  9 2021, 11:25:45)
votca_tools, version 2022-dev gitid: 60fc73d (dirty) (compiled Jul  9 2021, 11:25:45)

Initializing calculator
... qmmm

... ... Initialized with 1 threads.

... ... Using 6 openmp threads for 1x6=6 total threads.
1 frames in statefile, Ids are: 798500 
Starting at frame 798500
Evaluating frame 798500
Import MD Topology (i.e. frame 798500) from state.hdf5
.... 
... qmmm 
MST ERR Job file = 'qmmm_jobs.xml', cache size =  8
MST ERR Initialize jobs from qmmm_jobs.xml
MST ERR Registered 2 jobs.
T00 ERR ... Requesting next job
T00 ERR ... Assign jobs from stack
T00 ERR ... Next job: ID = 0=> [ 0%] 
T00 ERR ...  Regions created
T00 ERR ... Id: 0 type: qm size: 1 charge[e]= 32
T00 ERR ... Id: 1 type: polar size: 96 charge[e]= 0
T00 ERR ... 2021-7-12 13:51:3 Writing jobtopology to QMMM/frame_798500/job_0_ACETONE_0:n/regions.pdb
T00 ERR ... 2021-7-12 13:51:3 --Inter Region SCF Iteration 1 of 50
T00 ERR ... 2021-7-12 13:51:3 Evaluating qm 0
T00 ERR ... 2021-7-12 13:51:3 Evaluating interaction between qm 0 and polar 1
T00 ERR ... Loaded Basis Set def2-tzvp
T00 ERR ... Loaded Basis Set aux-def2-tzvp
T00 ERR ... Running DFT calculation
T00 ERR ... Running Orca job
Reading the input file system.gbw               ... done
Writing the output file system.molden.input     ... done

T00 ERR ... Finished Orca job
T00 ERR ... 2021-7-12 13:51:23 DFT calculation took 20.2748 seconds.
T00 ERR ... Parsing system.log
T00 ERR ... Reading Coordinates and occupationnumbers and energies from QMMM/frame_798500/job_0_ACETONE_0:n/system.log
T00 ERR ... Getting the coordinates
T00 ERR ... DFT with 0.25 of HF exchange!
T00 ERR ... QM energy[Hrt]: -193.025298 
T00 ERR ... Done reading Log file
T00 ERR ... Reading Molden file
T00 ERR ... Molden file: QMMM/frame_798500/job_0_ACETONE_0:n/system.molden.input
T00 ERR ... Reading atoms using AU units.
T00 ERR ... Basisset specification is ignored.
T00 ERR ... Basissets are specified via the mol2orb.xml options file.
T00 ERR ... Reading molecular orbital coefficients
T00 ERR ... Done parsing molden file
T00 ERR ... Done parsing
T00 ERR ... 2021-7-12 13:51:23 Evaluating polar 1
T00 ERR ... 2021-7-12 13:51:23 Evaluating interaction between polar 1 and qm 0
T00 ERR ... 2021-7-12 13:51:24 Starting Solving for classical polarization with 864 degrees of freedom.
T00 ERR ... 2021-7-12 13:51:24 CG: #iterations: 7, estimated error: 3.47196e-06
T00 ERR ...   Total static energy [hrt]= -1.06520276
T00 ERR ...   Total polar energy [hrt]= -0.3342804779
T00 ERR ...  Total energy [hrt]= -1.399483237
T00 ERR ... 2021-7-12 13:51:24 Writing checkpoint to checkpoint_iter_1.hdf5
T00 ERR ...  Region:qm 0 is not converged deltaE=-193.0252977 RMS Dmat=0.02453093168 MaxDmat=0.9412445129
T00 ERR ... 2021-7-12 13:51:24 Region:polar 1 is not converged deltaE=-1.399483237
T00 ERR ... 2021-7-12 13:51:24 --Total Energy all regions -194.4247809
T00 ERR ... 2021-7-12 13:51:24 --Inter Region SCF Iteration 2 of 50
T00 ERR ... 2021-7-12 13:51:24 Evaluating qm 0
T00 ERR ... 2021-7-12 13:51:24 Evaluating interaction between qm 0 and polar 1
T00 ERR ... Loaded Basis Set def2-tzvp
T00 ERR ... Loaded Basis Set aux-def2-tzvp
T00 ERR ... Running DFT calculation
T00 ERR ... Running Orca job
Reading the input file system.gbw               ... done
Writing the output file system.molden.input     ... done

T00 ERR ... Finished Orca job
T00 ERR ... 2021-7-12 13:51:40 DFT calculation took 16.44182917 seconds.
T00 ERR ... Parsing system.log
T00 ERR ... Reading Coordinates and occupationnumbers and energies from QMMM/frame_798500/job_0_ACETONE_0:n/system.log
T00 ERR ... Getting the coordinates
T00 ERR ... DFT with 0.25 of HF exchange!
T00 ERR ... QM energy[Hrt]: -193.031348 
T00 ERR ... Done reading Log file
T00 ERR ... Reading Molden file
T00 ERR ... Molden file: QMMM/frame_798500/job_0_ACETONE_0:n/system.molden.input
T00 ERR ... Reading atoms using AU units.
T00 ERR ... Basisset specification is ignored.
T00 ERR ... Basissets are specified via the mol2orb.xml options file.
T00 ERR ... Reading molecular orbital coefficients
T00 ERR ... Done parsing molden file
T00 ERR ... Done parsing
T00 ERR ... 2021-7-12 13:51:41 Evaluating polar 1
T00 ERR ... 2021-7-12 13:51:41 Evaluating interaction between polar 1 and qm 0
T00 ERR ... 2021-7-12 13:51:41 Starting Solving for classical polarization with 864 degrees of freedom.
T00 ERR ... 2021-7-12 13:51:41 CG: #iterations: 4, estimated error: 6.061336371e-06
T00 ERR ...   Total static energy [hrt]= -1.06520276
T00 ERR ...   Total polar energy [hrt]= -0.3338944442
T00 ERR ...  Total energy [hrt]= -1.399097204
T00 ERR ... 2021-7-12 13:51:41 Writing checkpoint to checkpoint_iter_2.hdf5
T00 ERR ...  Region:qm 0 is not converged deltaE=-0.006049914867 RMS Dmat=0.0005778851522 MaxDmat=0.01557708207
T00 ERR ... 2021-7-12 13:51:41 Region:polar 1 is not converged deltaE=0.0003860337003
T00 ERR ... 2021-7-12 13:51:41 --Total Energy all regions -194.4304448
T00 ERR ... 2021-7-12 13:51:41 --Inter Region SCF Iteration 3 of 50
T00 ERR ... 2021-7-12 13:51:41 Evaluating qm 0
T00 ERR ... 2021-7-12 13:51:41 Evaluating interaction between qm 0 and polar 1
T00 ERR ... Loaded Basis Set def2-tzvp
T00 ERR ... Loaded Basis Set aux-def2-tzvp
T00 ERR ... Running DFT calculation
T00 ERR ... Running Orca job
Reading the input file system.gbw               ... done
Writing the output file system.molden.input     ... done

T00 ERR ... Finished Orca job
T00 ERR ... 2021-7-12 13:51:53 DFT calculation took 11.88268556 seconds.
T00 ERR ... Parsing system.log
T00 ERR ... Reading Coordinates and occupationnumbers and energies from QMMM/frame_798500/job_0_ACETONE_0:n/system.log
T00 ERR ... Getting the coordinates
T00 ERR ... DFT with 0.25 of HF exchange!
T00 ERR ... QM energy[Hrt]: -193.031747 
T00 ERR ... Done reading Log file
T00 ERR ... Reading Molden file
T00 ERR ... Molden file: QMMM/frame_798500/job_0_ACETONE_0:n/system.molden.input
T00 ERR ... Reading atoms using AU units.
T00 ERR ... Basisset specification is ignored.
T00 ERR ... Basissets are specified via the mol2orb.xml options file.
T00 ERR ... Reading molecular orbital coefficients
T00 ERR ... Done parsing molden file
T00 ERR ... Done parsing
T00 ERR ... 2021-7-12 13:51:53 Evaluating polar 1
T00 ERR ... 2021-7-12 13:51:53 Evaluating interaction between polar 1 and qm 0
T00 ERR ... 2021-7-12 13:51:54 Starting Solving for classical polarization with 864 degrees of freedom.
T00 ERR ... 2021-7-12 13:51:54 CG: #iterations: 2, estimated error: 6.100029176e-06
T00 ERR ...   Total static energy [hrt]= -1.06520276
T00 ERR ...   Total polar energy [hrt]= -0.3338678509
T00 ERR ...  Total energy [hrt]= -1.39907061
T00 ERR ... 2021-7-12 13:51:54 Writing checkpoint to checkpoint_iter_3.hdf5
T00 ERR ...  Region:qm 0 is not converged deltaE=-0.00039973323 RMS Dmat=3.923497625e-05 MaxDmat=0.001088086142
T00 ERR ... 2021-7-12 13:51:54 Region:polar 1 is not converged deltaE=2.659331029e-05
T00 ERR ... 2021-7-12 13:51:54 --Total Energy all regions -194.4308179
T00 ERR ... 2021-7-12 13:51:54 --Inter Region SCF Iteration 4 of 50
T00 ERR ... 2021-7-12 13:51:54 Evaluating qm 0
T00 ERR ... 2021-7-12 13:51:54 Evaluating interaction between qm 0 and polar 1
T00 ERR ... Loaded Basis Set def2-tzvp
T00 ERR ... Loaded Basis Set aux-def2-tzvp
T00 ERR ... Running DFT calculation
T00 ERR ... Running Orca job
Reading the input file system.gbw               ... done
Writing the output file system.molden.input     ... done

T00 ERR ... Finished Orca job
T00 ERR ... 2021-7-12 13:52:1 DFT calculation took 7.160844435 seconds.
T00 ERR ... Parsing system.log
T00 ERR ... Reading Coordinates and occupationnumbers and energies from QMMM/frame_798500/job_0_ACETONE_0:n/system.log
T00 ERR ... Getting the coordinates
T00 ERR ... DFT with 0.25 of HF exchange!
T00 ERR ... QM energy[Hrt]: -193.031774 
T00 ERR ... Done reading Log file
T00 ERR ... Reading Molden file
T00 ERR ... Molden file: QMMM/frame_798500/job_0_ACETONE_0:n/system.molden.input
T00 ERR ... Reading atoms using AU units.
T00 ERR ... Basisset specification is ignored.
T00 ERR ... Basissets are specified via the mol2orb.xml options file.
T00 ERR ... Reading molecular orbital coefficients
T00 ERR ... Done parsing molden file
T00 ERR ... Done parsing
T00 ERR ... 2021-7-12 13:52:1 Evaluating polar 1
T00 ERR ... 2021-7-12 13:52:1 Evaluating interaction between polar 1 and qm 0
T00 ERR ... 2021-7-12 13:52:2 Starting Solving for classical polarization with 864 degrees of freedom.
T00 ERR ... 2021-7-12 13:52:2 CG: #iterations: 0, estimated error: 7.799879845e-06
T00 ERR ...   Total static energy [hrt]= -1.06520276
T00 ERR ...   Total polar energy [hrt]= -0.3338661756
T00 ERR ...  Total energy [hrt]= -1.399068935
T00 ERR ... 2021-7-12 13:52:2 Writing checkpoint to checkpoint_iter_4.hdf5
T00 ERR ...  Region:qm 0 is not converged deltaE=-2.6693666e-05 RMS Dmat=2.840625035e-06 MaxDmat=8.077037201e-05
T00 ERR ... 2021-7-12 13:52:2 Region:polar 1 is converged deltaE=1.675296773e-06
T00 ERR ... 2021-7-12 13:52:2 --Total Energy all regions -194.4308429
T00 ERR ... 2021-7-12 13:52:2 --Inter Region SCF Iteration 5 of 50
T00 ERR ... 2021-7-12 13:52:2 Evaluating qm 0
T00 ERR ... 2021-7-12 13:52:2 Evaluating interaction between qm 0 and polar 1
T00 ERR ... Loaded Basis Set def2-tzvp
T00 ERR ... Loaded Basis Set aux-def2-tzvp
T00 ERR ... Running DFT calculation
T00 ERR ... Running Orca job
Reading the input file system.gbw               ... done
Writing the output file system.molden.input     ... done

T00 ERR ... Finished Orca job
T00 ERR ... 2021-7-12 13:52:7 DFT calculation took 5.114631485 seconds.
T00 ERR ... Parsing system.log
T00 ERR ... Reading Coordinates and occupationnumbers and energies from QMMM/frame_798500/job_0_ACETONE_0:n/system.log
T00 ERR ... Getting the coordinates
T00 ERR ... DFT with 0.25 of HF exchange!
T00 ERR ... QM energy[Hrt]: -193.031776 
T00 ERR ... Done reading Log file
T00 ERR ... Reading Molden file
T00 ERR ... Molden file: QMMM/frame_798500/job_0_ACETONE_0:n/system.molden.input
T00 ERR ... Reading atoms using AU units.
T00 ERR ... Basisset specification is ignored.
T00 ERR ... Basissets are specified via the mol2orb.xml options file.
T00 ERR ... Reading molecular orbital coefficients
T00 ERR ... Done parsing molden file
T00 ERR ... Done parsing
T00 ERR ... 2021-7-12 13:52:7 Evaluating polar 1
T00 ERR ... 2021-7-12 13:52:7 Evaluating interaction between polar 1 and qm 0
T00 ERR ... 2021-7-12 13:52:8 Starting Solving for classical polarization with 864 degrees of freedom.
T00 ERR ... 2021-7-12 13:52:8 CG: #iterations: 0, estimated error: 8.000805276e-06
T00 ERR ...   Total static energy [hrt]= -1.06520276
T00 ERR ...   Total polar energy [hrt]= -0.3338661756
T00 ERR ...  Total energy [hrt]= -1.399068935
T00 ERR ... 2021-7-12 13:52:8 Writing checkpoint to checkpoint_iter_5.hdf5
T00 ERR ...  Region:qm 0 is converged deltaE=-1.681715986e-06 RMS Dmat=1.097772446e-07 MaxDmat=2.938698711e-06
T00 ERR ... 2021-7-12 13:52:8 Region:polar 1 is converged deltaE=0
T00 ERR ... 2021-7-12 13:52:8 --Total Energy all regions -194.4308446
T00 ERR ... 2021-7-12 13:52:8 Job converged after 5 iterations.
T00 ERR ... Reporting job results

T00 ERR ... Requesting next job
T00 ERR ... Next job: ID = 1=> [50%] 
T00 ERR ... Initial state: s1
T00 ERR ... Using overlap filter with threshold 0.8
T00 ERR ...  Regions created
T00 ERR ... Id: 0 type: qm size: 1 charge[e]= 0
T00 ERR ... Id: 1 type: polar size: 96 charge[e]= 0
T00 ERR ... 2021-7-12 13:52:8 Writing jobtopology to QMMM/frame_798500/job_1_ACETONE_0:s1/regions.pdb
T00 ERR ... 2021-7-12 13:52:8 --Inter Region SCF Iteration 1 of 50
T00 ERR ... 2021-7-12 13:52:8 Evaluating qm 0
T00 ERR ... 2021-7-12 13:52:8 Evaluating interaction between qm 0 and polar 1
T00 ERR ... Loaded Basis Set def2-tzvp
T00 ERR ... Loaded Basis Set aux-def2-tzvp
T00 ERR ... Running DFT calculation
T00 ERR ... Running Orca job
Reading the input file system.gbw               ... done
Writing the output file system.molden.input     ... done

T00 ERR ... Finished Orca job
T00 ERR ... 2021-7-12 13:52:28 DFT calculation took 19.94873101 seconds.
T00 ERR ... Parsing system.log
T00 ERR ... Reading Coordinates and occupationnumbers and energies from QMMM/frame_798500/job_1_ACETONE_0:s1/system.log
T00 ERR ... Getting the coordinates
T00 ERR ... DFT with 0.25 of HF exchange!
T00 ERR ... QM energy[Hrt]: -193.025298 
T00 ERR ... Done reading Log file
T00 ERR ... Reading Molden file
T00 ERR ... Molden file: QMMM/frame_798500/job_1_ACETONE_0:s1/system.molden.input
T00 ERR ... Reading atoms using AU units.
T00 ERR ... Basisset specification is ignored.
T00 ERR ... Basissets are specified via the mol2orb.xml options file.
T00 ERR ... Reading molecular orbital coefficients
T00 ERR ... Done parsing molden file
T00 ERR ... Done parsing
T00 ERR ... 2021-7-12 13:52:28 RPA level range [0:159]
T00 ERR ... 2021-7-12 13:52:28 GW  level range [0:46]
T00 ERR ... 2021-7-12 13:52:28 BSE level range occ[0:15]  virt[16:46]
T00 ERR ...  BSE type: full
T00 ERR ... 2021-7-12 13:52:28 BSE Hamiltonian has size 992x992
T00 ERR ...  BSE without Hqp offdiagonal elements
T00 ERR ...  Running GW as: evGW
T00 ERR ...  g_sc_limit [Hartree]: 1e-05
T00 ERR ...  gw_sc_limit [Hartree]: 1e-05
T00 ERR ...  Tasks: 
T00 ERR ...  GW 
T00 ERR ...  singlets 
T00 ERR ...  Store: 
T00 ERR ...  GW 
T00 ERR ...  Sigma integration: ppm
T00 ERR ...  eta: 0.001
T00 ERR ...  Quadrature integration order : 12
T00 ERR ...  Quadrature integration scheme : legendre
T00 ERR ...  Alpha smoothing parameter : 0.001
T00 ERR ...  QP solver: grid
T00 ERR ...  QP grid steps: 1001
T00 ERR ...  QP grid spacing: 0.001
T00 ERR ...  evGW with Anderson update with history 20 using alpha 0.7
T00 ERR ... 2021-7-12 13:52:28 Using 6 threads
T00 ERR ... 2021-7-12 13:52:28 Using MKL overload for Eigen 
T00 ERR ... 2021-7-12 13:52:28 Using CUDA support for tensor multiplication with 1 GPUs.
T00 ERR ... 2021-7-12 13:52:28 Molecule Coordinates [A] 
T00 ERR ...     0    O   0.3478 9.8486 2.4991
T00 ERR ...     1    C   0.6479 9.3519 1.4423
T00 ERR ...     2    C   0.4536 10.0819 0.1388
T00 ERR ...     3    C   1.2353 7.9673 1.3542
T00 ERR ...     4    H   0.1460 11.1087 0.3270
T00 ERR ...     5    H   1.3705 10.0661 -0.4570
T00 ERR ...     6    H   -0.3164 9.5758 -0.4522
T00 ERR ...     7    H   1.2308 7.4963 2.3351
T00 ERR ...     8    H   2.2631 8.0266 0.9836
T00 ERR ...     9    H   0.6773 7.3558 0.6397
T00 ERR ... 2021-7-12 13:52:28 DFT data was created by orca
T00 ERR ... 2021-7-12 13:52:28 Loaded DFT Basis Set def2-tzvp
T00 ERR ... 2021-7-12 13:52:28 Filled DFT Basis of size 160
T00 ERR ... 2021-7-12 13:52:28 Loaded Auxbasis Set aux-def2-tzvp
T00 ERR ... 2021-7-12 13:52:28 Filled Auxbasis of size 394
T00 ERR ... 2021-7-12 13:52:28 Calculating Mmn_beta (3-center-repulsion x orbitals)  
T00 ERR ... 2021-7-12 13:52:28 Calculated Mmn_beta (3-center-repulsion x orbitals)  
T00 ERR ... 2021-7-12 13:52:28 Integrating Vxc with functional XC_HYB_GGA_XC_PBEH
T00 ERR ... 2021-7-12 13:52:29 Set hybrid exchange factor: 0.25
T00 ERR ... 2021-7-12 13:52:29 Calculated exchange-correlation expectation values 
T00 ERR ... 2021-7-12 13:52:29 Calculated Hartree exchange contribution
T00 ERR ... 2021-7-12 13:52:29 Scissor shifting DFT energies by: 0 Hrt
T00 ERR ...   ====== Perturbative quasiparticle energies (Hartree) ====== 
T00 ERR ...    DeltaHLGap = +0.189272 Hartree
T00 ERR ...   Level =    0 DFT = -19.1997 VXC = -2.3189 S-X = -3.6595 S-C = +0.7104 GWA = -19.8299
T00 ERR ...   Level =    1 DFT = -10.3165 VXC = -1.7071 S-X = -2.6759 S-C = +0.4465 GWA = -10.8387
T00 ERR ...   Level =    2 DFT = -10.2138 VXC = -1.7075 S-X = -2.6758 S-C = +0.4529 GWA = -10.7293
T00 ERR ...   Level =    3 DFT = -10.2122 VXC = -1.7074 S-X = -2.6758 S-C = +0.4534 GWA = -10.7271
T00 ERR ...   Level =    4 DFT = -1.0834 VXC = -0.6159 S-X = -0.9277 S-C = +0.2222 GWA = -1.1729
T00 ERR ...   Level =    5 DFT = -0.7878 VXC = -0.4716 S-X = -0.7028 S-C = +0.1196 GWA = -0.8995
T00 ERR ...   Level =    6 DFT = -0.7238 VXC = -0.4572 S-X = -0.6762 S-C = +0.1022 GWA = -0.8407
T00 ERR ...   Level =    7 DFT = -0.5493 VXC = -0.4909 S-X = -0.6732 S-C = +0.0736 GWA = -0.6580
T00 ERR ...   Level =    8 DFT = -0.4755 VXC = -0.4564 S-X = -0.6122 S-C = +0.0550 GWA = -0.5762
T00 ERR ...   Level =    9 DFT = -0.4724 VXC = -0.4646 S-X = -0.6175 S-C = +0.0502 GWA = -0.5752
T00 ERR ...   Level =   10 DFT = -0.4708 VXC = -0.4413 S-X = -0.5870 S-C = +0.0418 GWA = -0.5746
T00 ERR ...   Level =   11 DFT = -0.4070 VXC = -0.4434 S-X = -0.5816 S-C = +0.0333 GWA = -0.5119
T00 ERR ...   Level =   12 DFT = -0.4030 VXC = -0.4065 S-X = -0.5351 S-C = +0.0215 GWA = -0.5101
T00 ERR ...   Level =   13 DFT = -0.3819 VXC = -0.4270 S-X = -0.5570 S-C = +0.0243 GWA = -0.4876
T00 ERR ...   Level =   14 DFT = -0.3709 VXC = -0.4784 S-X = -0.5996 S-C = +0.0284 GWA = -0.4638
T00 ERR ...   HOMO  =   15 DFT = -0.2710 VXC = -0.5323 S-X = -0.6738 S-C = +0.0567 GWA = -0.3559
T00 ERR ...   LUMO  =   16 DFT = -0.0122 VXC = -0.4236 S-X = -0.2497 S-C = -0.0694 GWA = +0.0922
T00 ERR ...   Level =   17 DFT = +0.0594 VXC = -0.1572 S-X = -0.0596 S-C = -0.0296 GWA = +0.1274
T00 ERR ...   Level =   18 DFT = +0.1116 VXC = -0.1596 S-X = -0.0616 S-C = -0.0279 GWA = +0.1817
T00 ERR ...   Level =   19 DFT = +0.1220 VXC = -0.1928 S-X = -0.0789 S-C = -0.0337 GWA = +0.2021
T00 ERR ...   Level =   20 DFT = +0.1378 VXC = -0.1834 S-X = -0.0716 S-C = -0.0344 GWA = +0.2152
T00 ERR ...   Level =   21 DFT = +0.1492 VXC = -0.1964 S-X = -0.0805 S-C = -0.0357 GWA = +0.2293
T00 ERR ...   Level =   22 DFT = +0.1532 VXC = -0.1890 S-X = -0.0744 S-C = -0.0342 GWA = +0.2336
T00 ERR ...   Level =   23 DFT = +0.1662 VXC = -0.1870 S-X = -0.0727 S-C = -0.0350 GWA = +0.2455
T00 ERR ...   Level =   24 DFT = +0.1702 VXC = -0.2011 S-X = -0.0830 S-C = -0.0377 GWA = +0.2506
T00 ERR ...   Level =   25 DFT = +0.2042 VXC = -0.1847 S-X = -0.0679 S-C = -0.0336 GWA = +0.2874
T00 ERR ...   Level =   26 DFT = +0.2228 VXC = -0.1578 S-X = -0.0502 S-C = -0.0298 GWA = +0.3006
T00 ERR ...   Level =   27 DFT = +0.2366 VXC = -0.1703 S-X = -0.0536 S-C = -0.0370 GWA = +0.3164
T00 ERR ...   Level =   28 DFT = +0.2432 VXC = -0.1634 S-X = -0.0514 S-C = -0.0333 GWA = +0.3219
T00 ERR ...   Level =   29 DFT = +0.3165 VXC = -0.2652 S-X = -0.1130 S-C = -0.0611 GWA = +0.4076
T00 ERR ...   Level =   30 DFT = +0.3199 VXC = -0.1672 S-X = -0.0495 S-C = -0.0364 GWA = +0.4013
T00 ERR ...   Level =   31 DFT = +0.3242 VXC = -0.1696 S-X = -0.0520 S-C = -0.0305 GWA = +0.4114
T00 ERR ...   Level =   32 DFT = +0.3796 VXC = -0.2218 S-X = -0.0862 S-C = -0.0455 GWA = +0.4698
T00 ERR ...   Level =   33 DFT = +0.3862 VXC = -0.2331 S-X = -0.0920 S-C = -0.0504 GWA = +0.4769
T00 ERR ...   Level =   34 DFT = +0.4180 VXC = -0.3228 S-X = -0.1426 S-C = -0.0785 GWA = +0.5198
T00 ERR ...   Level =   35 DFT = +0.4262 VXC = -0.3088 S-X = -0.1366 S-C = -0.0728 GWA = +0.5255
T00 ERR ...   Level =   36 DFT = +0.4362 VXC = -0.2493 S-X = -0.0965 S-C = -0.0564 GWA = +0.5326
T00 ERR ...   Level =   37 DFT = +0.4540 VXC = -0.2072 S-X = -0.0730 S-C = -0.0465 GWA = +0.5418
T00 ERR ...   Level =   38 DFT = +0.4614 VXC = -0.2197 S-X = -0.0783 S-C = -0.0515 GWA = +0.5513
T00 ERR ...   Level =   39 DFT = +0.4867 VXC = -0.2567 S-X = -0.0961 S-C = -0.0637 GWA = +0.5836
T00 ERR ...   Level =   40 DFT = +0.4904 VXC = -0.2878 S-X = -0.1095 S-C = -0.0763 GWA = +0.5926
T00 ERR ...   Level =   41 DFT = +0.5110 VXC = -0.3123 S-X = -0.1239 S-C = -0.0822 GWA = +0.6173
T00 ERR ...   Level =   42 DFT = +0.5443 VXC = -0.2597 S-X = -0.0903 S-C = -0.0684 GWA = +0.6453
T00 ERR ...   Level =   43 DFT = +0.5841 VXC = -0.3680 S-X = -0.1527 S-C = -0.0996 GWA = +0.6999
T00 ERR ...   Level =   44 DFT = +0.5977 VXC = -0.3009 S-X = -0.1077 S-C = -0.0856 GWA = +0.7053
T00 ERR ...   Level =   45 DFT = +0.6265 VXC = -0.2538 S-X = -0.0832 S-C = -0.0662 GWA = +0.7309
T00 ERR ...   Level =   46 DFT = +0.6755 VXC = -0.3080 S-X = -0.1090 S-C = -0.0788 GWA = +0.7957
T00 ERR ... 2021-7-12 13:52:53 Calculated offdiagonal part of Sigma  
T00 ERR ... 2021-7-12 13:52:53 Full quasiparticle Hamiltonian  
T00 ERR ...   ====== Diagonalized quasiparticle energies (Hartree) ====== 
T00 ERR ...   Level =    0 PQP = -19.829931 DQP = -19.829954 
T00 ERR ...   Level =    1 PQP = -10.838720 DQP = -10.838757 
T00 ERR ...   Level =    2 PQP = -10.729265 DQP = -10.729296 
T00 ERR ...   Level =    3 PQP = -10.727128 DQP = -10.727159 
T00 ERR ...   Level =    4 PQP = -1.172907 DQP = -1.173089 
T00 ERR ...   Level =    5 PQP = -0.899469 DQP = -0.899930 
T00 ERR ...   Level =    6 PQP = -0.840733 DQP = -0.841253 
T00 ERR ...   Level =    7 PQP = -0.658006 DQP = -0.657810 
T00 ERR ...   Level =    8 PQP = -0.576207 DQP = -0.577856 
T00 ERR ...   Level =    9 PQP = -0.575161 DQP = -0.575791 
T00 ERR ...   Level =   10 PQP = -0.574642 DQP = -0.574896 
T00 ERR ...   Level =   11 PQP = -0.511870 DQP = -0.510655 
T00 ERR ...   Level =   12 PQP = -0.510086 DQP = -0.510019 
T00 ERR ...   Level =   13 PQP = -0.487620 DQP = -0.486857 
T00 ERR ...   Level =   14 PQP = -0.463790 DQP = -0.463281 
T00 ERR ...   HOMO  =   15 PQP = -0.355876 DQP = -0.355871 
T00 ERR ...   LUMO  =   16 PQP = +0.092183 DQP = +0.091600 
T00 ERR ...   Level =   17 PQP = +0.127370 DQP = +0.125782 
T00 ERR ...   Level =   18 PQP = +0.181725 DQP = +0.179965 
T00 ERR ...   Level =   19 PQP = +0.202146 DQP = +0.199759 
T00 ERR ...   Level =   20 PQP = +0.215207 DQP = +0.213359 
T00 ERR ...   Level =   21 PQP = +0.229332 DQP = +0.226311 
T00 ERR ...   Level =   22 PQP = +0.233618 DQP = +0.231320 
T00 ERR ...   Level =   23 PQP = +0.245482 DQP = +0.243293 
T00 ERR ...   Level =   24 PQP = +0.250645 DQP = +0.252001 
T00 ERR ...   Level =   25 PQP = +0.287413 DQP = +0.286267 
T00 ERR ...   Level =   26 PQP = +0.300627 DQP = +0.300528 
T00 ERR ...   Level =   27 PQP = +0.316362 DQP = +0.316316 
T00 ERR ...   Level =   28 PQP = +0.321906 DQP = +0.322086 
T00 ERR ...   Level =   29 PQP = +0.407571 DQP = +0.400520 
T00 ERR ...   Level =   30 PQP = +0.401271 DQP = +0.407385 
T00 ERR ...   Level =   31 PQP = +0.411394 DQP = +0.411138 
T00 ERR ...   Level =   32 PQP = +0.469760 DQP = +0.468906 
T00 ERR ...   Level =   33 PQP = +0.476864 DQP = +0.476442 
T00 ERR ...   Level =   34 PQP = +0.519798 DQP = +0.521426 
T00 ERR ...   Level =   35 PQP = +0.525535 DQP = +0.525994 
T00 ERR ...   Level =   36 PQP = +0.532626 DQP = +0.532132 
T00 ERR ...   Level =   37 PQP = +0.541764 DQP = +0.544706 
T00 ERR ...   Level =   38 PQP = +0.551267 DQP = +0.554915 
T00 ERR ...   Level =   39 PQP = +0.583591 DQP = +0.585739 
T00 ERR ...   Level =   40 PQP = +0.592561 DQP = +0.595183 
T00 ERR ...   Level =   41 PQP = +0.617324 DQP = +0.619797 
T00 ERR ...   Level =   42 PQP = +0.645324 DQP = +0.645909 
T00 ERR ...   Level =   43 PQP = +0.699852 DQP = +0.696627 
T00 ERR ...   Level =   44 PQP = +0.705331 DQP = +0.710550 
T00 ERR ...   Level =   45 PQP = +0.730874 DQP = +0.731648 
T00 ERR ...   Level =   46 PQP = +0.795690 DQP = +0.795870 
T00 ERR ... 2021-7-12 13:52:53 Diagonalized QP Hamiltonian  
T00 ERR ... 2021-7-12 13:52:53 GW calculation took 24.54634221 seconds.
T00 ERR ... 2021-7-12 13:52:53 Setup Full singlet hamiltonian 
T00 ERR ... 2021-7-12 13:52:53 Davidson Solver using 6 threads.
T00 ERR ... 2021-7-12 13:52:53 Tolerance : 0.0001
T00 ERR ... 2021-7-12 13:52:53 DPR Correction
T00 ERR ... 2021-7-12 13:52:53 Matrix size : 992x992
T00 ERR ... 2021-7-12 13:52:53 iter	Search Space	Norm
T00 ERR ... 2021-7-12 13:52:53    0           24 	 2.61e-01 	  0.00% converged
T00 ERR ... 2021-7-12 13:52:53    1           42 	 2.90e-02 	  0.00% converged
T00 ERR ... 2021-7-12 13:52:53    2           60 	 1.46e-02 	  0.00% converged
T00 ERR ... 2021-7-12 13:52:53    3           78 	 1.83e-03 	  8.33% converged
T00 ERR ... 2021-7-12 13:52:53    4           95 	 1.73e-04 	 75.00% converged
T00 ERR ... 2021-7-12 13:52:53    5          103 	 9.12e-05 	 100.00% converged
T00 ERR ... 2021-7-12 13:52:53 Davidson converged after 5 iterations.
T00 ERR ... 2021-7-12 13:52:53-----------------------------------
T00 ERR ... 2021-7-12 13:52:53- Davidson ran for 0.302909536secs.
T00 ERR ... 2021-7-12 13:52:53-----------------------------------
T00 ERR ... 2021-7-12 13:52:53 Solved BSE for singlets 
T00 ERR ...   ====== singlet energies (eV) ====== 
T00 ERR ...   S =    1 Omega = +4.448818644201 eV  lamdba = +278.73 nm <FT> = +12.4135 <K_x> = +0.5391 <K_d> = -8.5038
T00 ERR ...            TrDipole length gauge[e*bohr]  dx = +0.0012 dy = -0.0029 dz = +0.0001 |d|^2 = +0.0000 f = +0.0000
T00 ERR ...            HOMO-0   -> LUMO+0    : 97.7%
T00 ERR ... 
T00 ERR ...   S =    2 Omega = +7.920845344388 eV  lamdba = +156.55 nm <FT> = +13.4155 <K_x> = +0.1924 <K_d> = -5.6871
T00 ERR ...            TrDipole length gauge[e*bohr]  dx = -0.1292 dy = +0.2978 dz = -0.1981 |d|^2 = +0.1446 f = +0.0281
T00 ERR ...            HOMO-0   -> LUMO+1    : 93.6%
T00 ERR ... 
T00 ERR ...   S =    3 Omega = +9.173119697842 eV  lamdba = +135.18 nm <FT> = +16.0448 <K_x> = +0.2927 <K_d> = -7.1643
T00 ERR ...            TrDipole length gauge[e*bohr]  dx = -0.0233 dy = +0.0387 dz = +0.0863 |d|^2 = +0.0095 f = +0.0021
T00 ERR ...            HOMO-2   -> LUMO+0    : 88.8%
T00 ERR ... 
T00 ERR ...   S =    4 Omega = +9.309358208755 eV  lamdba = +133.20 nm <FT> = +15.8635 <K_x> = +1.0052 <K_d> = -7.5593
T00 ERR ...            TrDipole length gauge[e*bohr]  dx = +0.1886 dy = -0.3420 dz = -0.6782 |d|^2 = +0.6125 f = +0.1397
T00 ERR ...            HOMO-1   -> LUMO+0    : 70.8%
T00 ERR ... 
T00 ERR ...   S =    5 Omega = +9.469806296362 eV  lamdba = +130.94 nm <FT> = +16.9766 <K_x> = +0.6457 <K_d> = -8.1525
T00 ERR ...            TrDipole length gauge[e*bohr]  dx = +0.0602 dy = -0.0173 dz = -0.0609 |d|^2 = +0.0076 f = +0.0018
T00 ERR ...            HOMO-4   -> LUMO+0    : 80.2%
T00 ERR ... 
T00 ERR ...   S =    6 Omega = +9.744777458186 eV  lamdba = +127.25 nm <FT> = +15.4794 <K_x> = +0.1852 <K_d> = -5.9198
T00 ERR ...            TrDipole length gauge[e*bohr]  dx = -0.0389 dy = +0.2085 dz = -0.2815 |d|^2 = +0.1242 f = +0.0297
T00 ERR ...            HOMO-0   -> LUMO+3    : 80.6%
T00 ERR ... 
T00 ERR ...   S =    7 Omega = +10.012276513688 eV  lamdba = +123.85 nm <FT> = +15.3808 <K_x> = +0.3535 <K_d> = -5.7220
T00 ERR ...            TrDipole length gauge[e*bohr]  dx = +0.0615 dy = -0.1226 dz = -0.4402 |d|^2 = +0.2126 f = +0.0521
T00 ERR ...            HOMO-0   -> LUMO+2    : 58.7%
T00 ERR ... 
T00 ERR ...   S =    8 Omega = +10.310880521982 eV  lamdba = +120.26 nm <FT> = +16.2901 <K_x> = +0.3107 <K_d> = -6.2900
T00 ERR ...            TrDipole length gauge[e*bohr]  dx = -0.0216 dy = -0.0616 dz = -0.1057 |d|^2 = +0.0154 f = +0.0039
T00 ERR ...            HOMO-3   -> LUMO+0    : 58.2%
T00 ERR ... 
T00 ERR ...   S =    9 Omega = +10.465594320826 eV  lamdba = +118.48 nm <FT> = +15.8968 <K_x> = +0.2514 <K_d> = -5.6827
T00 ERR ...            TrDipole length gauge[e*bohr]  dx = -0.1888 dy = +0.3839 dz = +0.1240 |d|^2 = +0.1984 f = +0.0509
T00 ERR ...            HOMO-0   -> LUMO+4    : 64.8%
T00 ERR ... 
T00 ERR ...   S =   10 Omega = +10.562335694876 eV  lamdba = +117.40 nm <FT> = +16.2029 <K_x> = +0.2814 <K_d> = -5.9219
T00 ERR ...            TrDipole length gauge[e*bohr]  dx = -0.2389 dy = +0.4683 dz = -0.2562 |d|^2 = +0.3420 f = +0.0885
T00 ERR ...            HOMO-0   -> LUMO+5    : 53.1%
T00 ERR ... 
T00 ERR ...   S =   11 Omega = +10.766119779627 eV  lamdba = +115.18 nm <FT> = +16.4180 <K_x> = +0.3586 <K_d> = -6.0105
T00 ERR ...            TrDipole length gauge[e*bohr]  dx = -0.4712 dy = +0.0152 dz = -0.0748 |d|^2 = +0.2279 f = +0.0601
T00 ERR ...            HOMO-1   -> LUMO+1    : 88.8%
T00 ERR ... 
T00 ERR ...   S =   12 Omega = +10.809707433558 eV  lamdba = +114.71 nm <FT> = +16.4545 <K_x> = +0.3695 <K_d> = -6.0143
T00 ERR ...            TrDipole length gauge[e*bohr]  dx = -0.2291 dy = +0.5076 dz = -0.6926 |d|^2 = +0.7898 f = +0.2092
T00 ERR ... 
T00 ERR ... 2021-7-12 13:52:53 BSE calculation took 0.403268801 seconds.
T00 ERR ... 2021-7-12 13:52:53 GWBSE calculation finished 
T00 ERR ... Filter overlap not used in first iteration as it needs a reference state
T00 ERR ... No State found by tracker using last state: s1
T00 ERR ... 2021-7-12 13:52:53 Evaluating polar 1
T00 ERR ... 2021-7-12 13:52:53 Evaluating interaction between polar 1 and qm 0
T00 ERR ... Next State is: s1
T00 ERR ... 2021-7-12 13:52:54 Starting Solving for classical polarization with 864 degrees of freedom.
T00 ERR ... 2021-7-12 13:52:54 CG: #iterations: 7, estimated error: 3.512169548e-06
T00 ERR ...   Total static energy [hrt]= -1.06520276
T00 ERR ...   Total polar energy [hrt]= -0.3367952141
T00 ERR ...  Total energy [hrt]= -1.401997974
T00 ERR ... 2021-7-12 13:52:54 Writing checkpoint to checkpoint_iter_1.hdf5
T00 ERR ...  Region:qm 0 is not converged deltaE=-192.8618066 RMS Dmat=0.02393419482 MaxDmat=0.9412423287
T00 ERR ... 2021-7-12 13:52:54 Region:polar 1 is not converged deltaE=-1.401997974
T00 ERR ... 2021-7-12 13:52:54 --Total Energy all regions -194.2638046
T00 ERR ... 2021-7-12 13:52:54 --Inter Region SCF Iteration 2 of 50
T00 ERR ... 2021-7-12 13:52:54 Evaluating qm 0
T00 ERR ... 2021-7-12 13:52:54 Evaluating interaction between qm 0 and polar 1
T00 ERR ... Loaded Basis Set def2-tzvp
T00 ERR ... Loaded Basis Set aux-def2-tzvp
T00 ERR ... Running DFT calculation
T00 ERR ... Running Orca job
Reading the input file system.gbw               ... done
Writing the output file system.molden.input     ... done

T00 ERR ... Finished Orca job
T00 ERR ... 2021-7-12 13:53:10 DFT calculation took 16.30289713 seconds.
T00 ERR ... Parsing system.log
T00 ERR ... Reading Coordinates and occupationnumbers and energies from QMMM/frame_798500/job_1_ACETONE_0:s1/system.log
T00 ERR ... Getting the coordinates
T00 ERR ... DFT with 0.25 of HF exchange!
T00 ERR ... QM energy[Hrt]: -193.027401 
T00 ERR ... Done reading Log file
T00 ERR ... Reading Molden file
T00 ERR ... Molden file: QMMM/frame_798500/job_1_ACETONE_0:s1/system.molden.input
T00 ERR ... Reading atoms using AU units.
T00 ERR ... Basisset specification is ignored.
T00 ERR ... Basissets are specified via the mol2orb.xml options file.
T00 ERR ... Reading molecular orbital coefficients
T00 ERR ... Done parsing molden file
T00 ERR ... Done parsing
T00 ERR ... 2021-7-12 13:53:10 RPA level range [0:159]
T00 ERR ... 2021-7-12 13:53:10 GW  level range [0:46]
T00 ERR ... 2021-7-12 13:53:10 BSE level range occ[0:15]  virt[16:46]
T00 ERR ...  BSE type: full
T00 ERR ... 2021-7-12 13:53:10 BSE Hamiltonian has size 992x992
T00 ERR ...  BSE without Hqp offdiagonal elements
T00 ERR ...  Running GW as: evGW
T00 ERR ...  g_sc_limit [Hartree]: 1e-05
T00 ERR ...  gw_sc_limit [Hartree]: 1e-05
T00 ERR ...  Tasks: 
T00 ERR ...  GW 
T00 ERR ...  singlets 
T00 ERR ...  Store: 
T00 ERR ...  GW 
T00 ERR ...  Sigma integration: ppm
T00 ERR ...  eta: 0.001
T00 ERR ...  Quadrature integration order : 12
T00 ERR ...  Quadrature integration scheme : legendre
T00 ERR ...  Alpha smoothing parameter : 0.001
T00 ERR ...  QP solver: grid
T00 ERR ...  QP grid steps: 1001
T00 ERR ...  QP grid spacing: 0.001
T00 ERR ...  evGW with Anderson update with history 20 using alpha 0.7
T00 ERR ... 2021-7-12 13:53:10 Using 6 threads
T00 ERR ... 2021-7-12 13:53:10 Using MKL overload for Eigen 
T00 ERR ... 2021-7-12 13:53:10 Using CUDA support for tensor multiplication with 1 GPUs.
T00 ERR ... 2021-7-12 13:53:10 Molecule Coordinates [A] 
T00 ERR ...     0    O   0.3478 9.8486 2.4991
T00 ERR ...     1    C   0.6479 9.3519 1.4423
T00 ERR ...     2    C   0.4536 10.0819 0.1388
T00 ERR ...     3    C   1.2353 7.9673 1.3542
T00 ERR ...     4    H   0.1460 11.1087 0.3270
T00 ERR ...     5    H   1.3705 10.0661 -0.4570
T00 ERR ...     6    H   -0.3164 9.5758 -0.4522
T00 ERR ...     7    H   1.2308 7.4963 2.3351
T00 ERR ...     8    H   2.2631 8.0266 0.9836
T00 ERR ...     9    H   0.6773 7.3558 0.6397
T00 ERR ... 2021-7-12 13:53:10 DFT data was created by orca
T00 ERR ... 2021-7-12 13:53:10 Loaded DFT Basis Set def2-tzvp
T00 ERR ... 2021-7-12 13:53:10 Filled DFT Basis of size 160
T00 ERR ... 2021-7-12 13:53:10 Loaded Auxbasis Set aux-def2-tzvp
T00 ERR ... 2021-7-12 13:53:10 Filled Auxbasis of size 394
T00 ERR ... 2021-7-12 13:53:10 Calculating Mmn_beta (3-center-repulsion x orbitals)  
T00 ERR ... 2021-7-12 13:53:11 Calculated Mmn_beta (3-center-repulsion x orbitals)  
T00 ERR ... 2021-7-12 13:53:11 Integrating Vxc with functional XC_HYB_GGA_XC_PBEH
T00 ERR ... 2021-7-12 13:53:11 Set hybrid exchange factor: 0.25
T00 ERR ... 2021-7-12 13:53:12 Calculated exchange-correlation expectation values 
T00 ERR ... 2021-7-12 13:53:12 Calculated Hartree exchange contribution
T00 ERR ... 2021-7-12 13:53:12 Scissor shifting DFT energies by: 0 Hrt
T00 ERR ...   ====== Perturbative quasiparticle energies (Hartree) ====== 
T00 ERR ...    DeltaHLGap = +0.189231 Hartree
T00 ERR ...   Level =    0 DFT = -19.2055 VXC = -2.3190 S-X = -3.6595 S-C = +0.7104 GWA = -19.8357
T00 ERR ...   Level =    1 DFT = -10.3220 VXC = -1.7071 S-X = -2.6759 S-C = +0.4466 GWA = -10.8442
T00 ERR ...   Level =    2 DFT = -10.2175 VXC = -1.7075 S-X = -2.6758 S-C = +0.4530 GWA = -10.7329
T00 ERR ...   Level =    3 DFT = -10.2168 VXC = -1.7074 S-X = -2.6758 S-C = +0.4530 GWA = -10.7321
T00 ERR ...   Level =    4 DFT = -1.0894 VXC = -0.6160 S-X = -0.9278 S-C = +0.2223 GWA = -1.1789
T00 ERR ...   Level =    5 DFT = -0.7924 VXC = -0.4717 S-X = -0.7030 S-C = +0.1197 GWA = -0.9040
T00 ERR ...   Level =    6 DFT = -0.7283 VXC = -0.4572 S-X = -0.6763 S-C = +0.1022 GWA = -0.8451
T00 ERR ...   Level =    7 DFT = -0.5544 VXC = -0.4917 S-X = -0.6744 S-C = +0.0740 GWA = -0.6630
T00 ERR ...   Level =    8 DFT = -0.4804 VXC = -0.4558 S-X = -0.6112 S-C = +0.0546 GWA = -0.5811
T00 ERR ...   Level =    9 DFT = -0.4776 VXC = -0.4698 S-X = -0.6243 S-C = +0.0520 GWA = -0.5801
T00 ERR ...   Level =   10 DFT = -0.4758 VXC = -0.4384 S-X = -0.5829 S-C = +0.0409 GWA = -0.5794
T00 ERR ...   Level =   11 DFT = -0.4114 VXC = -0.4415 S-X = -0.5792 S-C = +0.0327 GWA = -0.5165
T00 ERR ...   Level =   12 DFT = -0.4070 VXC = -0.4072 S-X = -0.5359 S-C = +0.0217 GWA = -0.5140
T00 ERR ...   Level =   13 DFT = -0.3863 VXC = -0.4268 S-X = -0.5568 S-C = +0.0242 GWA = -0.4921
T00 ERR ...   Level =   14 DFT = -0.3765 VXC = -0.4776 S-X = -0.5990 S-C = +0.0284 GWA = -0.4695
T00 ERR ...   HOMO  =   15 DFT = -0.2765 VXC = -0.5321 S-X = -0.6735 S-C = +0.0565 GWA = -0.3614
T00 ERR ...   LUMO  =   16 DFT = -0.0178 VXC = -0.4237 S-X = -0.2498 S-C = -0.0696 GWA = +0.0866
T00 ERR ...   Level =   17 DFT = +0.0556 VXC = -0.1574 S-X = -0.0596 S-C = -0.0298 GWA = +0.1235
T00 ERR ...   Level =   18 DFT = +0.1072 VXC = -0.1595 S-X = -0.0615 S-C = -0.0279 GWA = +0.1773
T00 ERR ...   Level =   19 DFT = +0.1173 VXC = -0.1930 S-X = -0.0791 S-C = -0.0337 GWA = +0.1975
T00 ERR ...   Level =   20 DFT = +0.1357 VXC = -0.1833 S-X = -0.0717 S-C = -0.0344 GWA = +0.2129
T00 ERR ...   Level =   21 DFT = +0.1444 VXC = -0.1931 S-X = -0.0784 S-C = -0.0352 GWA = +0.2239
T00 ERR ...   Level =   22 DFT = +0.1491 VXC = -0.1890 S-X = -0.0744 S-C = -0.0341 GWA = +0.2296
T00 ERR ...   Level =   23 DFT = +0.1628 VXC = -0.1839 S-X = -0.0732 S-C = -0.0351 GWA = +0.2384
T00 ERR ...   Level =   24 DFT = +0.1654 VXC = -0.2072 S-X = -0.0841 S-C = -0.0382 GWA = +0.2503
T00 ERR ...   Level =   25 DFT = +0.1989 VXC = -0.1843 S-X = -0.0677 S-C = -0.0335 GWA = +0.2821
T00 ERR ...   Level =   26 DFT = +0.2183 VXC = -0.1575 S-X = -0.0499 S-C = -0.0300 GWA = +0.2960
T00 ERR ...   Level =   27 DFT = +0.2307 VXC = -0.1715 S-X = -0.0540 S-C = -0.0377 GWA = +0.3105
T00 ERR ...   Level =   28 DFT = +0.2375 VXC = -0.1623 S-X = -0.0511 S-C = -0.0326 GWA = +0.3161
T00 ERR ...   Level =   29 DFT = +0.3112 VXC = -0.2443 S-X = -0.0999 S-C = -0.0551 GWA = +0.4005
T00 ERR ...   Level =   30 DFT = +0.3132 VXC = -0.1872 S-X = -0.0623 S-C = -0.0417 GWA = +0.3965
T00 ERR ...   Level =   31 DFT = +0.3216 VXC = -0.1702 S-X = -0.0523 S-C = -0.0306 GWA = +0.4088
T00 ERR ...   Level =   32 DFT = +0.3740 VXC = -0.2209 S-X = -0.0856 S-C = -0.0452 GWA = +0.4641
T00 ERR ...   Level =   33 DFT = +0.3813 VXC = -0.2338 S-X = -0.0923 S-C = -0.0506 GWA = +0.4721
T00 ERR ...   Level =   34 DFT = +0.4130 VXC = -0.3245 S-X = -0.1436 S-C = -0.0789 GWA = +0.5150
T00 ERR ...   Level =   35 DFT = +0.4206 VXC = -0.3083 S-X = -0.1362 S-C = -0.0728 GWA = +0.5199
T00 ERR ...   Level =   36 DFT = +0.4315 VXC = -0.2502 S-X = -0.0973 S-C = -0.0568 GWA = +0.5277
T00 ERR ...   Level =   37 DFT = +0.4489 VXC = -0.2068 S-X = -0.0728 S-C = -0.0463 GWA = +0.5367
T00 ERR ...   Level =   38 DFT = +0.4567 VXC = -0.2211 S-X = -0.0790 S-C = -0.0520 GWA = +0.5468
T00 ERR ...   Level =   39 DFT = +0.4833 VXC = -0.2565 S-X = -0.0961 S-C = -0.0635 GWA = +0.5802
T00 ERR ...   Level =   40 DFT = +0.4877 VXC = -0.2851 S-X = -0.1081 S-C = -0.0754 GWA = +0.5893
T00 ERR ...   Level =   41 DFT = +0.5071 VXC = -0.3107 S-X = -0.1229 S-C = -0.0818 GWA = +0.6130
T00 ERR ...   Level =   42 DFT = +0.5368 VXC = -0.2598 S-X = -0.0904 S-C = -0.0683 GWA = +0.6378
T00 ERR ...   Level =   43 DFT = +0.5794 VXC = -0.3686 S-X = -0.1531 S-C = -0.0998 GWA = +0.6951
T00 ERR ...   Level =   44 DFT = +0.5930 VXC = -0.3005 S-X = -0.1072 S-C = -0.0857 GWA = +0.7007
T00 ERR ...   Level =   45 DFT = +0.6221 VXC = -0.2543 S-X = -0.0837 S-C = -0.0662 GWA = +0.7266
T00 ERR ...   Level =   46 DFT = +0.6708 VXC = -0.3080 S-X = -0.1090 S-C = -0.0789 GWA = +0.7910
T00 ERR ... 2021-7-12 13:53:38 Calculated offdiagonal part of Sigma  
T00 ERR ... 2021-7-12 13:53:38 Full quasiparticle Hamiltonian  
T00 ERR ...   ====== Diagonalized quasiparticle energies (Hartree) ====== 
T00 ERR ...   Level =    0 PQP = -19.835689 DQP = -19.835711 
T00 ERR ...   Level =    1 PQP = -10.844193 DQP = -10.844229 
T00 ERR ...   Level =    2 PQP = -10.732866 DQP = -10.732897 
T00 ERR ...   Level =    3 PQP = -10.732146 DQP = -10.732177 
T00 ERR ...   Level =    4 PQP = -1.178900 DQP = -1.179079 
T00 ERR ...   Level =    5 PQP = -0.903978 DQP = -0.904436 
T00 ERR ...   Level =    6 PQP = -0.845105 DQP = -0.845624 
T00 ERR ...   Level =    7 PQP = -0.663023 DQP = -0.662845 
T00 ERR ...   Level =    8 PQP = -0.581148 DQP = -0.582840 
T00 ERR ...   Level =    9 PQP = -0.580122 DQP = -0.580645 
T00 ERR ...   Level =   10 PQP = -0.579404 DQP = -0.579681 
T00 ERR ...   Level =   11 PQP = -0.516495 DQP = -0.515367 
T00 ERR ...   Level =   12 PQP = -0.513983 DQP = -0.513860 
T00 ERR ...   Level =   13 PQP = -0.492081 DQP = -0.491335 
T00 ERR ...   Level =   14 PQP = -0.469458 DQP = -0.468933 
T00 ERR ...   HOMO  =   15 PQP = -0.361387 DQP = -0.361381 
T00 ERR ...   LUMO  =   16 PQP = +0.086571 DQP = +0.086010 
T00 ERR ...   Level =   17 PQP = +0.123549 DQP = +0.121980 
T00 ERR ...   Level =   18 PQP = +0.177301 DQP = +0.175575 
T00 ERR ...   Level =   19 PQP = +0.197488 DQP = +0.195083 
T00 ERR ...   Level =   20 PQP = +0.212938 DQP = +0.211053 
T00 ERR ...   Level =   21 PQP = +0.223884 DQP = +0.221088 
T00 ERR ...   Level =   22 PQP = +0.229617 DQP = +0.227014 
T00 ERR ...   Level =   23 PQP = +0.238404 DQP = +0.239718 
T00 ERR ...   Level =   24 PQP = +0.250305 DQP = +0.248165 
T00 ERR ...   Level =   25 PQP = +0.282079 DQP = +0.280933 
T00 ERR ...   Level =   26 PQP = +0.295963 DQP = +0.295882 
T00 ERR ...   Level =   27 PQP = +0.310484 DQP = +0.310428 
T00 ERR ...   Level =   28 PQP = +0.316098 DQP = +0.316287 
T00 ERR ...   Level =   29 PQP = +0.400479 DQP = +0.393597 
T00 ERR ...   Level =   30 PQP = +0.396475 DQP = +0.402441 
T00 ERR ...   Level =   31 PQP = +0.408782 DQP = +0.408497 
T00 ERR ...   Level =   32 PQP = +0.464129 DQP = +0.463257 
T00 ERR ...   Level =   33 PQP = +0.472138 DQP = +0.471642 
T00 ERR ...   Level =   34 PQP = +0.514962 DQP = +0.516585 
T00 ERR ...   Level =   35 PQP = +0.519949 DQP = +0.520416 
T00 ERR ...   Level =   36 PQP = +0.527701 DQP = +0.527064 
T00 ERR ...   Level =   37 PQP = +0.536651 DQP = +0.539763 
T00 ERR ...   Level =   38 PQP = +0.546797 DQP = +0.550366 
T00 ERR ...   Level =   39 PQP = +0.580181 DQP = +0.582264 
T00 ERR ...   Level =   40 PQP = +0.589334 DQP = +0.592054 
T00 ERR ...   Level =   41 PQP = +0.613044 DQP = +0.615616 
T00 ERR ...   Level =   42 PQP = +0.637819 DQP = +0.638445 
T00 ERR ...   Level =   43 PQP = +0.695129 DQP = +0.692061 
T00 ERR ...   Level =   44 PQP = +0.700658 DQP = +0.705735 
T00 ERR ...   Level =   45 PQP = +0.726605 DQP = +0.727377 
T00 ERR ...   Level =   46 PQP = +0.790960 DQP = +0.791139 
T00 ERR ... 2021-7-12 13:53:38 Diagonalized QP Hamiltonian  
T00 ERR ... 2021-7-12 13:53:38 GW calculation took 27.61262181 seconds.
T00 ERR ... 2021-7-12 13:53:38 Setup Full singlet hamiltonian 
T00 ERR ... 2021-7-12 13:53:38 Davidson Solver using 6 threads.
T00 ERR ... 2021-7-12 13:53:38 Tolerance : 0.0001
T00 ERR ... 2021-7-12 13:53:38 DPR Correction
T00 ERR ... 2021-7-12 13:53:38 Matrix size : 992x992
T00 ERR ... 2021-7-12 13:53:38 iter	Search Space	Norm
T00 ERR ... 2021-7-12 13:53:38    0           24 	 2.64e-01 	  0.00% converged
T00 ERR ... 2021-7-12 13:53:38    1           42 	 4.15e-02 	  0.00% converged
T00 ERR ... 2021-7-12 13:53:39    2           60 	 1.20e-02 	  0.00% converged
T00 ERR ... 2021-7-12 13:53:39    3           78 	 1.49e-03 	  8.33% converged
T00 ERR ... 2021-7-12 13:53:39    4           95 	 1.80e-04 	 83.33% converged
T00 ERR ... 2021-7-12 13:53:39    5          102 	 9.44e-05 	 100.00% converged
T00 ERR ... 2021-7-12 13:53:39 Davidson converged after 5 iterations.
T00 ERR ... 2021-7-12 13:53:39-----------------------------------
T00 ERR ... 2021-7-12 13:53:39- Davidson ran for 0.384441233secs.
T00 ERR ... 2021-7-12 13:53:39-----------------------------------
T00 ERR ... 2021-7-12 13:53:39 Solved BSE for singlets 
T00 ERR ...   ====== singlet energies (eV) ====== 
T00 ERR ...   S =    1 Omega = +4.449738232937 eV  lamdba = +278.67 nm <FT> = +12.4084 <K_x> = +0.5370 <K_d> = -8.4957
T00 ERR ...            TrDipole length gauge[e*bohr]  dx = +0.0013 dy = -0.0031 dz = +0.0006 |d|^2 = +0.0000 f = +0.0000
T00 ERR ...            HOMO-0   -> LUMO+0    : 97.7%
T00 ERR ... 
T00 ERR ...   S =    2 Omega = +7.932459931418 eV  lamdba = +156.32 nm <FT> = +13.4685 <K_x> = +0.1989 <K_d> = -5.7350
T00 ERR ...            TrDipole length gauge[e*bohr]  dx = -0.1331 dy = +0.2984 dz = -0.2041 |d|^2 = +0.1484 f = +0.0288
T00 ERR ...            HOMO-0   -> LUMO+1    : 93.1%
T00 ERR ... 
T00 ERR ...   S =    3 Omega = +9.149315808049 eV  lamdba = +135.53 nm <FT> = +16.0172 <K_x> = +0.2729 <K_d> = -7.1408
T00 ERR ...            TrDipole length gauge[e*bohr]  dx = +0.0067 dy = -0.0081 dz = -0.0280 |d|^2 = +0.0009 f = +0.0002
T00 ERR ...            HOMO-2   -> LUMO+0    : 91.3%
T00 ERR ... 
T00 ERR ...   S =    4 Omega = +9.311531043448 eV  lamdba = +133.17 nm <FT> = +15.8819 <K_x> = +1.0274 <K_d> = -7.5977
T00 ERR ...            TrDipole length gauge[e*bohr]  dx = -0.1909 dy = +0.3478 dz = +0.6967 |d|^2 = +0.6428 f = +0.1466
T00 ERR ...            HOMO-1   -> LUMO+0    : 73.9%
T00 ERR ... 
T00 ERR ...   S =    5 Omega = +9.460544161095 eV  lamdba = +131.07 nm <FT> = +16.9381 <K_x> = +0.6384 <K_d> = -8.1160
T00 ERR ...            TrDipole length gauge[e*bohr]  dx = -0.0677 dy = +0.0254 dz = +0.0848 |d|^2 = +0.0124 f = +0.0029
T00 ERR ...            HOMO-4   -> LUMO+0    : 78.0%
T00 ERR ... 
T00 ERR ...   S =    6 Omega = +9.772126657668 eV  lamdba = +126.89 nm <FT> = +15.5143 <K_x> = +0.1750 <K_d> = -5.9172
T00 ERR ...            TrDipole length gauge[e*bohr]  dx = -0.0474 dy = +0.2250 dz = -0.2389 |d|^2 = +0.1100 f = +0.0263
T00 ERR ...            HOMO-0   -> LUMO+3    : 82.7%
T00 ERR ... 
T00 ERR ...   S =    7 Omega = +10.015637282774 eV  lamdba = +123.81 nm <FT> = +15.3740 <K_x> = +0.3565 <K_d> = -5.7148
T00 ERR ...            TrDipole length gauge[e*bohr]  dx = +0.0583 dy = -0.1110 dz = -0.4610 |d|^2 = +0.2283 f = +0.0560
T00 ERR ...            HOMO-0   -> LUMO+2    : 63.5%
T00 ERR ... 
T00 ERR ...   S =    8 Omega = +10.278810677222 eV  lamdba = +120.64 nm <FT> = +16.2921 <K_x> = +0.3270 <K_d> = -6.3404
T00 ERR ...            TrDipole length gauge[e*bohr]  dx = +0.0462 dy = +0.0160 dz = +0.1367 |d|^2 = +0.0211 f = +0.0053
T00 ERR ...            HOMO-3   -> LUMO+0    : 62.6%
T00 ERR ... 
T00 ERR ...   S =    9 Omega = +10.467049398624 eV  lamdba = +118.47 nm <FT> = +16.0831 <K_x> = +0.3103 <K_d> = -5.9264
T00 ERR ...            TrDipole length gauge[e*bohr]  dx = +0.2471 dy = -0.4864 dz = +0.0342 |d|^2 = +0.2989 f = +0.0766
T00 ERR ... 
T00 ERR ...   S =   10 Omega = +10.606398122586 eV  lamdba = +116.91 nm <FT> = +16.0335 <K_x> = +0.1724 <K_d> = -5.5995
T00 ERR ...            TrDipole length gauge[e*bohr]  dx = -0.0953 dy = +0.2011 dz = -0.1484 |d|^2 = +0.0715 f = +0.0186
T00 ERR ...            HOMO-0   -> LUMO+5    : 51.9%
T00 ERR ... 
T00 ERR ...   S =   11 Omega = +10.759010808332 eV  lamdba = +115.25 nm <FT> = +16.4741 <K_x> = +0.4643 <K_d> = -6.1794
T00 ERR ...            TrDipole length gauge[e*bohr]  dx = -0.5134 dy = +0.7975 dz = -0.4125 |d|^2 = +1.0698 f = +0.2820
T00 ERR ... 
T00 ERR ...   S =   12 Omega = +10.792146095896 eV  lamdba = +114.90 nm <FT> = +16.4700 <K_x> = +0.3486 <K_d> = -6.0265
T00 ERR ...            TrDipole length gauge[e*bohr]  dx = +0.2475 dy = +0.4053 dz = -0.1392 |d|^2 = +0.2449 f = +0.0647
T00 ERR ...            HOMO-1   -> LUMO+1    : 79.8%
T00 ERR ... 
T00 ERR ... 2021-7-12 13:53:39 BSE calculation took 0.506908665 seconds.
T00 ERR ... 2021-7-12 13:53:39 GWBSE calculation finished 
T00 ERR ... Next State is: s1
T00 ERR ... 2021-7-12 13:53:39 Evaluating polar 1
T00 ERR ... 2021-7-12 13:53:39 Evaluating interaction between polar 1 and qm 0
T00 ERR ... Next State is: s1
T00 ERR ... 2021-7-12 13:53:40 Starting Solving for classical polarization with 864 degrees of freedom.
T00 ERR ... 2021-7-12 13:53:40 CG: #iterations: 4, estimated error: 3.021113815e-06
T00 ERR ...   Total static energy [hrt]= -1.06520276
T00 ERR ...   Total polar energy [hrt]= -0.3367224781
T00 ERR ...  Total energy [hrt]= -1.401925238
T00 ERR ... 2021-7-12 13:53:40 Writing checkpoint to checkpoint_iter_2.hdf5
T00 ERR ...  Region:qm 0 is not converged deltaE=-0.002069060954 RMS Dmat=0.000317145457 MaxDmat=0.006565764325
T00 ERR ... 2021-7-12 13:53:40 Region:polar 1 is not converged deltaE=7.273601939e-05
T00 ERR ... 2021-7-12 13:53:40 --Total Energy all regions -194.2658009
T00 ERR ... 2021-7-12 13:53:40 --Inter Region SCF Iteration 3 of 50
T00 ERR ... 2021-7-12 13:53:40 Evaluating qm 0
T00 ERR ... 2021-7-12 13:53:40 Evaluating interaction between qm 0 and polar 1
T00 ERR ... Loaded Basis Set def2-tzvp
T00 ERR ... Loaded Basis Set aux-def2-tzvp
T00 ERR ... Running DFT calculation
T00 ERR ... Running Orca job
Reading the input file system.gbw               ... done
Writing the output file system.molden.input     ... done

T00 ERR ... Finished Orca job
T00 ERR ... 2021-7-12 13:53:52 DFT calculation took 12.31405899 seconds.
T00 ERR ... Parsing system.log
T00 ERR ... Reading Coordinates and occupationnumbers and energies from QMMM/frame_798500/job_1_ACETONE_0:s1/system.log
T00 ERR ... Getting the coordinates
T00 ERR ... DFT with 0.25 of HF exchange!
T00 ERR ... QM energy[Hrt]: -193.027555 
T00 ERR ... Done reading Log file
T00 ERR ... Reading Molden file
T00 ERR ... Molden file: QMMM/frame_798500/job_1_ACETONE_0:s1/system.molden.input
T00 ERR ... Reading atoms using AU units.
T00 ERR ... Basisset specification is ignored.
T00 ERR ... Basissets are specified via the mol2orb.xml options file.
T00 ERR ... Reading molecular orbital coefficients
T00 ERR ... Done parsing molden file
T00 ERR ... Done parsing
T00 ERR ... 2021-7-12 13:53:52 RPA level range [0:159]
T00 ERR ... 2021-7-12 13:53:52 GW  level range [0:46]
T00 ERR ... 2021-7-12 13:53:52 BSE level range occ[0:15]  virt[16:46]
T00 ERR ...  BSE type: full
T00 ERR ... 2021-7-12 13:53:52 BSE Hamiltonian has size 992x992
T00 ERR ...  BSE without Hqp offdiagonal elements
T00 ERR ...  Running GW as: evGW
T00 ERR ...  g_sc_limit [Hartree]: 1e-05
T00 ERR ...  gw_sc_limit [Hartree]: 1e-05
T00 ERR ...  Tasks: 
T00 ERR ...  GW 
T00 ERR ...  singlets 
T00 ERR ...  Store: 
T00 ERR ...  GW 
T00 ERR ...  Sigma integration: ppm
T00 ERR ...  eta: 0.001
T00 ERR ...  Quadrature integration order : 12
T00 ERR ...  Quadrature integration scheme : legendre
T00 ERR ...  Alpha smoothing parameter : 0.001
T00 ERR ...  QP solver: grid
T00 ERR ...  QP grid steps: 1001
T00 ERR ...  QP grid spacing: 0.001
T00 ERR ...  evGW with Anderson update with history 20 using alpha 0.7
T00 ERR ... 2021-7-12 13:53:52 Using 6 threads
T00 ERR ... 2021-7-12 13:53:52 Using MKL overload for Eigen 
T00 ERR ... 2021-7-12 13:53:52 Using CUDA support for tensor multiplication with 1 GPUs.
T00 ERR ... 2021-7-12 13:53:52 Molecule Coordinates [A] 
T00 ERR ...     0    O   0.3478 9.8486 2.4991
T00 ERR ...     1    C   0.6479 9.3519 1.4423
T00 ERR ...     2    C   0.4536 10.0819 0.1388
T00 ERR ...     3    C   1.2353 7.9673 1.3542
T00 ERR ...     4    H   0.1460 11.1087 0.3270
T00 ERR ...     5    H   1.3705 10.0661 -0.4570
T00 ERR ...     6    H   -0.3164 9.5758 -0.4522
T00 ERR ...     7    H   1.2308 7.4963 2.3351
T00 ERR ...     8    H   2.2631 8.0266 0.9836
T00 ERR ...     9    H   0.6773 7.3558 0.6397
T00 ERR ... 2021-7-12 13:53:52 DFT data was created by orca
T00 ERR ... 2021-7-12 13:53:52 Loaded DFT Basis Set def2-tzvp
T00 ERR ... 2021-7-12 13:53:52 Filled DFT Basis of size 160
T00 ERR ... 2021-7-12 13:53:52 Loaded Auxbasis Set aux-def2-tzvp
T00 ERR ... 2021-7-12 13:53:52 Filled Auxbasis of size 394
T00 ERR ... 2021-7-12 13:53:52 Calculating Mmn_beta (3-center-repulsion x orbitals)  
T00 ERR ... 2021-7-12 13:53:52 Calculated Mmn_beta (3-center-repulsion x orbitals)  
T00 ERR ... 2021-7-12 13:53:52 Integrating Vxc with functional XC_HYB_GGA_XC_PBEH
T00 ERR ... 2021-7-12 13:53:53 Set hybrid exchange factor: 0.25
T00 ERR ... 2021-7-12 13:53:53 Calculated exchange-correlation expectation values 
T00 ERR ... 2021-7-12 13:53:53 Calculated Hartree exchange contribution
T00 ERR ... 2021-7-12 13:53:53 Scissor shifting DFT energies by: 0 Hrt
T00 ERR ...   ====== Perturbative quasiparticle energies (Hartree) ====== 
T00 ERR ...    DeltaHLGap = +0.189230 Hartree
T00 ERR ...   Level =    0 DFT = -19.2056 VXC = -2.3190 S-X = -3.6595 S-C = +0.7104 GWA = -19.8358
T00 ERR ...   Level =    1 DFT = -10.3221 VXC = -1.7071 S-X = -2.6759 S-C = +0.4466 GWA = -10.8442
T00 ERR ...   Level =    2 DFT = -10.2174 VXC = -1.7075 S-X = -2.6758 S-C = +0.4530 GWA = -10.7328
T00 ERR ...   Level =    3 DFT = -10.2168 VXC = -1.7074 S-X = -2.6758 S-C = +0.4530 GWA = -10.7321
T00 ERR ...   Level =    4 DFT = -1.0895 VXC = -0.6160 S-X = -0.9278 S-C = +0.2223 GWA = -1.1790
T00 ERR ...   Level =    5 DFT = -0.7924 VXC = -0.4717 S-X = -0.7030 S-C = +0.1197 GWA = -0.9040
T00 ERR ...   Level =    6 DFT = -0.7282 VXC = -0.4572 S-X = -0.6763 S-C = +0.1022 GWA = -0.8451
T00 ERR ...   Level =    7 DFT = -0.5544 VXC = -0.4918 S-X = -0.6745 S-C = +0.0741 GWA = -0.6630
T00 ERR ...   Level =    8 DFT = -0.4804 VXC = -0.4558 S-X = -0.6112 S-C = +0.0546 GWA = -0.5812
T00 ERR ...   Level =    9 DFT = -0.4777 VXC = -0.4705 S-X = -0.6252 S-C = +0.0522 GWA = -0.5801
T00 ERR ...   Level =   10 DFT = -0.4758 VXC = -0.4379 S-X = -0.5822 S-C = +0.0407 GWA = -0.5794
T00 ERR ...   Level =   11 DFT = -0.4114 VXC = -0.4414 S-X = -0.5791 S-C = +0.0326 GWA = -0.5165
T00 ERR ...   Level =   12 DFT = -0.4069 VXC = -0.4072 S-X = -0.5359 S-C = +0.0217 GWA = -0.5139
T00 ERR ...   Level =   13 DFT = -0.3863 VXC = -0.4268 S-X = -0.5568 S-C = +0.0242 GWA = -0.4921
T00 ERR ...   Level =   14 DFT = -0.3765 VXC = -0.4775 S-X = -0.5990 S-C = +0.0284 GWA = -0.4695
T00 ERR ...   HOMO  =   15 DFT = -0.2765 VXC = -0.5321 S-X = -0.6734 S-C = +0.0565 GWA = -0.3615
T00 ERR ...   LUMO  =   16 DFT = -0.0178 VXC = -0.4237 S-X = -0.2498 S-C = -0.0696 GWA = +0.0865
T00 ERR ...   Level =   17 DFT = +0.0556 VXC = -0.1574 S-X = -0.0596 S-C = -0.0298 GWA = +0.1236
T00 ERR ...   Level =   18 DFT = +0.1073 VXC = -0.1595 S-X = -0.0615 S-C = -0.0279 GWA = +0.1774
T00 ERR ...   Level =   19 DFT = +0.1173 VXC = -0.1930 S-X = -0.0791 S-C = -0.0337 GWA = +0.1975
T00 ERR ...   Level =   20 DFT = +0.1358 VXC = -0.1833 S-X = -0.0717 S-C = -0.0344 GWA = +0.2131
T00 ERR ...   Level =   21 DFT = +0.1444 VXC = -0.1929 S-X = -0.0783 S-C = -0.0351 GWA = +0.2239
T00 ERR ...   Level =   22 DFT = +0.1492 VXC = -0.1890 S-X = -0.0744 S-C = -0.0341 GWA = +0.2297
T00 ERR ...   Level =   23 DFT = +0.1627 VXC = -0.1843 S-X = -0.0735 S-C = -0.0352 GWA = +0.2384
T00 ERR ...   Level =   24 DFT = +0.1655 VXC = -0.2070 S-X = -0.0839 S-C = -0.0382 GWA = +0.2504
T00 ERR ...   Level =   25 DFT = +0.1989 VXC = -0.1844 S-X = -0.0677 S-C = -0.0335 GWA = +0.2821
T00 ERR ...   Level =   26 DFT = +0.2184 VXC = -0.1575 S-X = -0.0499 S-C = -0.0300 GWA = +0.2960
T00 ERR ...   Level =   27 DFT = +0.2306 VXC = -0.1716 S-X = -0.0540 S-C = -0.0378 GWA = +0.3105
T00 ERR ...   Level =   28 DFT = +0.2375 VXC = -0.1623 S-X = -0.0511 S-C = -0.0326 GWA = +0.3161
T00 ERR ...   Level =   29 DFT = +0.3111 VXC = -0.2428 S-X = -0.0989 S-C = -0.0547 GWA = +0.4003
T00 ERR ...   Level =   30 DFT = +0.3132 VXC = -0.1887 S-X = -0.0632 S-C = -0.0421 GWA = +0.3966
T00 ERR ...   Level =   31 DFT = +0.3216 VXC = -0.1702 S-X = -0.0524 S-C = -0.0306 GWA = +0.4089
T00 ERR ...   Level =   32 DFT = +0.3740 VXC = -0.2209 S-X = -0.0855 S-C = -0.0452 GWA = +0.4641
T00 ERR ...   Level =   33 DFT = +0.3812 VXC = -0.2337 S-X = -0.0922 S-C = -0.0506 GWA = +0.4721
T00 ERR ...   Level =   34 DFT = +0.4130 VXC = -0.3246 S-X = -0.1437 S-C = -0.0789 GWA = +0.5150
T00 ERR ...   Level =   35 DFT = +0.4206 VXC = -0.3080 S-X = -0.1360 S-C = -0.0727 GWA = +0.5199
T00 ERR ...   Level =   36 DFT = +0.4315 VXC = -0.2506 S-X = -0.0975 S-C = -0.0569 GWA = +0.5277
T00 ERR ...   Level =   37 DFT = +0.4489 VXC = -0.2068 S-X = -0.0728 S-C = -0.0463 GWA = +0.5366
T00 ERR ...   Level =   38 DFT = +0.4567 VXC = -0.2211 S-X = -0.0790 S-C = -0.0520 GWA = +0.5468
T00 ERR ...   Level =   39 DFT = +0.4834 VXC = -0.2566 S-X = -0.0962 S-C = -0.0636 GWA = +0.5803
T00 ERR ...   Level =   40 DFT = +0.4878 VXC = -0.2849 S-X = -0.1080 S-C = -0.0753 GWA = +0.5894
T00 ERR ...   Level =   41 DFT = +0.5071 VXC = -0.3107 S-X = -0.1229 S-C = -0.0818 GWA = +0.6131
T00 ERR ...   Level =   42 DFT = +0.5366 VXC = -0.2598 S-X = -0.0904 S-C = -0.0683 GWA = +0.6377
T00 ERR ...   Level =   43 DFT = +0.5794 VXC = -0.3688 S-X = -0.1532 S-C = -0.0998 GWA = +0.6951
T00 ERR ...   Level =   44 DFT = +0.5931 VXC = -0.3003 S-X = -0.1071 S-C = -0.0856 GWA = +0.7007
T00 ERR ...   Level =   45 DFT = +0.6221 VXC = -0.2544 S-X = -0.0837 S-C = -0.0662 GWA = +0.7266
T00 ERR ...   Level =   46 DFT = +0.6708 VXC = -0.3080 S-X = -0.1090 S-C = -0.0789 GWA = +0.7910
T00 ERR ... 2021-7-12 13:54:16 Calculated offdiagonal part of Sigma  
T00 ERR ... 2021-7-12 13:54:16 Full quasiparticle Hamiltonian  
T00 ERR ...   ====== Diagonalized quasiparticle energies (Hartree) ====== 
T00 ERR ...   Level =    0 PQP = -19.835769 DQP = -19.835791 
T00 ERR ...   Level =    1 PQP = -10.844236 DQP = -10.844273 
T00 ERR ...   Level =    2 PQP = -10.732815 DQP = -10.732846 
T00 ERR ...   Level =    3 PQP = -10.732145 DQP = -10.732176 
T00 ERR ...   Level =    4 PQP = -1.178991 DQP = -1.179170 
T00 ERR ...   Level =    5 PQP = -0.903960 DQP = -0.904417 
T00 ERR ...   Level =    6 PQP = -0.845075 DQP = -0.845594 
T00 ERR ...   Level =    7 PQP = -0.663048 DQP = -0.662872 
T00 ERR ...   Level =    8 PQP = -0.581163 DQP = -0.582846 
T00 ERR ...   Level =    9 PQP = -0.580134 DQP = -0.580667 
T00 ERR ...   Level =   10 PQP = -0.579415 DQP = -0.579688 
T00 ERR ...   Level =   11 PQP = -0.516499 DQP = -0.515367 
T00 ERR ...   Level =   12 PQP = -0.513923 DQP = -0.513805 
T00 ERR ...   Level =   13 PQP = -0.492064 DQP = -0.491318 
T00 ERR ...   Level =   14 PQP = -0.469516 DQP = -0.468989 
T00 ERR ...   HOMO  =   15 PQP = -0.361459 DQP = -0.361453 
T00 ERR ...   LUMO  =   16 PQP = +0.086526 DQP = +0.085967 
T00 ERR ...   Level =   17 PQP = +0.123609 DQP = +0.122041 
T00 ERR ...   Level =   18 PQP = +0.177350 DQP = +0.175624 
T00 ERR ...   Level =   19 PQP = +0.197496 DQP = +0.195091 
T00 ERR ...   Level =   20 PQP = +0.213071 DQP = +0.211181 
T00 ERR ...   Level =   21 PQP = +0.223866 DQP = +0.221082 
T00 ERR ...   Level =   22 PQP = +0.229664 DQP = +0.227041 
T00 ERR ...   Level =   23 PQP = +0.238397 DQP = +0.239766 
T00 ERR ...   Level =   24 PQP = +0.250432 DQP = +0.248247 
T00 ERR ...   Level =   25 PQP = +0.282134 DQP = +0.280988 
T00 ERR ...   Level =   26 PQP = +0.296009 DQP = +0.295929 
T00 ERR ...   Level =   27 PQP = +0.310462 DQP = +0.310406 
T00 ERR ...   Level =   28 PQP = +0.316098 DQP = +0.316286 
T00 ERR ...   Level =   29 PQP = +0.400329 DQP = +0.393555 
T00 ERR ...   Level =   30 PQP = +0.396601 DQP = +0.402460 
T00 ERR ...   Level =   31 PQP = +0.408871 DQP = +0.408586 
T00 ERR ...   Level =   32 PQP = +0.464103 DQP = +0.463226 
T00 ERR ...   Level =   33 PQP = +0.472117 DQP = +0.471618 
T00 ERR ...   Level =   34 PQP = +0.514974 DQP = +0.516598 
T00 ERR ...   Level =   35 PQP = +0.519887 DQP = +0.520353 
T00 ERR ...   Level =   36 PQP = +0.527695 DQP = +0.527057 
T00 ERR ...   Level =   37 PQP = +0.536636 DQP = +0.539757 
T00 ERR ...   Level =   38 PQP = +0.546842 DQP = +0.550407 
T00 ERR ...   Level =   39 PQP = +0.580260 DQP = +0.582326 
T00 ERR ...   Level =   40 PQP = +0.589393 DQP = +0.592131 
T00 ERR ...   Level =   41 PQP = +0.613069 DQP = +0.615642 
T00 ERR ...   Level =   42 PQP = +0.637672 DQP = +0.638300 
T00 ERR ...   Level =   43 PQP = +0.695145 DQP = +0.692090 
T00 ERR ...   Level =   44 PQP = +0.700672 DQP = +0.705735 
T00 ERR ...   Level =   45 PQP = +0.726612 DQP = +0.727384 
T00 ERR ...   Level =   46 PQP = +0.790980 DQP = +0.791160 
T00 ERR ... 2021-7-12 13:54:16 Diagonalized QP Hamiltonian  
T00 ERR ... 2021-7-12 13:54:16 GW calculation took 23.38257005 seconds.
T00 ERR ... 2021-7-12 13:54:16 Setup Full singlet hamiltonian 
T00 ERR ... 2021-7-12 13:54:16 Davidson Solver using 6 threads.
T00 ERR ... 2021-7-12 13:54:16 Tolerance : 0.0001
T00 ERR ... 2021-7-12 13:54:16 DPR Correction
T00 ERR ... 2021-7-12 13:54:16 Matrix size : 992x992
T00 ERR ... 2021-7-12 13:54:16 iter	Search Space	Norm
T00 ERR ... 2021-7-12 13:54:16    0           24 	 2.64e-01 	  0.00% converged
T00 ERR ... 2021-7-12 13:54:16    1           42 	 4.19e-02 	  0.00% converged
T00 ERR ... 2021-7-12 13:54:16    2           60 	 1.20e-02 	  0.00% converged
T00 ERR ... 2021-7-12 13:54:16    3           78 	 1.49e-03 	  8.33% converged
T00 ERR ... 2021-7-12 13:54:16    4           95 	 1.80e-04 	 83.33% converged
T00 ERR ... 2021-7-12 13:54:16    5          102 	 9.40e-05 	 100.00% converged
T00 ERR ... 2021-7-12 13:54:16 Davidson converged after 5 iterations.
T00 ERR ... 2021-7-12 13:54:16-----------------------------------
T00 ERR ... 2021-7-12 13:54:16- Davidson ran for 0.352440808secs.
T00 ERR ... 2021-7-12 13:54:16-----------------------------------
T00 ERR ... 2021-7-12 13:54:16 Solved BSE for singlets 
T00 ERR ...   ====== singlet energies (eV) ====== 
T00 ERR ...   S =    1 Omega = +4.450797940486 eV  lamdba = +278.60 nm <FT> = +12.4090 <K_x> = +0.5368 <K_d> = -8.4950
T00 ERR ...            TrDipole length gauge[e*bohr]  dx = +0.0013 dy = -0.0031 dz = +0.0006 |d|^2 = +0.0000 f = +0.0000
T00 ERR ...            HOMO-0   -> LUMO+0    : 97.7%
T00 ERR ... 
T00 ERR ...   S =    2 Omega = +7.934556042912 eV  lamdba = +156.28 nm <FT> = +13.4724 <K_x> = +0.1993 <K_d> = -5.7371
T00 ERR ...            TrDipole length gauge[e*bohr]  dx = -0.1332 dy = +0.2985 dz = -0.2045 |d|^2 = +0.1487 f = +0.0289
T00 ERR ...            HOMO-0   -> LUMO+1    : 93.1%
T00 ERR ... 
T00 ERR ...   S =    3 Omega = +9.147900647382 eV  lamdba = +135.55 nm <FT> = +16.0155 <K_x> = +0.2722 <K_d> = -7.1398
T00 ERR ...            TrDipole length gauge[e*bohr]  dx = -0.0059 dy = +0.0068 dz = +0.0254 |d|^2 = +0.0007 f = +0.0002
T00 ERR ...            HOMO-2   -> LUMO+0    : 91.3%
T00 ERR ... 
T00 ERR ...   S =    4 Omega = +9.312056785268 eV  lamdba = +133.16 nm <FT> = +15.8842 <K_x> = +1.0286 <K_d> = -7.6008
T00 ERR ...            TrDipole length gauge[e*bohr]  dx = -0.1912 dy = +0.3487 dz = +0.6979 |d|^2 = +0.6452 f = +0.1472
T00 ERR ...            HOMO-1   -> LUMO+0    : 74.0%
T00 ERR ... 
T00 ERR ...   S =    5 Omega = +9.460798045082 eV  lamdba = +131.07 nm <FT> = +16.9362 <K_x> = +0.6379 <K_d> = -8.1133
T00 ERR ...            TrDipole length gauge[e*bohr]  dx = -0.0683 dy = +0.0260 dz = +0.0865 |d|^2 = +0.0128 f = +0.0030
T00 ERR ...            HOMO-4   -> LUMO+0    : 78.0%
T00 ERR ... 
T00 ERR ...   S =    6 Omega = +9.773940639488 eV  lamdba = +126.87 nm <FT> = +15.5169 <K_x> = +0.1749 <K_d> = -5.9179
T00 ERR ...            TrDipole length gauge[e*bohr]  dx = +0.0479 dy = -0.2257 dz = +0.2376 |d|^2 = +0.1097 f = +0.0263
T00 ERR ...            HOMO-0   -> LUMO+3    : 82.7%
T00 ERR ... 
T00 ERR ...   S =    7 Omega = +10.016951172300 eV  lamdba = +123.79 nm <FT> = +15.3750 <K_x> = +0.3557 <K_d> = -5.7138
T00 ERR ...            TrDipole length gauge[e*bohr]  dx = +0.0582 dy = -0.1107 dz = -0.4599 |d|^2 = +0.2272 f = +0.0558
T00 ERR ...            HOMO-0   -> LUMO+2    : 63.7%
T00 ERR ... 
T00 ERR ...   S =    8 Omega = +10.277535616706 eV  lamdba = +120.65 nm <FT> = +16.2953 <K_x> = +0.3288 <K_d> = -6.3465
T00 ERR ...            TrDipole length gauge[e*bohr]  dx = +0.0498 dy = +0.0091 dz = +0.1385 |d|^2 = +0.0217 f = +0.0055
T00 ERR ...            HOMO-3   -> LUMO+0    : 63.2%
T00 ERR ... 
T00 ERR ...   S =    9 Omega = +10.467688225704 eV  lamdba = +118.46 nm <FT> = +16.0854 <K_x> = +0.3100 <K_d> = -5.9278
T00 ERR ...            TrDipole length gauge[e*bohr]  dx = +0.2473 dy = -0.4848 dz = +0.0368 |d|^2 = +0.2976 f = +0.0763
T00 ERR ... 
T00 ERR ...   S =   10 Omega = +10.608938586502 eV  lamdba = +116.88 nm <FT> = +16.0321 <K_x> = +0.1696 <K_d> = -5.5927
T00 ERR ...            TrDipole length gauge[e*bohr]  dx = +0.0897 dy = -0.1900 dz = +0.1384 |d|^2 = +0.0633 f = +0.0164
T00 ERR ...            HOMO-0   -> LUMO+5    : 51.4%
T00 ERR ... 
T00 ERR ...   S =   11 Omega = +10.758939204079 eV  lamdba = +115.25 nm <FT> = +16.4742 <K_x> = +0.4658 <K_d> = -6.1810
T00 ERR ...            TrDipole length gauge[e*bohr]  dx = -0.5096 dy = +0.8094 dz = -0.4159 |d|^2 = +1.0878 f = +0.2867
T00 ERR ... 
T00 ERR ...   S =   12 Omega = +10.793991863074 eV  lamdba = +114.88 nm <FT> = +16.4733 <K_x> = +0.3495 <K_d> = -6.0289
T00 ERR ...            TrDipole length gauge[e*bohr]  dx = -0.2546 dy = -0.3958 dz = +0.1312 |d|^2 = +0.2387 f = +0.0631
T00 ERR ...            HOMO-1   -> LUMO+1    : 80.8%
T00 ERR ... 
T00 ERR ... 2021-7-12 13:54:16 BSE calculation took 0.480573055 seconds.
T00 ERR ... 2021-7-12 13:54:16 GWBSE calculation finished 
T00 ERR ... Next State is: s1
T00 ERR ... 2021-7-12 13:54:16 Evaluating polar 1
T00 ERR ... 2021-7-12 13:54:16 Evaluating interaction between polar 1 and qm 0
T00 ERR ... Next State is: s1
T00 ERR ... 2021-7-12 13:54:17 Starting Solving for classical polarization with 864 degrees of freedom.
T00 ERR ... 2021-7-12 13:54:17 CG: #iterations: 2, estimated error: 3.053690447e-06
T00 ERR ...   Total static energy [hrt]= -1.06520276
T00 ERR ...   Total polar energy [hrt]= -0.3367171821
T00 ERR ...  Total energy [hrt]= -1.401919942
T00 ERR ... 2021-7-12 13:54:17 Writing checkpoint to checkpoint_iter_3.hdf5
T00 ERR ...  Region:qm 0 is not converged deltaE=-0.0001157887196 RMS Dmat=1.399389164e-05 MaxDmat=0.0003108855712
T00 ERR ... 2021-7-12 13:54:17 Region:polar 1 is converged deltaE=5.295980118e-06
T00 ERR ... 2021-7-12 13:54:17 --Total Energy all regions -194.2659114
T00 ERR ... 2021-7-12 13:54:17 --Inter Region SCF Iteration 4 of 50
T00 ERR ... 2021-7-12 13:54:17 Evaluating qm 0
T00 ERR ... 2021-7-12 13:54:17 Evaluating interaction between qm 0 and polar 1
T00 ERR ... Loaded Basis Set def2-tzvp
T00 ERR ... Loaded Basis Set aux-def2-tzvp
T00 ERR ... Running DFT calculation
T00 ERR ... Running Orca job
Reading the input file system.gbw               ... done
Writing the output file system.molden.input     ... done

T00 ERR ... Finished Orca job
T00 ERR ... 2021-7-12 13:54:27 DFT calculation took 9.677660267 seconds.
T00 ERR ... Parsing system.log
T00 ERR ... Reading Coordinates and occupationnumbers and energies from QMMM/frame_798500/job_1_ACETONE_0:s1/system.log
T00 ERR ... Getting the coordinates
T00 ERR ... DFT with 0.25 of HF exchange!
T00 ERR ... QM energy[Hrt]: -193.027567 
T00 ERR ... Done reading Log file
T00 ERR ... Reading Molden file
T00 ERR ... Molden file: QMMM/frame_798500/job_1_ACETONE_0:s1/system.molden.input
T00 ERR ... Reading atoms using AU units.
T00 ERR ... Basisset specification is ignored.
T00 ERR ... Basissets are specified via the mol2orb.xml options file.
T00 ERR ... Reading molecular orbital coefficients
T00 ERR ... Done parsing molden file
T00 ERR ... Done parsing
T00 ERR ... 2021-7-12 13:54:27 RPA level range [0:159]
T00 ERR ... 2021-7-12 13:54:27 GW  level range [0:46]
T00 ERR ... 2021-7-12 13:54:27 BSE level range occ[0:15]  virt[16:46]
T00 ERR ...  BSE type: full
T00 ERR ... 2021-7-12 13:54:27 BSE Hamiltonian has size 992x992
T00 ERR ...  BSE without Hqp offdiagonal elements
T00 ERR ...  Running GW as: evGW
T00 ERR ...  g_sc_limit [Hartree]: 1e-05
T00 ERR ...  gw_sc_limit [Hartree]: 1e-05
T00 ERR ...  Tasks: 
T00 ERR ...  GW 
T00 ERR ...  singlets 
T00 ERR ...  Store: 
T00 ERR ...  GW 
T00 ERR ...  Sigma integration: ppm
T00 ERR ...  eta: 0.001
T00 ERR ...  Quadrature integration order : 12
T00 ERR ...  Quadrature integration scheme : legendre
T00 ERR ...  Alpha smoothing parameter : 0.001
T00 ERR ...  QP solver: grid
T00 ERR ...  QP grid steps: 1001
T00 ERR ...  QP grid spacing: 0.001
T00 ERR ...  evGW with Anderson update with history 20 using alpha 0.7
T00 ERR ... 2021-7-12 13:54:27 Using 6 threads
T00 ERR ... 2021-7-12 13:54:27 Using MKL overload for Eigen 
T00 ERR ... 2021-7-12 13:54:27 Using CUDA support for tensor multiplication with 1 GPUs.
T00 ERR ... 2021-7-12 13:54:27 Molecule Coordinates [A] 
T00 ERR ...     0    O   0.3478 9.8486 2.4991
T00 ERR ...     1    C   0.6479 9.3519 1.4423
T00 ERR ...     2    C   0.4536 10.0819 0.1388
T00 ERR ...     3    C   1.2353 7.9673 1.3542
T00 ERR ...     4    H   0.1460 11.1087 0.3270
T00 ERR ...     5    H   1.3705 10.0661 -0.4570
T00 ERR ...     6    H   -0.3164 9.5758 -0.4522
T00 ERR ...     7    H   1.2308 7.4963 2.3351
T00 ERR ...     8    H   2.2631 8.0266 0.9836
T00 ERR ...     9    H   0.6773 7.3558 0.6397
T00 ERR ... 2021-7-12 13:54:27 DFT data was created by orca
T00 ERR ... 2021-7-12 13:54:27 Loaded DFT Basis Set def2-tzvp
T00 ERR ... 2021-7-12 13:54:27 Filled DFT Basis of size 160
T00 ERR ... 2021-7-12 13:54:27 Loaded Auxbasis Set aux-def2-tzvp
T00 ERR ... 2021-7-12 13:54:27 Filled Auxbasis of size 394
T00 ERR ... 2021-7-12 13:54:27 Calculating Mmn_beta (3-center-repulsion x orbitals)  
T00 ERR ... 2021-7-12 13:54:27 Calculated Mmn_beta (3-center-repulsion x orbitals)  
T00 ERR ... 2021-7-12 13:54:27 Integrating Vxc with functional XC_HYB_GGA_XC_PBEH
T00 ERR ... 2021-7-12 13:54:28 Set hybrid exchange factor: 0.25
T00 ERR ... 2021-7-12 13:54:28 Calculated exchange-correlation expectation values 
T00 ERR ... 2021-7-12 13:54:28 Calculated Hartree exchange contribution
T00 ERR ... 2021-7-12 13:54:28 Scissor shifting DFT energies by: 0 Hrt
T00 ERR ...   ====== Perturbative quasiparticle energies (Hartree) ====== 
T00 ERR ...    DeltaHLGap = +0.189230 Hartree
T00 ERR ...   Level =    0 DFT = -19.2056 VXC = -2.3190 S-X = -3.6595 S-C = +0.7104 GWA = -19.8358
T00 ERR ...   Level =    1 DFT = -10.3221 VXC = -1.7071 S-X = -2.6759 S-C = +0.4466 GWA = -10.8442
T00 ERR ...   Level =    2 DFT = -10.2174 VXC = -1.7075 S-X = -2.6758 S-C = +0.4530 GWA = -10.7328
T00 ERR ...   Level =    3 DFT = -10.2168 VXC = -1.7074 S-X = -2.6758 S-C = +0.4530 GWA = -10.7321
T00 ERR ...   Level =    4 DFT = -1.0895 VXC = -0.6160 S-X = -0.9278 S-C = +0.2223 GWA = -1.1790
T00 ERR ...   Level =    5 DFT = -0.7924 VXC = -0.4717 S-X = -0.7030 S-C = +0.1197 GWA = -0.9040
T00 ERR ...   Level =    6 DFT = -0.7282 VXC = -0.4572 S-X = -0.6763 S-C = +0.1022 GWA = -0.8451
T00 ERR ...   Level =    7 DFT = -0.5544 VXC = -0.4918 S-X = -0.6745 S-C = +0.0741 GWA = -0.6631
T00 ERR ...   Level =    8 DFT = -0.4804 VXC = -0.4558 S-X = -0.6112 S-C = +0.0546 GWA = -0.5812
T00 ERR ...   Level =    9 DFT = -0.4777 VXC = -0.4705 S-X = -0.6252 S-C = +0.0522 GWA = -0.5801
T00 ERR ...   Level =   10 DFT = -0.4758 VXC = -0.4379 S-X = -0.5822 S-C = +0.0406 GWA = -0.5794
T00 ERR ...   Level =   11 DFT = -0.4114 VXC = -0.4414 S-X = -0.5791 S-C = +0.0326 GWA = -0.5165
T00 ERR ...   Level =   12 DFT = -0.4069 VXC = -0.4072 S-X = -0.5359 S-C = +0.0217 GWA = -0.5139
T00 ERR ...   Level =   13 DFT = -0.3863 VXC = -0.4268 S-X = -0.5568 S-C = +0.0242 GWA = -0.4921
T00 ERR ...   Level =   14 DFT = -0.3765 VXC = -0.4775 S-X = -0.5990 S-C = +0.0284 GWA = -0.4695
T00 ERR ...   HOMO  =   15 DFT = -0.2766 VXC = -0.5321 S-X = -0.6734 S-C = +0.0565 GWA = -0.3615
T00 ERR ...   LUMO  =   16 DFT = -0.0178 VXC = -0.4237 S-X = -0.2498 S-C = -0.0696 GWA = +0.0865
T00 ERR ...   Level =   17 DFT = +0.0556 VXC = -0.1574 S-X = -0.0596 S-C = -0.0298 GWA = +0.1236
T00 ERR ...   Level =   18 DFT = +0.1073 VXC = -0.1595 S-X = -0.0615 S-C = -0.0279 GWA = +0.1774
T00 ERR ...   Level =   19 DFT = +0.1173 VXC = -0.1930 S-X = -0.0791 S-C = -0.0337 GWA = +0.1975
T00 ERR ...   Level =   20 DFT = +0.1358 VXC = -0.1833 S-X = -0.0717 S-C = -0.0344 GWA = +0.2131
T00 ERR ...   Level =   21 DFT = +0.1444 VXC = -0.1929 S-X = -0.0783 S-C = -0.0351 GWA = +0.2239
T00 ERR ...   Level =   22 DFT = +0.1492 VXC = -0.1890 S-X = -0.0744 S-C = -0.0341 GWA = +0.2297
T00 ERR ...   Level =   23 DFT = +0.1627 VXC = -0.1843 S-X = -0.0735 S-C = -0.0352 GWA = +0.2384
T00 ERR ...   Level =   24 DFT = +0.1655 VXC = -0.2070 S-X = -0.0839 S-C = -0.0382 GWA = +0.2504
T00 ERR ...   Level =   25 DFT = +0.1989 VXC = -0.1844 S-X = -0.0677 S-C = -0.0335 GWA = +0.2821
T00 ERR ...   Level =   26 DFT = +0.2184 VXC = -0.1575 S-X = -0.0499 S-C = -0.0300 GWA = +0.2960
T00 ERR ...   Level =   27 DFT = +0.2306 VXC = -0.1716 S-X = -0.0540 S-C = -0.0378 GWA = +0.3105
T00 ERR ...   Level =   28 DFT = +0.2375 VXC = -0.1623 S-X = -0.0511 S-C = -0.0326 GWA = +0.3161
T00 ERR ...   Level =   29 DFT = +0.3111 VXC = -0.2427 S-X = -0.0988 S-C = -0.0547 GWA = +0.4003
T00 ERR ...   Level =   30 DFT = +0.3132 VXC = -0.1888 S-X = -0.0633 S-C = -0.0421 GWA = +0.3966
T00 ERR ...   Level =   31 DFT = +0.3216 VXC = -0.1702 S-X = -0.0524 S-C = -0.0306 GWA = +0.4089
T00 ERR ...   Level =   32 DFT = +0.3740 VXC = -0.2209 S-X = -0.0855 S-C = -0.0452 GWA = +0.4641
T00 ERR ...   Level =   33 DFT = +0.3812 VXC = -0.2337 S-X = -0.0922 S-C = -0.0506 GWA = +0.4721
T00 ERR ...   Level =   34 DFT = +0.4130 VXC = -0.3246 S-X = -0.1437 S-C = -0.0789 GWA = +0.5150
T00 ERR ...   Level =   35 DFT = +0.4206 VXC = -0.3080 S-X = -0.1360 S-C = -0.0727 GWA = +0.5199
T00 ERR ...   Level =   36 DFT = +0.4315 VXC = -0.2506 S-X = -0.0975 S-C = -0.0569 GWA = +0.5277
T00 ERR ...   Level =   37 DFT = +0.4489 VXC = -0.2068 S-X = -0.0728 S-C = -0.0463 GWA = +0.5366
T00 ERR ...   Level =   38 DFT = +0.4567 VXC = -0.2211 S-X = -0.0790 S-C = -0.0520 GWA = +0.5468
T00 ERR ...   Level =   39 DFT = +0.4834 VXC = -0.2566 S-X = -0.0962 S-C = -0.0636 GWA = +0.5803
T00 ERR ...   Level =   40 DFT = +0.4878 VXC = -0.2849 S-X = -0.1080 S-C = -0.0753 GWA = +0.5894
T00 ERR ...   Level =   41 DFT = +0.5071 VXC = -0.3107 S-X = -0.1229 S-C = -0.0818 GWA = +0.6131
T00 ERR ...   Level =   42 DFT = +0.5366 VXC = -0.2598 S-X = -0.0904 S-C = -0.0683 GWA = +0.6377
T00 ERR ...   Level =   43 DFT = +0.5794 VXC = -0.3688 S-X = -0.1532 S-C = -0.0998 GWA = +0.6951
T00 ERR ...   Level =   44 DFT = +0.5931 VXC = -0.3003 S-X = -0.1071 S-C = -0.0856 GWA = +0.7007
T00 ERR ...   Level =   45 DFT = +0.6221 VXC = -0.2544 S-X = -0.0837 S-C = -0.0662 GWA = +0.7266
T00 ERR ...   Level =   46 DFT = +0.6708 VXC = -0.3080 S-X = -0.1090 S-C = -0.0789 GWA = +0.7910
T00 ERR ... 2021-7-12 13:54:50 Calculated offdiagonal part of Sigma  
T00 ERR ... 2021-7-12 13:54:50 Full quasiparticle Hamiltonian  
T00 ERR ...   ====== Diagonalized quasiparticle energies (Hartree) ====== 
T00 ERR ...   Level =    0 PQP = -19.835777 DQP = -19.835799 
T00 ERR ...   Level =    1 PQP = -10.844241 DQP = -10.844278 
T00 ERR ...   Level =    2 PQP = -10.732814 DQP = -10.732845 
T00 ERR ...   Level =    3 PQP = -10.732148 DQP = -10.732179 
T00 ERR ...   Level =    4 PQP = -1.179001 DQP = -1.179180 
T00 ERR ...   Level =    5 PQP = -0.903961 DQP = -0.904418 
T00 ERR ...   Level =    6 PQP = -0.845075 DQP = -0.845594 
T00 ERR ...   Level =    7 PQP = -0.663052 DQP = -0.662876 
T00 ERR ...   Level =    8 PQP = -0.581166 DQP = -0.582848 
T00 ERR ...   Level =    9 PQP = -0.580137 DQP = -0.580671 
T00 ERR ...   Level =   10 PQP = -0.579418 DQP = -0.579690 
T00 ERR ...   Level =   11 PQP = -0.516501 DQP = -0.515370 
T00 ERR ...   Level =   12 PQP = -0.513922 DQP = -0.513804 
T00 ERR ...   Level =   13 PQP = -0.492064 DQP = -0.491319 
T00 ERR ...   Level =   14 PQP = -0.469522 DQP = -0.468995 
T00 ERR ...   HOMO  =   15 PQP = -0.361466 DQP = -0.361460 
T00 ERR ...   LUMO  =   16 PQP = +0.086521 DQP = +0.085961 
T00 ERR ...   Level =   17 PQP = +0.123612 DQP = +0.122044 
T00 ERR ...   Level =   18 PQP = +0.177353 DQP = +0.175626 
T00 ERR ...   Level =   19 PQP = +0.197496 DQP = +0.195091 
T00 ERR ...   Level =   20 PQP = +0.213077 DQP = +0.211188 
T00 ERR ...   Level =   21 PQP = +0.223864 DQP = +0.221080 
T00 ERR ...   Level =   22 PQP = +0.229666 DQP = +0.227041 
T00 ERR ...   Level =   23 PQP = +0.238395 DQP = +0.239767 
T00 ERR ...   Level =   24 PQP = +0.250438 DQP = +0.248251 
T00 ERR ...   Level =   25 PQP = +0.282137 DQP = +0.280991 
T00 ERR ...   Level =   26 PQP = +0.296011 DQP = +0.295930 
T00 ERR ...   Level =   27 PQP = +0.310460 DQP = +0.310404 
T00 ERR ...   Level =   28 PQP = +0.316096 DQP = +0.316285 
T00 ERR ...   Level =   29 PQP = +0.400319 DQP = +0.393552 
T00 ERR ...   Level =   30 PQP = +0.396607 DQP = +0.402459 
T00 ERR ...   Level =   31 PQP = +0.408875 DQP = +0.408590 
T00 ERR ...   Level =   32 PQP = +0.464099 DQP = +0.463223 
T00 ERR ...   Level =   33 PQP = +0.472114 DQP = +0.471615 
T00 ERR ...   Level =   34 PQP = +0.514973 DQP = +0.516597 
T00 ERR ...   Level =   35 PQP = +0.519879 DQP = +0.520346 
T00 ERR ...   Level =   36 PQP = +0.527692 DQP = +0.527055 
T00 ERR ...   Level =   37 PQP = +0.536634 DQP = +0.539756 
T00 ERR ...   Level =   38 PQP = +0.546843 DQP = +0.550409 
T00 ERR ...   Level =   39 PQP = +0.580264 DQP = +0.582328 
T00 ERR ...   Level =   40 PQP = +0.589395 DQP = +0.592134 
T00 ERR ...   Level =   41 PQP = +0.613069 DQP = +0.615643 
T00 ERR ...   Level =   42 PQP = +0.637660 DQP = +0.638288 
T00 ERR ...   Level =   43 PQP = +0.695144 DQP = +0.692090 
T00 ERR ...   Level =   44 PQP = +0.700671 DQP = +0.705734 
T00 ERR ...   Level =   45 PQP = +0.726611 DQP = +0.727382 
T00 ERR ...   Level =   46 PQP = +0.790980 DQP = +0.791160 
T00 ERR ... 2021-7-12 13:54:50 Diagonalized QP Hamiltonian  
T00 ERR ... 2021-7-12 13:54:50 GW calculation took 23.20647682 seconds.
T00 ERR ... 2021-7-12 13:54:50 Setup Full singlet hamiltonian 
T00 ERR ... 2021-7-12 13:54:50 Davidson Solver using 6 threads.
T00 ERR ... 2021-7-12 13:54:50 Tolerance : 0.0001
T00 ERR ... 2021-7-12 13:54:50 DPR Correction
T00 ERR ... 2021-7-12 13:54:50 Matrix size : 992x992
T00 ERR ... 2021-7-12 13:54:50 iter	Search Space	Norm
T00 ERR ... 2021-7-12 13:54:50    0           24 	 2.64e-01 	  0.00% converged
T00 ERR ... 2021-7-12 13:54:50    1           42 	 4.20e-02 	  0.00% converged
T00 ERR ... 2021-7-12 13:54:50    2           60 	 1.20e-02 	  0.00% converged
T00 ERR ... 2021-7-12 13:54:50    3           78 	 1.49e-03 	  8.33% converged
T00 ERR ... 2021-7-12 13:54:50    4           95 	 1.80e-04 	 83.33% converged
T00 ERR ... 2021-7-12 13:54:51    5          102 	 9.40e-05 	 100.00% converged
T00 ERR ... 2021-7-12 13:54:51 Davidson converged after 5 iterations.
T00 ERR ... 2021-7-12 13:54:51-----------------------------------
T00 ERR ... 2021-7-12 13:54:51- Davidson ran for 0.298129052secs.
T00 ERR ... 2021-7-12 13:54:51-----------------------------------
T00 ERR ... 2021-7-12 13:54:51 Solved BSE for singlets 
T00 ERR ...   ====== singlet energies (eV) ====== 
T00 ERR ...   S =    1 Omega = +4.450885230989 eV  lamdba = +278.60 nm <FT> = +12.4090 <K_x> = +0.5368 <K_d> = -8.4950
T00 ERR ...            TrDipole length gauge[e*bohr]  dx = -0.0013 dy = +0.0031 dz = -0.0006 |d|^2 = +0.0000 f = +0.0000
T00 ERR ...            HOMO-0   -> LUMO+0    : 97.7%
T00 ERR ... 
T00 ERR ...   S =    2 Omega = +7.934737227813 eV  lamdba = +156.27 nm <FT> = +13.4727 <K_x> = +0.1993 <K_d> = -5.7373
T00 ERR ...            TrDipole length gauge[e*bohr]  dx = -0.1332 dy = +0.2985 dz = -0.2046 |d|^2 = +0.1487 f = +0.0289
T00 ERR ...            HOMO-0   -> LUMO+1    : 93.1%
T00 ERR ... 
T00 ERR ...   S =    3 Omega = +9.147798435721 eV  lamdba = +135.55 nm <FT> = +16.0153 <K_x> = +0.2722 <K_d> = -7.1397
T00 ERR ...            TrDipole length gauge[e*bohr]  dx = +0.0059 dy = -0.0067 dz = -0.0252 |d|^2 = +0.0007 f = +0.0002
T00 ERR ...            HOMO-2   -> LUMO+0    : 91.3%
T00 ERR ... 
T00 ERR ...   S =    4 Omega = +9.312099032626 eV  lamdba = +133.16 nm <FT> = +15.8844 <K_x> = +1.0287 <K_d> = -7.6010
T00 ERR ...            TrDipole length gauge[e*bohr]  dx = +0.1912 dy = -0.3488 dz = -0.6980 |d|^2 = +0.6454 f = +0.1472
T00 ERR ...            HOMO-1   -> LUMO+0    : 74.0%
T00 ERR ... 
T00 ERR ...   S =    5 Omega = +9.460830286793 eV  lamdba = +131.07 nm <FT> = +16.9361 <K_x> = +0.6379 <K_d> = -8.1131
T00 ERR ...            TrDipole length gauge[e*bohr]  dx = +0.0683 dy = -0.0261 dz = -0.0867 |d|^2 = +0.0129 f = +0.0030
T00 ERR ...            HOMO-4   -> LUMO+0    : 78.0%
T00 ERR ... 
T00 ERR ...   S =    6 Omega = +9.774101985948 eV  lamdba = +126.87 nm <FT> = +15.5171 <K_x> = +0.1750 <K_d> = -5.9179
T00 ERR ...            TrDipole length gauge[e*bohr]  dx = -0.0479 dy = +0.2257 dz = -0.2376 |d|^2 = +0.1097 f = +0.0263
T00 ERR ...            HOMO-0   -> LUMO+3    : 82.7%
T00 ERR ... 
T00 ERR ...   S =    7 Omega = +10.017085758263 eV  lamdba = +123.79 nm <FT> = +15.3751 <K_x> = +0.3556 <K_d> = -5.7137
T00 ERR ...            TrDipole length gauge[e*bohr]  dx = -0.0582 dy = +0.1107 dz = +0.4598 |d|^2 = +0.2271 f = +0.0557
T00 ERR ...            HOMO-0   -> LUMO+2    : 63.7%
T00 ERR ... 
T00 ERR ...   S =    8 Omega = +10.277467010388 eV  lamdba = +120.65 nm <FT> = +16.2955 <K_x> = +0.3290 <K_d> = -6.3470
T00 ERR ...            TrDipole length gauge[e*bohr]  dx = -0.0500 dy = -0.0086 dz = -0.1387 |d|^2 = +0.0218 f = +0.0055
T00 ERR ...            HOMO-3   -> LUMO+0    : 63.3%
T00 ERR ... 
T00 ERR ...   S =    9 Omega = +10.467764630550 eV  lamdba = +118.46 nm <FT> = +16.0856 <K_x> = +0.3100 <K_d> = -5.9278
T00 ERR ...            TrDipole length gauge[e*bohr]  dx = -0.2473 dy = +0.4847 dz = -0.0369 |d|^2 = +0.2975 f = +0.0763
T00 ERR ... 
T00 ERR ...   S =   10 Omega = +10.609137651301 eV  lamdba = +116.88 nm <FT> = +16.0321 <K_x> = +0.1694 <K_d> = -5.5923
T00 ERR ...            TrDipole length gauge[e*bohr]  dx = -0.0893 dy = +0.1892 dz = -0.1378 |d|^2 = +0.0628 f = +0.0163
T00 ERR ...            HOMO-0   -> LUMO+5    : 51.3%
T00 ERR ... 
T00 ERR ...   S =   11 Omega = +10.758974549576 eV  lamdba = +115.25 nm <FT> = +16.4742 <K_x> = +0.4659 <K_d> = -6.1811
T00 ERR ...            TrDipole length gauge[e*bohr]  dx = +0.5094 dy = -0.8101 dz = +0.4161 |d|^2 = +1.0889 f = +0.2870
T00 ERR ... 
T00 ERR ...   S =   12 Omega = +10.794141284235 eV  lamdba = +114.88 nm <FT> = +16.4736 <K_x> = +0.3496 <K_d> = -6.0290
T00 ERR ...            TrDipole length gauge[e*bohr]  dx = +0.2551 dy = +0.3952 dz = -0.1307 |d|^2 = +0.2383 f = +0.0630
T00 ERR ...            HOMO-1   -> LUMO+1    : 80.8%
T00 ERR ... 
T00 ERR ... 2021-7-12 13:54:51 BSE calculation took 0.400540182 seconds.
T00 ERR ... 2021-7-12 13:54:51 GWBSE calculation finished 
T00 ERR ... Next State is: s1
T00 ERR ... 2021-7-12 13:54:51 Evaluating polar 1
T00 ERR ... 2021-7-12 13:54:51 Evaluating interaction between polar 1 and qm 0
T00 ERR ... Next State is: s1
T00 ERR ... 2021-7-12 13:54:51 Starting Solving for classical polarization with 864 degrees of freedom.
T00 ERR ... 2021-7-12 13:54:51 CG: #iterations: 0, estimated error: 3.872721038e-06
T00 ERR ...   Total static energy [hrt]= -1.06520276
T00 ERR ...   Total polar energy [hrt]= -0.3367168252
T00 ERR ...  Total energy [hrt]= -1.401919585
T00 ERR ... 2021-7-12 13:54:51 Writing checkpoint to checkpoint_iter_4.hdf5
T00 ERR ...  Region:qm 0 is converged deltaE=-8.510853121e-06 RMS Dmat=9.992264462e-07 MaxDmat=2.174892174e-05
T00 ERR ... 2021-7-12 13:54:51 Region:polar 1 is converged deltaE=3.569381504e-07
T00 ERR ... 2021-7-12 13:54:51 --Total Energy all regions -194.2659195
T00 ERR ... 2021-7-12 13:54:51 Job converged after 4 iterations.
T00 ERR ... Next State is: s1
T00 ERR ... Reporting job results

T00 ERR ... Requesting next job
T00 ERR ... Assign jobs from stack
T00 ERR ... Sync did not yield any new jobs.
T00 ERR ... Next job: ID = - (none available)
MST ERR Assign jobs from stack
Changes have not been written to state file.
