==================================================
========   VOTCA (http://www.votca.org)   ========
==================================================

please submit bugs to https://github.com/votca/xtp/issues

xtp_map, version 2022-dev gitid: 60fc73d (dirty) (compiled Jul  9 2021, 11:25:47)
votca_csg, version 2022-dev gitid: 60fc73d (dirty) (compiled Jul  9 2021, 11:25:45)
votca_tools, version 2022-dev gitid: 60fc73d (dirty) (compiled Jul  9 2021, 11:25:45)


WARNING: The votca lammps data reader is only able to read lammps files formatted in the following styles:
angle
atom
bond
full
molecule

These styles use the following formats in the atom block:
atom-ID molecule-ID atom-type charge x y z
atom-ID molecule-ID atom-type charge x y z nx ny nz
atom-ID molecule-ID atom-type x y z
atom-ID molecule-ID atom-type x y z nx ny nz
atom-ID atom-type x y z
atom-ID atom-type x y z nx ny nz

Unable to associate mass 15.035 with element assuming pseudo atom, assigning name Bead6 .
Unable to associate mass 15.035 with element assuming pseudo atom, assigning name Bead9 .
Unable to associate mass 15.035 with element assuming pseudo atom, assigning name Bead10 .
Unable to associate mass 15.035 with element assuming pseudo atom, assigning name Bead11 .
Unable to associate mass 15.035 with element assuming pseudo atom, assigning name Bead12 .
Unable to associate mass 13.019 with element assuming pseudo atom, assigning name Bead15 .
Unable to associate mass 13.019 with element assuming pseudo atom, assigning name Bead16 .
Unable to associate mass 13.019 with element assuming pseudo atom, assigning name Bead17 .
Unable to associate mass 15.035 with element assuming pseudo atom, assigning name Bead22 .
Unable to associate mass 15.035 with element assuming pseudo atom, assigning name Bead30 .
Unable to associate mass 15.035 with element assuming pseudo atom, assigning name Bead32 .
Unable to associate mass 15.035 with element assuming pseudo atom, assigning name Bead34 .
Unable to associate mass 15.035 with element assuming pseudo atom, assigning name Bead38 .
Unable to associate mass 13.019 with element assuming pseudo atom, assigning name Bead39 .
Unable to associate mass 15.035 with element assuming pseudo atom, assigning name Bead42 .
Unable to associate mass 15.035 with element assuming pseudo atom, assigning name Bead52 .
Unable to associate mass 15.035 with element assuming pseudo atom, assigning name Bead56 .
Unable to associate mass 1e-30 with element assuming pseudo atom, assigning name Bead67 .
Unable to associate mass 1e-30 with element assuming pseudo atom, assigning name Bead72 .
Unable to associate mass 1e-30 with element assuming pseudo atom, assigning name Bead75 .
Unable to associate mass 15.035 with element assuming pseudo atom, assigning name Bead339 .
Unable to associate mass 18.039 with element assuming pseudo atom, assigning name Bead347 .
Unable to associate mass 1e-30 with element assuming pseudo atom, assigning name Bead375 .
Unable to associate mass 238.029 with element assuming pseudo atom, assigning name Bead378 .
Unable to associate mass 227.0 with element assuming pseudo atom, assigning name Bead638 .
Unable to associate mass 232.038 with element assuming pseudo atom, assigning name Bead639 .
Unable to associate mass 243.0 with element assuming pseudo atom, assigning name Bead640 .
Unable to associate mass 138.906 with element assuming pseudo atom, assigning name Bead644 .
Unable to associate mass 144.24 with element assuming pseudo atom, assigning name Bead645 .
Unable to associate mass 151.96 with element assuming pseudo atom, assigning name Bead646 .
Unable to associate mass 157.25 with element assuming pseudo atom, assigning name Bead647 .
Unable to associate mass 173.04 with element assuming pseudo atom, assigning name Bead648 .
Unable to associate mass 1e-30 with element assuming pseudo atom, assigning name Bead834 .

WARNING Impropers are not currently supported, skipping.

Element: O
molname_map 0
Element: C
molname_map 0
Element: C
molname_map 1
Element: C
molname_map 2
Element: H
molname_map 0
Element: H
molname_map 1
Element: H
molname_map 2
Element: H
molname_map 3
Element: H
molname_map 4
Element: H
molname_map 5
C3H6O1
Element: O
molname_map 0
Element: H
molname_map 0
Element: H
molname_map 1
H2O1
Element: O
molname_map 0
Element: H
molname_map 0
Element: H
molname_map 1
H2O1
Element: O
molname_map 0
Element: H
molname_map 0
Element: H
molname_map 1
H2O1
Element: O
molname_map 0
Element: H
molname_map 0
Element: H
molname_map 1
H2O1
Element: O
molname_map 0
Element: H
molname_map 0
Element: H
molname_map 1
H2O1
Element: O
molname_map 0
Element: H
molname_map 0
Element: H
molname_map 1
H2O1
Element: O
molname_map 0
Element: H
molname_map 0
Element: H
molname_map 1
H2O1
Element: O
molname_map 0
Element: H
molname_map 0
Element: H
molname_map 1
H2O1
Element: O
molname_map 0
Element: H
molname_map 0
Element: H
molname_map 1
H2O1
Element: O
molname_map 0
Element: H
molname_map 0
Element: H
molname_map 1
H2O1
Element: O
molname_map 0
Element: H
molname_map 0
Element: H
molname_map 1
H2O1
Element: O
molname_map 0
Element: H
molname_map 0
Element: H
molname_map 1
H2O1
Element: O
molname_map 0
Element: H
molname_map 0
Element: H
molname_map 1
H2O1
Element: O
molname_map 0
Element: H
molname_map 0
Element: H
molname_map 1
H2O1
Element: O
molname_map 0
Element: H
molname_map 0
Element: H
molname_map 1
H2O1
Element: O
molname_map 0
Element: H
molname_map 0
Element: H
molname_map 1
H2O1
Element: O
molname_map 0
Element: H
molname_map 0
Element: H
molname_map 1
H2O1
Element: O
molname_map 0
Element: H
molname_map 0
Element: H
molname_map 1
H2O1
Element: O
molname_map 0
Element: H
molname_map 0
Element: H
molname_map 1
H2O1
Element: O
molname_map 0
Element: H
molname_map 0
Element: H
molname_map 1
H2O1
Element: O
molname_map 0
Element: H
molname_map 0
Element: H
molname_map 1
H2O1
Element: O
molname_map 0
Element: H
molname_map 0
Element: H
molname_map 1
H2O1
Element: O
molname_map 0
Element: H
molname_map 0
Element: H
molname_map 1
H2O1
Element: O
molname_map 0
Element: H
molname_map 0
Element: H
molname_map 1
H2O1
Element: O
molname_map 0
Element: H
molname_map 0
Element: H
molname_map 1
H2O1
Element: O
molname_map 0
Element: H
molname_map 0
Element: H
molname_map 1
H2O1
Element: O
molname_map 0
Element: H
molname_map 0
Element: H
molname_map 1
H2O1
Element: O
molname_map 0
Element: H
molname_map 0
Element: H
molname_map 1
H2O1
Element: O
molname_map 0
Element: H
molname_map 0
Element: H
molname_map 1
H2O1
Element: O
molname_map 0
Element: H
molname_map 0
Element: H
molname_map 1
H2O1
Element: O
molname_map 0
Element: H
molname_map 0
Element: H
molname_map 1
H2O1
Element: O
molname_map 0
Element: H
molname_map 0
Element: H
molname_map 1
H2O1
Element: O
molname_map 0
Element: H
molname_map 0
Element: H
molname_map 1
H2O1
Element: O
molname_map 0
Element: H
molname_map 0
Element: H
molname_map 1
H2O1
Element: O
molname_map 0
Element: H
molname_map 0
Element: H
molname_map 1
H2O1
Element: O
molname_map 0
Element: H
molname_map 0
Element: H
molname_map 1
H2O1
Element: O
molname_map 0
Element: H
molname_map 0
Element: H
molname_map 1
H2O1
Element: O
molname_map 0
Element: H
molname_map 0
Element: H
molname_map 1
H2O1
Element: O
molname_map 0
Element: H
molname_map 0
Element: H
molname_map 1
H2O1
Element: O
molname_map 0
Element: H
molname_map 0
Element: H
molname_map 1
H2O1
Element: O
molname_map 0
Element: H
molname_map 0
Element: H
molname_map 1
H2O1
Element: O
molname_map 0
Element: H
molname_map 0
Element: H
molname_map 1
H2O1
Element: O
molname_map 0
Element: H
molname_map 0
Element: H
molname_map 1
H2O1
Element: O
molname_map 0
Element: H
molname_map 0
Element: H
molname_map 1
H2O1
Element: O
molname_map 0
Element: H
molname_map 0
Element: H
molname_map 1
H2O1
Element: O
molname_map 0
Element: H
molname_map 0
Element: H
molname_map 1
H2O1
Element: O
molname_map 0
Element: H
molname_map 0
Element: H
molname_map 1
H2O1
Element: O
molname_map 0
Element: H
molname_map 0
Element: H
molname_map 1
H2O1
Element: O
molname_map 0
Element: H
molname_map 0
Element: H
molname_map 1
H2O1
Element: O
molname_map 0
Element: H
molname_map 0
Element: H
molname_map 1
H2O1
Element: O
molname_map 0
Element: H
molname_map 0
Element: H
molname_map 1
H2O1
Element: O
molname_map 0
Element: H
molname_map 0
Element: H
molname_map 1
H2O1
Element: O
molname_map 0
Element: H
molname_map 0
Element: H
molname_map 1
H2O1
Element: O
molname_map 0
Element: H
molname_map 0
Element: H
molname_map 1
H2O1
Element: O
molname_map 0
Element: H
molname_map 0
Element: H
molname_map 1
H2O1
Element: O
molname_map 0
Element: H
molname_map 0
Element: H
molname_map 1
H2O1
Element: O
molname_map 0
Element: H
molname_map 0
Element: H
molname_map 1
H2O1
Element: O
molname_map 0
Element: H
molname_map 0
Element: H
molname_map 1
H2O1
Element: O
molname_map 0
Element: H
molname_map 0
Element: H
molname_map 1
H2O1
Element: O
molname_map 0
Element: H
molname_map 0
Element: H
molname_map 1
H2O1
Element: O
molname_map 0
Element: H
molname_map 0
Element: H
molname_map 1
H2O1
Element: O
molname_map 0
Element: H
molname_map 0
Element: H
molname_map 1
H2O1
Element: O
molname_map 0
Element: H
molname_map 0
Element: H
molname_map 1
H2O1
Element: O
molname_map 0
Element: H
molname_map 0
Element: H
molname_map 1
H2O1
Element: O
molname_map 0
Element: H
molname_map 0
Element: H
molname_map 1
H2O1
Element: O
molname_map 0
Element: H
molname_map 0
Element: H
molname_map 1
H2O1
Element: O
molname_map 0
Element: H
molname_map 0
Element: H
molname_map 1
H2O1
Element: O
molname_map 0
Element: H
molname_map 0
Element: H
molname_map 1
H2O1
Element: O
molname_map 0
Element: H
molname_map 0
Element: H
molname_map 1
H2O1
Element: O
molname_map 0
Element: H
molname_map 0
Element: H
molname_map 1
H2O1
Element: O
molname_map 0
Element: H
molname_map 0
Element: H
molname_map 1
H2O1
Element: O
molname_map 0
Element: H
molname_map 0
Element: H
molname_map 1
H2O1
Element: O
molname_map 0
Element: H
molname_map 0
Element: H
molname_map 1
H2O1
Element: O
molname_map 0
Element: H
molname_map 0
Element: H
molname_map 1
H2O1
Element: O
molname_map 0
Element: H
molname_map 0
Element: H
molname_map 1
H2O1
Element: O
molname_map 0
Element: H
molname_map 0
Element: H
molname_map 1
H2O1
Element: O
molname_map 0
Element: H
molname_map 0
Element: H
molname_map 1
H2O1
Element: O
molname_map 0
Element: H
molname_map 0
Element: H
molname_map 1
H2O1
Element: O
molname_map 0
Element: H
molname_map 0
Element: H
molname_map 1
H2O1
Element: O
molname_map 0
Element: H
molname_map 0
Element: H
molname_map 1
H2O1
Element: O
molname_map 0
Element: H
molname_map 0
Element: H
molname_map 1
H2O1
Element: O
molname_map 0
Element: H
molname_map 0
Element: H
molname_map 1
H2O1
Element: O
molname_map 0
Element: H
molname_map 0
Element: H
molname_map 1
H2O1
Element: O
molname_map 0
Element: H
molname_map 0
Element: H
molname_map 1
H2O1
Element: O
molname_map 0
Element: H
molname_map 0
Element: H
molname_map 1
H2O1
Element: O
molname_map 0
Element: H
molname_map 0
Element: H
molname_map 1
H2O1
Element: O
molname_map 0
Element: H
molname_map 0
Element: H
molname_map 1
H2O1
Element: O
molname_map 0
Element: H
molname_map 0
Element: H
molname_map 1
H2O1
Element: O
molname_map 0
Element: H
molname_map 0
Element: H
molname_map 1
H2O1
Element: O
molname_map 0
Element: H
molname_map 0
Element: H
molname_map 1
H2O1
Element: O
molname_map 0
Element: H
molname_map 0
Element: H
molname_map 1
H2O1
Element: O
molname_map 0
Element: H
molname_map 0
Element: H
molname_map 1
H2O1
Element: O
molname_map 0
Element: H
molname_map 0
Element: H
molname_map 1
H2O1
Element: O
molname_map 0
Element: H
molname_map 0
Element: H
molname_map 1
H2O1
Element: O
molname_map 0
Element: H
molname_map 0
Element: H
molname_map 1
H2O1
Element: O
molname_map 0
Element: H
molname_map 0
Element: H
molname_map 1
H2O1
Element: O
molname_map 0
Element: H
molname_map 0
Element: H
molname_map 1
H2O1
Element: O
molname_map 0
Element: H
molname_map 0
Element: H
molname_map 1
H2O1
Element: O
molname_map 0
Element: H
molname_map 0
Element: H
molname_map 1
H2O1
Element: O
molname_map 0
Element: H
molname_map 0
Element: H
molname_map 1
H2O1
Element: O
molname_map 0
Element: H
molname_map 0
Element: H
molname_map 1
H2O1
Element: O
molname_map 0
Element: H
molname_map 0
Element: H
molname_map 1
H2O1
Element: O
molname_map 0
Element: H
molname_map 0
Element: H
molname_map 1
H2O1
Element: O
molname_map 0
Element: H
molname_map 0
Element: H
molname_map 1
H2O1
Element: O
molname_map 0
Element: H
molname_map 0
Element: H
molname_map 1
H2O1
Element: O
molname_map 0
Element: H
molname_map 0
Element: H
molname_map 1
H2O1
Element: O
molname_map 0
Element: H
molname_map 0
Element: H
molname_map 1
H2O1
Element: O
molname_map 0
Element: H
molname_map 0
Element: H
molname_map 1
H2O1
Element: O
molname_map 0
Element: H
molname_map 0
Element: H
molname_map 1
H2O1
Element: O
molname_map 0
Element: H
molname_map 0
Element: H
molname_map 1
H2O1
Element: O
molname_map 0
Element: H
molname_map 0
Element: H
molname_map 1
H2O1
Element: O
molname_map 0
Element: H
molname_map 0
Element: H
molname_map 1
H2O1
Element: O
molname_map 0
Element: H
molname_map 0
Element: H
molname_map 1
H2O1
Element: O
molname_map 0
Element: H
molname_map 0
Element: H
molname_map 1
H2O1
Element: O
molname_map 0
Element: H
molname_map 0
Element: H
molname_map 1
H2O1
Element: O
molname_map 0
Element: H
molname_map 0
Element: H
molname_map 1
H2O1
Element: O
molname_map 0
Element: H
molname_map 0
Element: H
molname_map 1
H2O1
Element: O
molname_map 0
Element: H
molname_map 0
Element: H
molname_map 1
H2O1
Element: O
molname_map 0
Element: H
molname_map 0
Element: H
molname_map 1
H2O1
Element: O
molname_map 0
Element: H
molname_map 0
Element: H
molname_map 1
H2O1
Element: O
molname_map 0
Element: H
molname_map 0
Element: H
molname_map 1
H2O1
Element: O
molname_map 0
Element: H
molname_map 0
Element: H
molname_map 1
H2O1
Element: O
molname_map 0
Element: H
molname_map 0
Element: H
molname_map 1
H2O1
Element: O
molname_map 0
Element: H
molname_map 0
Element: H
molname_map 1
H2O1
Element: O
molname_map 0
Element: H
molname_map 0
Element: H
molname_map 1
H2O1
Element: O
molname_map 0
Element: H
molname_map 0
Element: H
molname_map 1
H2O1
Element: O
molname_map 0
Element: H
molname_map 0
Element: H
molname_map 1
H2O1
Element: O
molname_map 0
Element: H
molname_map 0
Element: H
molname_map 1
H2O1
Element: O
molname_map 0
Element: H
molname_map 0
Element: H
molname_map 1
H2O1
Element: O
molname_map 0
Element: H
molname_map 0
Element: H
molname_map 1
H2O1
Element: O
molname_map 0
Element: H
molname_map 0
Element: H
molname_map 1
H2O1
Element: O
molname_map 0
Element: H
molname_map 0
Element: H
molname_map 1
H2O1
Element: O
molname_map 0
Element: H
molname_map 0
Element: H
molname_map 1
H2O1
Element: O
molname_map 0
Element: H
molname_map 0
Element: H
molname_map 1
H2O1
Element: O
molname_map 0
Element: H
molname_map 0
Element: H
molname_map 1
H2O1
Element: O
molname_map 0
Element: H
molname_map 0
Element: H
molname_map 1
H2O1
Element: O
molname_map 0
Element: H
molname_map 0
Element: H
molname_map 1
H2O1
Element: O
molname_map 0
Element: H
molname_map 0
Element: H
molname_map 1
H2O1
Element: O
molname_map 0
Element: H
molname_map 0
Element: H
molname_map 1
H2O1
Element: O
molname_map 0
Element: H
molname_map 0
Element: H
molname_map 1
H2O1
Element: O
molname_map 0
Element: H
molname_map 0
Element: H
molname_map 1
H2O1
Element: O
molname_map 0
Element: H
molname_map 0
Element: H
molname_map 1
H2O1
Element: O
molname_map 0
Element: H
molname_map 0
Element: H
molname_map 1
H2O1
Element: O
molname_map 0
Element: H
molname_map 0
Element: H
molname_map 1
H2O1
Element: O
molname_map 0
Element: H
molname_map 0
Element: H
molname_map 1
H2O1
Element: O
molname_map 0
Element: H
molname_map 0
Element: H
molname_map 1
H2O1
Element: O
molname_map 0
Element: H
molname_map 0
Element: H
molname_map 1
H2O1
Element: O
molname_map 0
Element: H
molname_map 0
Element: H
molname_map 1
H2O1
Element: O
molname_map 0
Element: H
molname_map 0
Element: H
molname_map 1
H2O1
Element: O
molname_map 0
Element: H
molname_map 0
Element: H
molname_map 1
H2O1
Element: O
molname_map 0
Element: H
molname_map 0
Element: H
molname_map 1
H2O1
Element: O
molname_map 0
Element: H
molname_map 0
Element: H
molname_map 1
H2O1
Element: O
molname_map 0
Element: H
molname_map 0
Element: H
molname_map 1
H2O1
Element: O
molname_map 0
Element: H
molname_map 0
Element: H
molname_map 1
H2O1
Element: O
molname_map 0
Element: H
molname_map 0
Element: H
molname_map 1
H2O1
Element: O
molname_map 0
Element: H
molname_map 0
Element: H
molname_map 1
H2O1
Element: O
molname_map 0
Element: H
molname_map 0
Element: H
molname_map 1
H2O1
Element: O
molname_map 0
Element: H
molname_map 0
Element: H
molname_map 1
H2O1
Element: O
molname_map 0
Element: H
molname_map 0
Element: H
molname_map 1
H2O1
Element: O
molname_map 0
Element: H
molname_map 0
Element: H
molname_map 1
H2O1
Element: O
molname_map 0
Element: H
molname_map 0
Element: H
molname_map 1
H2O1
Element: O
molname_map 0
Element: H
molname_map 0
Element: H
molname_map 1
H2O1
Element: O
molname_map 0
Element: H
molname_map 0
Element: H
molname_map 1
H2O1
Element: O
molname_map 0
Element: H
molname_map 0
Element: H
molname_map 1
H2O1
Element: O
molname_map 0
Element: H
molname_map 0
Element: H
molname_map 1
H2O1
Element: O
molname_map 0
Element: H
molname_map 0
Element: H
molname_map 1
H2O1
Element: O
molname_map 0
Element: H
molname_map 0
Element: H
molname_map 1
H2O1
Element: O
molname_map 0
Element: H
molname_map 0
Element: H
molname_map 1
H2O1
Element: O
molname_map 0
Element: H
molname_map 0
Element: H
molname_map 1
H2O1
Element: O
molname_map 0
Element: H
molname_map 0
Element: H
molname_map 1
H2O1
Element: O
molname_map 0
Element: H
molname_map 0
Element: H
molname_map 1
H2O1
Element: O
molname_map 0
Element: H
molname_map 0
Element: H
molname_map 1
H2O1
Element: O
molname_map 0
Element: H
molname_map 0
Element: H
molname_map 1
H2O1
Element: O
molname_map 0
Element: H
molname_map 0
Element: H
molname_map 1
H2O1
Element: O
molname_map 0
Element: H
molname_map 0
Element: H
molname_map 1
H2O1
Element: O
molname_map 0
Element: H
molname_map 0
Element: H
molname_map 1
H2O1
Element: O
molname_map 0
Element: H
molname_map 0
Element: H
molname_map 1
H2O1
Element: O
molname_map 0
Element: H
molname_map 0
Element: H
molname_map 1
H2O1
Element: O
molname_map 0
Element: H
molname_map 0
Element: H
molname_map 1
H2O1
Element: O
molname_map 0
Element: H
molname_map 0
Element: H
molname_map 1
H2O1
Element: O
molname_map 0
Element: H
molname_map 0
Element: H
molname_map 1
H2O1
Element: O
molname_map 0
Element: H
molname_map 0
Element: H
molname_map 1
H2O1
Element: O
molname_map 0
Element: H
molname_map 0
Element: H
molname_map 1
H2O1
Element: O
molname_map 0
Element: H
molname_map 0
Element: H
molname_map 1
H2O1
Element: O
molname_map 0
Element: H
molname_map 0
Element: H
molname_map 1
H2O1
Element: O
molname_map 0
Element: H
molname_map 0
Element: H
molname_map 1
H2O1
Element: O
molname_map 0
Element: H
molname_map 0
Element: H
molname_map 1
H2O1
Element: O
molname_map 0
Element: H
molname_map 0
Element: H
molname_map 1
H2O1
Element: O
molname_map 0
Element: H
molname_map 0
Element: H
molname_map 1
H2O1
Element: O
molname_map 0
Element: H
molname_map 0
Element: H
molname_map 1
H2O1
Element: O
molname_map 0
Element: H
molname_map 0
Element: H
molname_map 1
H2O1
Element: O
molname_map 0
Element: H
molname_map 0
Element: H
molname_map 1
H2O1
Element: O
molname_map 0
Element: H
molname_map 0
Element: H
molname_map 1
H2O1
Element: O
molname_map 0
Element: H
molname_map 0
Element: H
molname_map 1
H2O1
Element: O
molname_map 0
Element: H
molname_map 0
Element: H
molname_map 1
H2O1
Element: O
molname_map 0
Element: H
molname_map 0
Element: H
molname_map 1
H2O1
Element: O
molname_map 0
Element: H
molname_map 0
Element: H
molname_map 1
H2O1
Element: O
molname_map 0
Element: H
molname_map 0
Element: H
molname_map 1
H2O1
Element: O
molname_map 0
Element: H
molname_map 0
Element: H
molname_map 1
H2O1
Element: O
molname_map 0
Element: H
molname_map 0
Element: H
molname_map 1
H2O1
Element: O
molname_map 0
Element: H
molname_map 0
Element: H
molname_map 1
H2O1
Element: O
molname_map 0
Element: H
molname_map 0
Element: H
molname_map 1
H2O1
Element: O
molname_map 0
Element: H
molname_map 0
Element: H
molname_map 1
H2O1
Element: O
molname_map 0
Element: H
molname_map 0
Element: H
molname_map 1
H2O1
Element: O
molname_map 0
Element: H
molname_map 0
Element: H
molname_map 1
H2O1
Element: O
molname_map 0
Element: H
molname_map 0
Element: H
molname_map 1
H2O1
Element: O
molname_map 0
Element: H
molname_map 0
Element: H
molname_map 1
H2O1
Element: O
molname_map 0
Element: H
molname_map 0
Element: H
molname_map 1
H2O1
Element: O
molname_map 0
Element: H
molname_map 0
Element: H
molname_map 1
H2O1
Element: O
molname_map 0
Element: H
molname_map 0
Element: H
molname_map 1
H2O1
Element: O
molname_map 0
Element: H
molname_map 0
Element: H
molname_map 1
H2O1
Element: O
molname_map 0
Element: H
molname_map 0
Element: H
molname_map 1
H2O1
Element: O
molname_map 0
Element: H
molname_map 0
Element: H
molname_map 1
H2O1
Element: O
molname_map 0
Element: H
molname_map 0
Element: H
molname_map 1
H2O1
Element: O
molname_map 0
Element: H
molname_map 0
Element: H
molname_map 1
H2O1
Element: O
molname_map 0
Element: H
molname_map 0
Element: H
molname_map 1
H2O1
Read MD topology from system.data: Found 658 atoms in 217 molecules. 
Reading frame, timestep 798500
Read MD trajectory from traj1.dump: found 1 frames, starting from frame 0

xtp_map : state file 'state.hdf5' already in use. Delete the current statefile or specify a different name.
