==================================================
========   VOTCA (http://www.votca.org)   ========
==================================================

please submit bugs to https://github.com/votca/xtp/issues

xtp_parallel, version 2022-dev gitid: 447ccb0 (dirty) (compiled Jul 12 2021, 15:34:20)
votca_csg, version 2022-dev gitid: 447ccb0 (dirty) (compiled Jul 12 2021, 15:29:28)
votca_tools, version 2022-dev gitid: 447ccb0 (dirty) (compiled Jul 12 2021, 15:28:35)

Initializing calculator
... qmmm

... ... Initialized with 1 threads.

... ... Using 6 openmp threads for 1x6=6 total threads.
1 frames in statefile, Ids are: 798500 
Starting at frame 798500
Evaluating frame 798500
Import MD Topology (i.e. frame 798500) from state.hdf5
.... 
... qmmm 
MST ERR Job file = 'qmmm_jobs.xml', cache size =  8
MST ERR Initialize jobs from qmmm_jobs.xml
MST ERR Registered 2 jobs.
T00 ERR ... Requesting next job
T00 ERR ... Assign jobs from stack
T00 ERR ... Next job: ID = 0=> [ 0%] 
T00 ERR ...  Regions created
T00 ERR ... Id: 0 type: qmregion size: 1 charge[e]= 32
T00 ERR ... Id: 1 type: polarregion size: 96 charge[e]= 0
T00 ERR ... 2021-7-14 15:39:38 Writing jobtopology to QMMM/frame_798500/job_0_ACETONE_0:n/regions.pdb
T00 ERR ... 2021-7-14 15:39:38 --Inter Region SCF Iteration 1 of 5
T00 ERR ... 2021-7-14 15:39:38 Evaluating qmregion 0
T00 ERR ... 2021-7-14 15:39:38 Evaluating interaction between qmregion 0 and polarregion 1
T00 ERR ... Loaded Basis Set def2-tzvp
T00 ERR ... Loaded Basis Set aux-def2-tzvp
T00 ERR ... Running DFT calculation
T00 ERR ... Running Orca job
Reading the input file temp.gbw               ... done
Writing the output file temp.molden.input     ... done

T00 ERR ... Finished Orca job
T00 ERR ... 2021-7-14 15:39:47 DFT calculation took 9.01533 seconds.
T00 ERR ... Parsing temp.log
T00 ERR ... Reading Coordinates and occupationnumbers and energies from QMMM/frame_798500/job_0_ACETONE_0:n/temp.log
T00 ERR ... Getting the coordinates
T00 ERR ... DFT with 0.25 of HF exchange!
T00 ERR ... QM energy[Hrt]: -193.025298 
T00 ERR ... Done reading Log file
T00 ERR ... Reading Molden file
T00 ERR ... Molden file: QMMM/frame_798500/job_0_ACETONE_0:n/temp.molden.input
T00 ERR ... Reading atoms using AU units.
T00 ERR ... Basisset specification is ignored.
T00 ERR ... Basissets are specified via the mol2orb.xml options file.
T00 ERR ... Reading molecular orbital coefficients
T00 ERR ... Done parsing molden file
T00 ERR ... Done parsing
T00 ERR ... 2021-7-14 15:39:47 Evaluating polarregion 1
T00 ERR ... 2021-7-14 15:39:47 Evaluating interaction between polarregion 1 and qmregion 0
T00 ERR ... 2021-7-14 15:39:48 Starting Solving for classical polarization with 864 degrees of freedom.
T00 ERR ... 2021-7-14 15:39:48 CG: #iterations: 7, estimated error: 3.47196e-06
T00 ERR ...   Total static energy [hrt]= -1.06520276
T00 ERR ...   Total polar energy [hrt]= -0.3342803951
T00 ERR ...  Total energy [hrt]= -1.399483155
T00 ERR ... 2021-7-14 15:39:48 Writing checkpoint to checkpoint_iter_1.hdf5
T00 ERR ...  Region:qmregion 0 is not converged deltaE=-193.0252977 RMS Dmat=0.02453093511 MaxDmat=0.9412444991
T00 ERR ... 2021-7-14 15:39:48 Region:polarregion 1 is not converged deltaE=-1.399483155
T00 ERR ... 2021-7-14 15:39:48 --Total Energy all regions -194.4247808
T00 ERR ... 2021-7-14 15:39:48 --Inter Region SCF Iteration 2 of 5
T00 ERR ... 2021-7-14 15:39:48 Evaluating qmregion 0
T00 ERR ... 2021-7-14 15:39:48 Evaluating interaction between qmregion 0 and polarregion 1
T00 ERR ... Loaded Basis Set def2-tzvp
T00 ERR ... Loaded Basis Set aux-def2-tzvp
T00 ERR ... Running DFT calculation
T00 ERR ... Running Orca job
Reading the input file temp.gbw               ... done
Writing the output file temp.molden.input     ... done

T00 ERR ... Finished Orca job
T00 ERR ... 2021-7-14 15:39:55 DFT calculation took 7.635052012 seconds.
T00 ERR ... Parsing temp.log
T00 ERR ... Reading Coordinates and occupationnumbers and energies from QMMM/frame_798500/job_0_ACETONE_0:n/temp.log
T00 ERR ... Getting the coordinates
T00 ERR ... DFT with 0.25 of HF exchange!
T00 ERR ... QM energy[Hrt]: -193.031348 
T00 ERR ... Done reading Log file
T00 ERR ... Reading Molden file
T00 ERR ... Molden file: QMMM/frame_798500/job_0_ACETONE_0:n/temp.molden.input
T00 ERR ... Reading atoms using AU units.
T00 ERR ... Basisset specification is ignored.
T00 ERR ... Basissets are specified via the mol2orb.xml options file.
T00 ERR ... Reading molecular orbital coefficients
T00 ERR ... Done parsing molden file
T00 ERR ... Done parsing
T00 ERR ... 2021-7-14 15:39:55 Evaluating polarregion 1
T00 ERR ... 2021-7-14 15:39:55 Evaluating interaction between polarregion 1 and qmregion 0
T00 ERR ... 2021-7-14 15:39:56 Starting Solving for classical polarization with 864 degrees of freedom.
T00 ERR ... 2021-7-14 15:39:56 CG: #iterations: 4, estimated error: 6.060611943e-06
T00 ERR ...   Total static energy [hrt]= -1.06520276
T00 ERR ...   Total polar energy [hrt]= -0.3338944384
T00 ERR ...  Total energy [hrt]= -1.399097198
T00 ERR ... 2021-7-14 15:39:56 Writing checkpoint to checkpoint_iter_2.hdf5
T00 ERR ...  Region:qmregion 0 is not converged deltaE=-0.00605000866 RMS Dmat=0.000577908286 MaxDmat=0.01557846804
T00 ERR ... 2021-7-14 15:39:56 Region:polarregion 1 is not converged deltaE=0.0003859567258
T00 ERR ... 2021-7-14 15:39:56 --Total Energy all regions -194.4304449
T00 ERR ... 2021-7-14 15:39:56 --Inter Region SCF Iteration 3 of 5
T00 ERR ... 2021-7-14 15:39:56 Evaluating qmregion 0
T00 ERR ... 2021-7-14 15:39:56 Evaluating interaction between qmregion 0 and polarregion 1
T00 ERR ... Loaded Basis Set def2-tzvp
T00 ERR ... Loaded Basis Set aux-def2-tzvp
T00 ERR ... Running DFT calculation
T00 ERR ... Running Orca job
Reading the input file temp.gbw               ... done
Writing the output file temp.molden.input     ... done

T00 ERR ... Finished Orca job
T00 ERR ... 2021-7-14 15:40:5 DFT calculation took 8.726467361 seconds.
T00 ERR ... Parsing temp.log
T00 ERR ... Reading Coordinates and occupationnumbers and energies from QMMM/frame_798500/job_0_ACETONE_0:n/temp.log
T00 ERR ... Getting the coordinates
T00 ERR ... DFT with 0.25 of HF exchange!
T00 ERR ... QM energy[Hrt]: -193.031747 
T00 ERR ... Done reading Log file
T00 ERR ... Reading Molden file
T00 ERR ... Molden file: QMMM/frame_798500/job_0_ACETONE_0:n/temp.molden.input
T00 ERR ... Reading atoms using AU units.
T00 ERR ... Basisset specification is ignored.
T00 ERR ... Basissets are specified via the mol2orb.xml options file.
T00 ERR ... Reading molecular orbital coefficients
T00 ERR ... Done parsing molden file
T00 ERR ... Done parsing
T00 ERR ... 2021-7-14 15:40:5 Evaluating polarregion 1
T00 ERR ... 2021-7-14 15:40:5 Evaluating interaction between polarregion 1 and qmregion 0
T00 ERR ... 2021-7-14 15:40:5 Starting Solving for classical polarization with 864 degrees of freedom.
T00 ERR ... 2021-7-14 15:40:5 CG: #iterations: 2, estimated error: 6.099037909e-06
T00 ERR ...   Total static energy [hrt]= -1.06520276
T00 ERR ...   Total polar energy [hrt]= -0.3338678506
T00 ERR ...  Total energy [hrt]= -1.39907061
T00 ERR ... 2021-7-14 15:40:5 Writing checkpoint to checkpoint_iter_3.hdf5
T00 ERR ...  Region:qmregion 0 is not converged deltaE=-0.000399645618 RMS Dmat=3.922500088e-05 MaxDmat=0.001087779449
T00 ERR ... 2021-7-14 15:40:5 Region:polarregion 1 is not converged deltaE=2.65878609e-05
T00 ERR ... 2021-7-14 15:40:5 --Total Energy all regions -194.4308179
T00 ERR ... 2021-7-14 15:40:5 --Inter Region SCF Iteration 4 of 5
T00 ERR ... 2021-7-14 15:40:5 Evaluating qmregion 0
T00 ERR ... 2021-7-14 15:40:5 Evaluating interaction between qmregion 0 and polarregion 1
T00 ERR ... Loaded Basis Set def2-tzvp
T00 ERR ... Loaded Basis Set aux-def2-tzvp
T00 ERR ... Running DFT calculation
T00 ERR ... Running Orca job
Reading the input file temp.gbw               ... done
Writing the output file temp.molden.input     ... done

T00 ERR ... Finished Orca job
T00 ERR ... 2021-7-14 15:40:10 DFT calculation took 4.646469888 seconds.
T00 ERR ... Parsing temp.log
T00 ERR ... Reading Coordinates and occupationnumbers and energies from QMMM/frame_798500/job_0_ACETONE_0:n/temp.log
T00 ERR ... Getting the coordinates
T00 ERR ... DFT with 0.25 of HF exchange!
T00 ERR ... QM energy[Hrt]: -193.031774 
T00 ERR ... Done reading Log file
T00 ERR ... Reading Molden file
T00 ERR ... Molden file: QMMM/frame_798500/job_0_ACETONE_0:n/temp.molden.input
T00 ERR ... Reading atoms using AU units.
T00 ERR ... Basisset specification is ignored.
T00 ERR ... Basissets are specified via the mol2orb.xml options file.
T00 ERR ... Reading molecular orbital coefficients
T00 ERR ... Done parsing molden file
T00 ERR ... Done parsing
T00 ERR ... 2021-7-14 15:40:10 Evaluating polarregion 1
T00 ERR ... 2021-7-14 15:40:10 Evaluating interaction between polarregion 1 and qmregion 0
T00 ERR ... 2021-7-14 15:40:10 Starting Solving for classical polarization with 864 degrees of freedom.
T00 ERR ... 2021-7-14 15:40:10 CG: #iterations: 0, estimated error: 7.798609885e-06
T00 ERR ...   Total static energy [hrt]= -1.06520276
T00 ERR ...   Total polar energy [hrt]= -0.3338661755
T00 ERR ...  Total energy [hrt]= -1.399068935
T00 ERR ... 2021-7-14 15:40:10 Writing checkpoint to checkpoint_iter_4.hdf5
T00 ERR ...  Region:qmregion 0 is not converged deltaE=-2.668920999e-05 RMS Dmat=2.840116724e-06 MaxDmat=8.07528714e-05
T00 ERR ... 2021-7-14 15:40:10 Region:polarregion 1 is converged deltaE=1.675023313e-06
T00 ERR ... 2021-7-14 15:40:10 --Total Energy all regions -194.4308429
T00 ERR ... 2021-7-14 15:40:10 --Inter Region SCF Iteration 5 of 5
T00 ERR ... 2021-7-14 15:40:10 Evaluating qmregion 0
T00 ERR ... 2021-7-14 15:40:10 Evaluating interaction between qmregion 0 and polarregion 1
T00 ERR ... Loaded Basis Set def2-tzvp
T00 ERR ... Loaded Basis Set aux-def2-tzvp
T00 ERR ... Running DFT calculation
T00 ERR ... Running Orca job
Reading the input file temp.gbw               ... done
Writing the output file temp.molden.input     ... done

T00 ERR ... Finished Orca job
T00 ERR ... 2021-7-14 15:40:14 DFT calculation took 3.494974095 seconds.
T00 ERR ... Parsing temp.log
T00 ERR ... Reading Coordinates and occupationnumbers and energies from QMMM/frame_798500/job_0_ACETONE_0:n/temp.log
T00 ERR ... Getting the coordinates
T00 ERR ... DFT with 0.25 of HF exchange!
T00 ERR ... QM energy[Hrt]: -193.031776 
T00 ERR ... Done reading Log file
T00 ERR ... Reading Molden file
T00 ERR ... Molden file: QMMM/frame_798500/job_0_ACETONE_0:n/temp.molden.input
T00 ERR ... Reading atoms using AU units.
T00 ERR ... Basisset specification is ignored.
T00 ERR ... Basissets are specified via the mol2orb.xml options file.
T00 ERR ... Reading molecular orbital coefficients
T00 ERR ... Done parsing molden file
T00 ERR ... Done parsing
T00 ERR ... 2021-7-14 15:40:14 Evaluating polarregion 1
T00 ERR ... 2021-7-14 15:40:14 Evaluating interaction between polarregion 1 and qmregion 0
T00 ERR ... 2021-7-14 15:40:14 Starting Solving for classical polarization with 864 degrees of freedom.
T00 ERR ... 2021-7-14 15:40:14 CG: #iterations: 0, estimated error: 7.999461487e-06
T00 ERR ...   Total static energy [hrt]= -1.06520276
T00 ERR ...   Total polar energy [hrt]= -0.3338661755
T00 ERR ...  Total energy [hrt]= -1.399068935
T00 ERR ... 2021-7-14 15:40:14 Writing checkpoint to checkpoint_iter_5.hdf5
T00 ERR ...  Region:qmregion 0 is converged deltaE=-1.681382997e-06 RMS Dmat=1.097526972e-07 MaxDmat=2.938187249e-06
T00 ERR ... 2021-7-14 15:40:14 Region:polarregion 1 is converged deltaE=0
T00 ERR ... 2021-7-14 15:40:14 --Total Energy all regions -194.4308446
T00 ERR ... 2021-7-14 15:40:14 Job converged after 5 iterations.
T00 ERR ... Reporting job results

T00 ERR ... Requesting next job
T00 ERR ... Next job: ID = 1=> [50%] 
T00 ERR ... Initial state: s1
T00 ERR ... Using overlap filter with threshold 0.8
T00 ERR ...  Regions created
T00 ERR ... Id: 0 type: qmregion size: 1 charge[e]= 0
T00 ERR ... Id: 1 type: polarregion size: 96 charge[e]= 0
T00 ERR ... 2021-7-14 15:40:14 Writing jobtopology to QMMM/frame_798500/job_1_ACETONE_0:s1/regions.pdb
T00 ERR ... 2021-7-14 15:40:14 --Inter Region SCF Iteration 1 of 5
T00 ERR ... 2021-7-14 15:40:14 Evaluating qmregion 0
T00 ERR ... 2021-7-14 15:40:14 Evaluating interaction between qmregion 0 and polarregion 1
T00 ERR ... Loaded Basis Set def2-tzvp
T00 ERR ... Loaded Basis Set aux-def2-tzvp
T00 ERR ... Running DFT calculation
T00 ERR ... Running Orca job
Reading the input file temp.gbw               ... done
Writing the output file temp.molden.input     ... done

T00 ERR ... Finished Orca job
T00 ERR ... 2021-7-14 15:40:27 DFT calculation took 13.17108926 seconds.
T00 ERR ... Parsing temp.log
T00 ERR ... Reading Coordinates and occupationnumbers and energies from QMMM/frame_798500/job_1_ACETONE_0:s1/temp.log
T00 ERR ... Getting the coordinates
T00 ERR ... DFT with 0.25 of HF exchange!
T00 ERR ... QM energy[Hrt]: -193.025298 
T00 ERR ... Done reading Log file
T00 ERR ... Reading Molden file
T00 ERR ... Molden file: QMMM/frame_798500/job_1_ACETONE_0:s1/temp.molden.input
T00 ERR ... Reading atoms using AU units.
T00 ERR ... Basisset specification is ignored.
T00 ERR ... Basissets are specified via the mol2orb.xml options file.
T00 ERR ... Reading molecular orbital coefficients
T00 ERR ... Done parsing molden file
T00 ERR ... Done parsing
T00 ERR ... 2021-7-14 15:40:27 RPA level range [0:159]
T00 ERR ... 2021-7-14 15:40:27 GW  level range [0:46]
T00 ERR ... 2021-7-14 15:40:27 BSE level range occ[0:15]  virt[16:46]
T00 ERR ...  BSE type: full
T00 ERR ... 2021-7-14 15:40:27 BSE Hamiltonian has size 992x992
T00 ERR ...  BSE without Hqp offdiagonal elements
T00 ERR ...  Running GW as: evGW
T00 ERR ...  qp_sc_limit [Hartree]: 1e-05
T00 ERR ...  gw_sc_limit [Hartree]: 1e-05
T00 ERR ...  Tasks: 
T00 ERR ...  GW 
T00 ERR ...  singlets 
T00 ERR ...  Store: 
T00 ERR ...  GW 
T00 ERR ...  Sigma integration: ppm
T00 ERR ...  eta: 0.001
T00 ERR ...  QP solver: grid
T00 ERR ...  QP grid steps: 1001
T00 ERR ...  QP grid spacing: 0.001
T00 ERR ...  evGW with Anderson update with history 20 using alpha 0.7
T00 ERR ... 2021-7-14 15:40:27 Using 6 threads
T00 ERR ... 2021-7-14 15:40:27 Using MKL overload for Eigen 
T00 ERR ... 2021-7-14 15:40:27 Using CUDA support for tensor multiplication with 1 GPUs.
T00 ERR ... 2021-7-14 15:40:27 Molecule Coordinates [A] 
T00 ERR ...     0    O   0.3478 9.8486 2.4991
T00 ERR ...     1    C   0.6479 9.3519 1.4423
T00 ERR ...     2    C   0.4536 10.0819 0.1388
T00 ERR ...     3    C   1.2353 7.9673 1.3542
T00 ERR ...     4    H   0.1460 11.1087 0.3270
T00 ERR ...     5    H   1.3705 10.0661 -0.4570
T00 ERR ...     6    H   -0.3164 9.5758 -0.4522
T00 ERR ...     7    H   1.2308 7.4963 2.3351
T00 ERR ...     8    H   2.2631 8.0266 0.9836
T00 ERR ...     9    H   0.6773 7.3558 0.6397
T00 ERR ... 2021-7-14 15:40:27 DFT data was created by orca
T00 ERR ... 2021-7-14 15:40:27 Loaded DFT Basis Set def2-tzvp
T00 ERR ... 2021-7-14 15:40:27 Filled DFT Basis of size 160
T00 ERR ... 2021-7-14 15:40:27 Loaded Auxbasis Set def2-tzvp
T00 ERR ... 2021-7-14 15:40:27 Filled Auxbasis of size 160
T00 ERR ... 2021-7-14 15:40:27 Calculating Mmn_beta (3-center-repulsion x orbitals)  
T00 ERR ... 2021-7-14 15:40:28 Calculated Mmn_beta (3-center-repulsion x orbitals)  
T00 ERR ... 2021-7-14 15:40:28 Integrating Vxc with functional XC_HYB_GGA_XC_PBEH
T00 ERR ... 2021-7-14 15:40:30 Set hybrid exchange factor: 0.25
T00 ERR ... 2021-7-14 15:40:30 Calculated exchange-correlation expectation values 
T00 ERR ... 2021-7-14 15:40:30 Calculated Hartree exchange contribution
T00 ERR ... 2021-7-14 15:40:30 Scissor shifting DFT energies by: 0 Hrt
T00 ERR ...   ====== Perturbative quasiparticle energies (Hartree) ====== 
T00 ERR ...    DeltaHLGap = +0.185812 Hartree
T00 ERR ...   Level =    0 DFT = -19.1997 VXC = -2.3189 S-X = -3.6246 S-C = +0.7088 GWA = -19.7966
T00 ERR ...   Level =    1 DFT = -10.3165 VXC = -1.7071 S-X = -2.6585 S-C = +0.4463 GWA = -10.8216
T00 ERR ...   Level =    2 DFT = -10.2138 VXC = -1.7075 S-X = -2.6561 S-C = +0.4505 GWA = -10.7120
T00 ERR ...   Level =    3 DFT = -10.2122 VXC = -1.7074 S-X = -2.6561 S-C = +0.4506 GWA = -10.7104
T00 ERR ...   Level =    4 DFT = -1.0834 VXC = -0.6159 S-X = -0.9237 S-C = +0.2249 GWA = -1.1663
T00 ERR ...   Level =    5 DFT = -0.7878 VXC = -0.4716 S-X = -0.7007 S-C = +0.1222 GWA = -0.8947
T00 ERR ...   Level =    6 DFT = -0.7238 VXC = -0.4572 S-X = -0.6740 S-C = +0.1048 GWA = -0.8359
T00 ERR ...   Level =    7 DFT = -0.5493 VXC = -0.4909 S-X = -0.6683 S-C = +0.0759 GWA = -0.6509
T00 ERR ...   Level =    8 DFT = -0.4755 VXC = -0.4565 S-X = -0.6046 S-C = +0.0572 GWA = -0.5664
T00 ERR ...   Level =    9 DFT = -0.4724 VXC = -0.4646 S-X = -0.6098 S-C = +0.0522 GWA = -0.5655
T00 ERR ...   Level =   10 DFT = -0.4708 VXC = -0.4413 S-X = -0.5798 S-C = +0.0438 GWA = -0.5656
T00 ERR ...   Level =   11 DFT = -0.4070 VXC = -0.4434 S-X = -0.5748 S-C = +0.0355 GWA = -0.5029
T00 ERR ...   Level =   12 DFT = -0.4030 VXC = -0.4065 S-X = -0.5303 S-C = +0.0238 GWA = -0.5029
T00 ERR ...   Level =   13 DFT = -0.3819 VXC = -0.4270 S-X = -0.5512 S-C = +0.0267 GWA = -0.4794
T00 ERR ...   Level =   14 DFT = -0.3709 VXC = -0.4784 S-X = -0.5898 S-C = +0.0302 GWA = -0.4522
T00 ERR ...   HOMO  =   15 DFT = -0.2710 VXC = -0.5323 S-X = -0.6612 S-C = +0.0586 GWA = -0.3413
T00 ERR ...   LUMO  =   16 DFT = -0.0122 VXC = -0.4236 S-X = -0.2392 S-C = -0.0689 GWA = +0.1033
T00 ERR ...   Level =   17 DFT = +0.0594 VXC = -0.1572 S-X = -0.0589 S-C = -0.0297 GWA = +0.1280
T00 ERR ...   Level =   18 DFT = +0.1116 VXC = -0.1596 S-X = -0.0601 S-C = -0.0279 GWA = +0.1833
T00 ERR ...   Level =   19 DFT = +0.1220 VXC = -0.1928 S-X = -0.0769 S-C = -0.0337 GWA = +0.2041
T00 ERR ...   Level =   20 DFT = +0.1378 VXC = -0.1834 S-X = -0.0686 S-C = -0.0343 GWA = +0.2182
T00 ERR ...   Level =   21 DFT = +0.1492 VXC = -0.1964 S-X = -0.0787 S-C = -0.0356 GWA = +0.2313
T00 ERR ...   Level =   22 DFT = +0.1532 VXC = -0.1890 S-X = -0.0718 S-C = -0.0341 GWA = +0.2363
T00 ERR ...   Level =   23 DFT = +0.1662 VXC = -0.1870 S-X = -0.0705 S-C = -0.0349 GWA = +0.2478
T00 ERR ...   Level =   24 DFT = +0.1702 VXC = -0.2011 S-X = -0.0814 S-C = -0.0375 GWA = +0.2524
T00 ERR ...   Level =   25 DFT = +0.2042 VXC = -0.1847 S-X = -0.0661 S-C = -0.0335 GWA = +0.2893
T00 ERR ...   Level =   26 DFT = +0.2228 VXC = -0.1578 S-X = -0.0491 S-C = -0.0298 GWA = +0.3018
T00 ERR ...   Level =   27 DFT = +0.2366 VXC = -0.1703 S-X = -0.0519 S-C = -0.0369 GWA = +0.3181
T00 ERR ...   Level =   28 DFT = +0.2432 VXC = -0.1634 S-X = -0.0501 S-C = -0.0332 GWA = +0.3233
T00 ERR ...   Level =   29 DFT = +0.3165 VXC = -0.2652 S-X = -0.1096 S-C = -0.0607 GWA = +0.4113
T00 ERR ...   Level =   30 DFT = +0.3199 VXC = -0.1672 S-X = -0.0472 S-C = -0.0364 GWA = +0.4036
T00 ERR ...   Level =   31 DFT = +0.3242 VXC = -0.1696 S-X = -0.0506 S-C = -0.0304 GWA = +0.4128
T00 ERR ...   Level =   32 DFT = +0.3796 VXC = -0.2218 S-X = -0.0826 S-C = -0.0453 GWA = +0.4735
T00 ERR ...   Level =   33 DFT = +0.3862 VXC = -0.2331 S-X = -0.0881 S-C = -0.0503 GWA = +0.4809
T00 ERR ...   Level =   34 DFT = +0.4180 VXC = -0.3228 S-X = -0.1353 S-C = -0.0782 GWA = +0.5274
T00 ERR ...   Level =   35 DFT = +0.4262 VXC = -0.3088 S-X = -0.1306 S-C = -0.0725 GWA = +0.5318
T00 ERR ...   Level =   36 DFT = +0.4362 VXC = -0.2493 S-X = -0.0934 S-C = -0.0563 GWA = +0.5357
T00 ERR ...   Level =   37 DFT = +0.4540 VXC = -0.2072 S-X = -0.0703 S-C = -0.0465 GWA = +0.5445
T00 ERR ...   Level =   38 DFT = +0.4614 VXC = -0.2197 S-X = -0.0752 S-C = -0.0516 GWA = +0.5543
T00 ERR ...   Level =   39 DFT = +0.4867 VXC = -0.2567 S-X = -0.0921 S-C = -0.0632 GWA = +0.5880
T00 ERR ...   Level =   40 DFT = +0.4904 VXC = -0.2878 S-X = -0.1040 S-C = -0.0758 GWA = +0.5985
T00 ERR ...   Level =   41 DFT = +0.5110 VXC = -0.3123 S-X = -0.1169 S-C = -0.0818 GWA = +0.6247
T00 ERR ...   Level =   42 DFT = +0.5443 VXC = -0.2598 S-X = -0.0836 S-C = -0.0685 GWA = +0.6520
T00 ERR ...   Level =   43 DFT = +0.5841 VXC = -0.3680 S-X = -0.1443 S-C = -0.0995 GWA = +0.7083
T00 ERR ...   Level =   44 DFT = +0.5977 VXC = -0.3009 S-X = -0.1036 S-C = -0.0853 GWA = +0.7096
T00 ERR ...   Level =   45 DFT = +0.6265 VXC = -0.2538 S-X = -0.0800 S-C = -0.0660 GWA = +0.7343
T00 ERR ...   Level =   46 DFT = +0.6755 VXC = -0.3080 S-X = -0.1071 S-C = -0.0785 GWA = +0.7979
T00 ERR ... 2021-7-14 15:40:36 Calculated offdiagonal part of Sigma  
T00 ERR ... 2021-7-14 15:40:36 Full quasiparticle Hamiltonian  
T00 ERR ...   ====== Diagonalized quasiparticle energies (Hartree) ====== 
T00 ERR ...   Level =    0 PQP = -19.796640 DQP = -19.796647 
T00 ERR ...   Level =    1 PQP = -10.821579 DQP = -10.821598 
T00 ERR ...   Level =    2 PQP = -10.711989 DQP = -10.712001 
T00 ERR ...   Level =    3 PQP = -10.710367 DQP = -10.710379 
T00 ERR ...   Level =    4 PQP = -1.166262 DQP = -1.166483 
T00 ERR ...   Level =    5 PQP = -0.894695 DQP = -0.895247 
T00 ERR ...   Level =    6 PQP = -0.835862 DQP = -0.836573 
T00 ERR ...   Level =    7 PQP = -0.650905 DQP = -0.650985 
T00 ERR ...   Level =    8 PQP = -0.566435 DQP = -0.569811 
T00 ERR ...   Level =    9 PQP = -0.565477 DQP = -0.566522 
T00 ERR ...   Level =   10 PQP = -0.565555 DQP = -0.565714 
T00 ERR ...   Level =   11 PQP = -0.502896 DQP = -0.503274 
T00 ERR ...   Level =   12 PQP = -0.502932 DQP = -0.500434 
T00 ERR ...   Level =   13 PQP = -0.479449 DQP = -0.478370 
T00 ERR ...   Level =   14 PQP = -0.452243 DQP = -0.451447 
T00 ERR ...   HOMO  =   15 PQP = -0.341324 DQP = -0.341438 
T00 ERR ...   LUMO  =   16 PQP = +0.103278 DQP = +0.101910 
T00 ERR ...   Level =   17 PQP = +0.128019 DQP = +0.126337 
T00 ERR ...   Level =   18 PQP = +0.183293 DQP = +0.181387 
T00 ERR ...   Level =   19 PQP = +0.204147 DQP = +0.201445 
T00 ERR ...   Level =   20 PQP = +0.218203 DQP = +0.216042 
T00 ERR ...   Level =   21 PQP = +0.231265 DQP = +0.228007 
T00 ERR ...   Level =   22 PQP = +0.236254 DQP = +0.233205 
T00 ERR ...   Level =   23 PQP = +0.247788 DQP = +0.245108 
T00 ERR ...   Level =   24 PQP = +0.252396 DQP = +0.253718 
T00 ERR ...   Level =   25 PQP = +0.289277 DQP = +0.287652 
T00 ERR ...   Level =   26 PQP = +0.301803 DQP = +0.301684 
T00 ERR ...   Level =   27 PQP = +0.318051 DQP = +0.317956 
T00 ERR ...   Level =   28 PQP = +0.323320 DQP = +0.323699 
T00 ERR ...   Level =   29 PQP = +0.411276 DQP = +0.402556 
T00 ERR ...   Level =   30 PQP = +0.403557 DQP = +0.410226 
T00 ERR ...   Level =   31 PQP = +0.412768 DQP = +0.412459 
T00 ERR ...   Level =   32 PQP = +0.473491 DQP = +0.472436 
T00 ERR ...   Level =   33 PQP = +0.480927 DQP = +0.480243 
T00 ERR ...   Level =   34 PQP = +0.527438 DQP = +0.528505 
T00 ERR ...   Level =   35 PQP = +0.531835 DQP = +0.531892 
T00 ERR ...   Level =   36 PQP = +0.535745 DQP = +0.534935 
T00 ERR ...   Level =   37 PQP = +0.544477 DQP = +0.549180 
T00 ERR ...   Level =   38 PQP = +0.554309 DQP = +0.559841 
T00 ERR ...   Level =   39 PQP = +0.587985 DQP = +0.590714 
T00 ERR ...   Level =   40 PQP = +0.598453 DQP = +0.601698 
T00 ERR ...   Level =   41 PQP = +0.624675 DQP = +0.628169 
T00 ERR ...   Level =   42 PQP = +0.652035 DQP = +0.653401 
T00 ERR ...   Level =   43 PQP = +0.708306 DQP = +0.699710 
T00 ERR ...   Level =   44 PQP = +0.709619 DQP = +0.720775 
T00 ERR ...   Level =   45 PQP = +0.734317 DQP = +0.735520 
T00 ERR ...   Level =   46 PQP = +0.797861 DQP = +0.798078 
T00 ERR ... 2021-7-14 15:40:36 Diagonalized QP Hamiltonian  
T00 ERR ... 2021-7-14 15:40:36 GW calculation took 8.743869973 seconds.
T00 ERR ... 2021-7-14 15:40:36 Setup Full singlet hamiltonian 
T00 ERR ... 2021-7-14 15:40:36 Davidson Solver using 6 threads.
T00 ERR ... 2021-7-14 15:40:36 Tolerance : 0.0001
T00 ERR ... 2021-7-14 15:40:36 DPR Correction
T00 ERR ... 2021-7-14 15:40:36 Matrix size : 992x992
T00 ERR ... 2021-7-14 15:40:36 iter	Search Space	Norm
T00 ERR ... 2021-7-14 15:40:36    0           20 	 2.16e-01 	  0.00% converged
T00 ERR ... 2021-7-14 15:40:36    1           35 	 3.27e-02 	  0.00% converged
T00 ERR ... 2021-7-14 15:40:36    2           50 	 2.31e-02 	  0.00% converged
T00 ERR ... 2021-7-14 15:40:37    3           65 	 3.24e-03 	 20.00% converged
T00 ERR ... 2021-7-14 15:40:37    4           78 	 4.59e-04 	 60.00% converged
T00 ERR ... 2021-7-14 15:40:37    5           87 	 7.45e-05 	 100.00% converged
T00 ERR ... 2021-7-14 15:40:37 Davidson converged after 5 iterations.
T00 ERR ... 2021-7-14 15:40:37-----------------------------------
T00 ERR ... 2021-7-14 15:40:37- Davidson ran for 0.158072666secs.
T00 ERR ... 2021-7-14 15:40:37-----------------------------------
T00 ERR ... 2021-7-14 15:40:37 Solved BSE for singlets 
T00 ERR ...   ====== singlet energies (eV) ====== 
T00 ERR ...   S =    1 Omega = +4.337974701566 eV  lamdba = +285.85 nm <FT> = +12.3207 <K_x> = +0.5218 <K_d> = -8.5046
T00 ERR ...            TrDipole length gauge[e*bohr]  dx = -0.0011 dy = +0.0027 dz = +0.0005 |d|^2 = +0.0000 f = +0.0000
T00 ERR ...            HOMO-0   -> LUMO+0    : 97.6%
T00 ERR ... 
T00 ERR ...   S =    2 Omega = +7.543400820983 eV  lamdba = +164.38 nm <FT> = +13.0338 <K_x> = +0.1882 <K_d> = -5.6786
T00 ERR ...            TrDipole length gauge[e*bohr]  dx = -0.1299 dy = +0.2997 dz = -0.1958 |d|^2 = +0.1450 f = +0.0268
T00 ERR ...            HOMO-0   -> LUMO+1    : 93.8%
T00 ERR ... 
T00 ERR ...   S =    3 Omega = +9.166971164123 eV  lamdba = +135.27 nm <FT> = +15.4233 <K_x> = +0.7428 <K_d> = -6.9991
T00 ERR ...            TrDipole length gauge[e*bohr]  dx = +0.1590 dy = -0.2885 dz = -0.4879 |d|^2 = +0.3466 f = +0.0778
T00 ERR ...            HOMO-1   -> LUMO+0    : 51.7%
T00 ERR ... 
T00 ERR ...   S =    4 Omega = +9.250457558742 eV  lamdba = +134.05 nm <FT> = +16.0895 <K_x> = +0.2900 <K_d> = -7.1290
T00 ERR ...            TrDipole length gauge[e*bohr]  dx = +0.0484 dy = -0.0946 dz = -0.1368 |d|^2 = +0.0300 f = +0.0068
T00 ERR ...            HOMO-2   -> LUMO+0    : 85.5%
T00 ERR ... 
T00 ERR ...   S =    5 Omega = +9.406726391685 eV  lamdba = +131.82 nm <FT> = +15.1874 <K_x> = +0.2043 <K_d> = -5.9850
T00 ERR ...            TrDipole length gauge[e*bohr]  dx = +0.0112 dy = -0.1701 dz = +0.3036 |d|^2 = +0.1213 f = +0.0279
T00 ERR ...            HOMO-0   -> LUMO+3    : 82.2%
T00 ERR ... 
T00 ERR ...   S =    6 Omega = +9.509598250781 eV  lamdba = +130.39 nm <FT> = +17.0325 <K_x> = +0.6272 <K_d> = -8.1501
T00 ERR ...            TrDipole length gauge[e*bohr]  dx = -0.0410 dy = +0.0256 dz = -0.0297 |d|^2 = +0.0032 f = +0.0007
T00 ERR ...            HOMO-4   -> LUMO+0    : 79.3%
T00 ERR ... 
T00 ERR ...   S =    7 Omega = +9.733687046942 eV  lamdba = +127.39 nm <FT> = +15.3828 <K_x> = +0.5085 <K_d> = -6.1576
T00 ERR ...            TrDipole length gauge[e*bohr]  dx = -0.0788 dy = +0.1379 dz = +0.5476 |d|^2 = +0.3251 f = +0.0775
T00 ERR ... 
T00 ERR ...   S =    8 Omega = +10.094118549838 eV  lamdba = +122.84 nm <FT> = +15.7171 <K_x> = +0.2813 <K_d> = -5.9042
T00 ERR ...            TrDipole length gauge[e*bohr]  dx = -0.2165 dy = +0.5061 dz = +0.0317 |d|^2 = +0.3040 f = +0.0752
T00 ERR ... 
T00 ERR ...   S =    9 Omega = +10.187708092017 eV  lamdba = +121.72 nm <FT> = +15.6126 <K_x> = +0.1918 <K_d> = -5.6167
T00 ERR ...            TrDipole length gauge[e*bohr]  dx = +0.0225 dy = -0.0670 dz = +0.2922 |d|^2 = +0.0904 f = +0.0226
T00 ERR ...            HOMO-0   -> LUMO+4    : 52.5%
T00 ERR ... 
T00 ERR ...   S =   10 Omega = +10.330252404595 eV  lamdba = +120.04 nm <FT> = +16.2334 <K_x> = +0.2889 <K_d> = -6.1921
T00 ERR ...            TrDipole length gauge[e*bohr]  dx = +0.0104 dy = +0.0445 dz = -0.1138 |d|^2 = +0.0150 f = +0.0038
T00 ERR ... 
T00 ERR ... 2021-7-14 15:40:37 BSE calculation took 0.191401775 seconds.
T00 ERR ... 2021-7-14 15:40:37 GWBSE calculation finished 
T00 ERR ... Filter overlap not used in first iteration as it needs a reference state
T00 ERR ... No State found by tracker using last state: s1
T00 ERR ... 2021-7-14 15:40:37 Evaluating polarregion 1
T00 ERR ... 2021-7-14 15:40:37 Evaluating interaction between polarregion 1 and qmregion 0
T00 ERR ... Next State is: s1
T00 ERR ... 2021-7-14 15:40:37 Starting Solving for classical polarization with 864 degrees of freedom.
T00 ERR ... 2021-7-14 15:40:37 CG: #iterations: 7, estimated error: 3.511923053e-06
T00 ERR ...   Total static energy [hrt]= -1.06520276
T00 ERR ...   Total polar energy [hrt]= -0.3367844521
T00 ERR ...  Total energy [hrt]= -1.401987212
T00 ERR ... 2021-7-14 15:40:37 Writing checkpoint to checkpoint_iter_1.hdf5
T00 ERR ...  Region:qmregion 0 is not converged deltaE=-192.86588 RMS Dmat=0.02392999081 MaxDmat=0.9412420261
T00 ERR ... 2021-7-14 15:40:37 Region:polarregion 1 is not converged deltaE=-1.401987212
T00 ERR ... 2021-7-14 15:40:37 --Total Energy all regions -194.2678672
T00 ERR ... 2021-7-14 15:40:37 --Inter Region SCF Iteration 2 of 5
T00 ERR ... 2021-7-14 15:40:37 Evaluating qmregion 0
T00 ERR ... 2021-7-14 15:40:37 Evaluating interaction between qmregion 0 and polarregion 1
T00 ERR ... Loaded Basis Set def2-tzvp
T00 ERR ... Loaded Basis Set aux-def2-tzvp
T00 ERR ... Running DFT calculation
T00 ERR ... Running Orca job
Reading the input file temp.gbw               ... done
Writing the output file temp.molden.input     ... done

T00 ERR ... Finished Orca job
T00 ERR ... 2021-7-14 15:40:45 DFT calculation took 7.42947323 seconds.
T00 ERR ... Parsing temp.log
T00 ERR ... Reading Coordinates and occupationnumbers and energies from QMMM/frame_798500/job_1_ACETONE_0:s1/temp.log
T00 ERR ... Getting the coordinates
T00 ERR ... DFT with 0.25 of HF exchange!
T00 ERR ... QM energy[Hrt]: -193.027427 
T00 ERR ... Done reading Log file
T00 ERR ... Reading Molden file
T00 ERR ... Molden file: QMMM/frame_798500/job_1_ACETONE_0:s1/temp.molden.input
T00 ERR ... Reading atoms using AU units.
T00 ERR ... Basisset specification is ignored.
T00 ERR ... Basissets are specified via the mol2orb.xml options file.
T00 ERR ... Reading molecular orbital coefficients
T00 ERR ... Done parsing molden file
T00 ERR ... Done parsing
T00 ERR ... 2021-7-14 15:40:45 RPA level range [0:159]
T00 ERR ... 2021-7-14 15:40:45 GW  level range [0:46]
T00 ERR ... 2021-7-14 15:40:45 BSE level range occ[0:15]  virt[16:46]
T00 ERR ...  BSE type: full
T00 ERR ... 2021-7-14 15:40:45 BSE Hamiltonian has size 992x992
T00 ERR ...  BSE without Hqp offdiagonal elements
T00 ERR ...  Running GW as: evGW
T00 ERR ...  qp_sc_limit [Hartree]: 1e-05
T00 ERR ...  gw_sc_limit [Hartree]: 1e-05
T00 ERR ...  Tasks: 
T00 ERR ...  GW 
T00 ERR ...  singlets 
T00 ERR ...  Store: 
T00 ERR ...  GW 
T00 ERR ...  Sigma integration: ppm
T00 ERR ...  eta: 0.001
T00 ERR ...  QP solver: grid
T00 ERR ...  QP grid steps: 1001
T00 ERR ...  QP grid spacing: 0.001
T00 ERR ...  evGW with Anderson update with history 20 using alpha 0.7
T00 ERR ... 2021-7-14 15:40:45 Using 6 threads
T00 ERR ... 2021-7-14 15:40:45 Using MKL overload for Eigen 
T00 ERR ... 2021-7-14 15:40:45 Using CUDA support for tensor multiplication with 1 GPUs.
T00 ERR ... 2021-7-14 15:40:45 Molecule Coordinates [A] 
T00 ERR ...     0    O   0.3478 9.8486 2.4991
T00 ERR ...     1    C   0.6479 9.3519 1.4423
T00 ERR ...     2    C   0.4536 10.0819 0.1388
T00 ERR ...     3    C   1.2353 7.9673 1.3542
T00 ERR ...     4    H   0.1460 11.1087 0.3270
T00 ERR ...     5    H   1.3705 10.0661 -0.4570
T00 ERR ...     6    H   -0.3164 9.5758 -0.4522
T00 ERR ...     7    H   1.2308 7.4963 2.3351
T00 ERR ...     8    H   2.2631 8.0266 0.9836
T00 ERR ...     9    H   0.6773 7.3558 0.6397
T00 ERR ... 2021-7-14 15:40:45 DFT data was created by orca
T00 ERR ... 2021-7-14 15:40:45 Loaded DFT Basis Set def2-tzvp
T00 ERR ... 2021-7-14 15:40:45 Filled DFT Basis of size 160
T00 ERR ... 2021-7-14 15:40:45 Loaded Auxbasis Set def2-tzvp
T00 ERR ... 2021-7-14 15:40:45 Filled Auxbasis of size 160
T00 ERR ... 2021-7-14 15:40:45 Calculating Mmn_beta (3-center-repulsion x orbitals)  
T00 ERR ... 2021-7-14 15:40:45 Calculated Mmn_beta (3-center-repulsion x orbitals)  
T00 ERR ... 2021-7-14 15:40:45 Integrating Vxc with functional XC_HYB_GGA_XC_PBEH
T00 ERR ... 2021-7-14 15:40:47 Set hybrid exchange factor: 0.25
T00 ERR ... 2021-7-14 15:40:47 Calculated exchange-correlation expectation values 
T00 ERR ... 2021-7-14 15:40:47 Calculated Hartree exchange contribution
T00 ERR ... 2021-7-14 15:40:47 Scissor shifting DFT energies by: 0 Hrt
T00 ERR ...   ====== Perturbative quasiparticle energies (Hartree) ====== 
T00 ERR ...    DeltaHLGap = +0.185795 Hartree
T00 ERR ...   Level =    0 DFT = -19.2055 VXC = -2.3190 S-X = -3.6246 S-C = +0.7088 GWA = -19.8024
T00 ERR ...   Level =    1 DFT = -10.3220 VXC = -1.7071 S-X = -2.6585 S-C = +0.4453 GWA = -10.8281
T00 ERR ...   Level =    2 DFT = -10.2175 VXC = -1.7075 S-X = -2.6561 S-C = +0.4504 GWA = -10.7158
T00 ERR ...   Level =    3 DFT = -10.2168 VXC = -1.7074 S-X = -2.6561 S-C = +0.4504 GWA = -10.7150
T00 ERR ...   Level =    4 DFT = -1.0894 VXC = -0.6160 S-X = -0.9238 S-C = +0.2249 GWA = -1.1723
T00 ERR ...   Level =    5 DFT = -0.7924 VXC = -0.4717 S-X = -0.7008 S-C = +0.1223 GWA = -0.8992
T00 ERR ...   Level =    6 DFT = -0.7283 VXC = -0.4572 S-X = -0.6741 S-C = +0.1049 GWA = -0.8402
T00 ERR ...   Level =    7 DFT = -0.5544 VXC = -0.4917 S-X = -0.6695 S-C = +0.0763 GWA = -0.6559
T00 ERR ...   Level =    8 DFT = -0.4804 VXC = -0.4558 S-X = -0.6036 S-C = +0.0568 GWA = -0.5714
T00 ERR ...   Level =    9 DFT = -0.4777 VXC = -0.4700 S-X = -0.6166 S-C = +0.0540 GWA = -0.5703
T00 ERR ...   Level =   10 DFT = -0.4758 VXC = -0.4383 S-X = -0.5757 S-C = +0.0428 GWA = -0.5703
T00 ERR ...   Level =   11 DFT = -0.4115 VXC = -0.4415 S-X = -0.5725 S-C = +0.0349 GWA = -0.5076
T00 ERR ...   Level =   12 DFT = -0.4070 VXC = -0.4072 S-X = -0.5311 S-C = +0.0241 GWA = -0.5068
T00 ERR ...   Level =   13 DFT = -0.3863 VXC = -0.4268 S-X = -0.5510 S-C = +0.0266 GWA = -0.4839
T00 ERR ...   Level =   14 DFT = -0.3765 VXC = -0.4776 S-X = -0.5893 S-C = +0.0302 GWA = -0.4580
T00 ERR ...   HOMO  =   15 DFT = -0.2765 VXC = -0.5321 S-X = -0.6608 S-C = +0.0584 GWA = -0.3469
T00 ERR ...   LUMO  =   16 DFT = -0.0178 VXC = -0.4237 S-X = -0.2392 S-C = -0.0690 GWA = +0.0977
T00 ERR ...   Level =   17 DFT = +0.0556 VXC = -0.1574 S-X = -0.0589 S-C = -0.0298 GWA = +0.1242
T00 ERR ...   Level =   18 DFT = +0.1072 VXC = -0.1595 S-X = -0.0599 S-C = -0.0279 GWA = +0.1789
T00 ERR ...   Level =   19 DFT = +0.1173 VXC = -0.1930 S-X = -0.0771 S-C = -0.0337 GWA = +0.1995
T00 ERR ...   Level =   20 DFT = +0.1357 VXC = -0.1833 S-X = -0.0689 S-C = -0.0343 GWA = +0.2158
T00 ERR ...   Level =   21 DFT = +0.1444 VXC = -0.1931 S-X = -0.0764 S-C = -0.0350 GWA = +0.2260
T00 ERR ...   Level =   22 DFT = +0.1491 VXC = -0.1890 S-X = -0.0719 S-C = -0.0341 GWA = +0.2322
T00 ERR ...   Level =   23 DFT = +0.1628 VXC = -0.1840 S-X = -0.0715 S-C = -0.0349 GWA = +0.2403
T00 ERR ...   Level =   24 DFT = +0.1654 VXC = -0.2072 S-X = -0.0819 S-C = -0.0381 GWA = +0.2525
T00 ERR ...   Level =   25 DFT = +0.1989 VXC = -0.1843 S-X = -0.0659 S-C = -0.0334 GWA = +0.2839
T00 ERR ...   Level =   26 DFT = +0.2183 VXC = -0.1575 S-X = -0.0487 S-C = -0.0300 GWA = +0.2972
T00 ERR ...   Level =   27 DFT = +0.2306 VXC = -0.1715 S-X = -0.0522 S-C = -0.0377 GWA = +0.3122
T00 ERR ...   Level =   28 DFT = +0.2375 VXC = -0.1623 S-X = -0.0499 S-C = -0.0325 GWA = +0.3174
T00 ERR ...   Level =   29 DFT = +0.3111 VXC = -0.2442 S-X = -0.0968 S-C = -0.0548 GWA = +0.4037
T00 ERR ...   Level =   30 DFT = +0.3132 VXC = -0.1873 S-X = -0.0598 S-C = -0.0416 GWA = +0.3991
T00 ERR ...   Level =   31 DFT = +0.3216 VXC = -0.1702 S-X = -0.0509 S-C = -0.0306 GWA = +0.4102
T00 ERR ...   Level =   32 DFT = +0.3740 VXC = -0.2209 S-X = -0.0820 S-C = -0.0451 GWA = +0.4678
T00 ERR ...   Level =   33 DFT = +0.3812 VXC = -0.2338 S-X = -0.0884 S-C = -0.0505 GWA = +0.4762
T00 ERR ...   Level =   34 DFT = +0.4130 VXC = -0.3245 S-X = -0.1362 S-C = -0.0786 GWA = +0.5227
T00 ERR ...   Level =   35 DFT = +0.4206 VXC = -0.3082 S-X = -0.1302 S-C = -0.0724 GWA = +0.5263
T00 ERR ...   Level =   36 DFT = +0.4315 VXC = -0.2503 S-X = -0.0942 S-C = -0.0567 GWA = +0.5309
T00 ERR ...   Level =   37 DFT = +0.4489 VXC = -0.2068 S-X = -0.0700 S-C = -0.0463 GWA = +0.5394
T00 ERR ...   Level =   38 DFT = +0.4567 VXC = -0.2211 S-X = -0.0759 S-C = -0.0520 GWA = +0.5499
T00 ERR ...   Level =   39 DFT = +0.4833 VXC = -0.2565 S-X = -0.0922 S-C = -0.0631 GWA = +0.5845
T00 ERR ...   Level =   40 DFT = +0.4877 VXC = -0.2851 S-X = -0.1028 S-C = -0.0749 GWA = +0.5951
T00 ERR ...   Level =   41 DFT = +0.5071 VXC = -0.3107 S-X = -0.1160 S-C = -0.0815 GWA = +0.6203
T00 ERR ...   Level =   42 DFT = +0.5367 VXC = -0.2598 S-X = -0.0837 S-C = -0.0683 GWA = +0.6445
T00 ERR ...   Level =   43 DFT = +0.5794 VXC = -0.3686 S-X = -0.1447 S-C = -0.0998 GWA = +0.7036
T00 ERR ...   Level =   44 DFT = +0.5930 VXC = -0.3005 S-X = -0.1033 S-C = -0.0854 GWA = +0.7049
T00 ERR ...   Level =   45 DFT = +0.6221 VXC = -0.2543 S-X = -0.0804 S-C = -0.0660 GWA = +0.7301
T00 ERR ...   Level =   46 DFT = +0.6708 VXC = -0.3080 S-X = -0.1071 S-C = -0.0785 GWA = +0.7931
T00 ERR ... 2021-7-14 15:40:52 Calculated offdiagonal part of Sigma  
T00 ERR ... 2021-7-14 15:40:52 Full quasiparticle Hamiltonian  
T00 ERR ...   ====== Diagonalized quasiparticle energies (Hartree) ====== 
T00 ERR ...   Level =    0 PQP = -19.802404 DQP = -19.802411 
T00 ERR ...   Level =    1 PQP = -10.828119 DQP = -10.828138 
T00 ERR ...   Level =    2 PQP = -10.715819 DQP = -10.715831 
T00 ERR ...   Level =    3 PQP = -10.715041 DQP = -10.715053 
T00 ERR ...   Level =    4 PQP = -1.172267 DQP = -1.172485 
T00 ERR ...   Level =    5 PQP = -0.899204 DQP = -0.899755 
T00 ERR ...   Level =    6 PQP = -0.840237 DQP = -0.840948 
T00 ERR ...   Level =    7 PQP = -0.655885 DQP = -0.655996 
T00 ERR ...   Level =    8 PQP = -0.571403 DQP = -0.574724 
T00 ERR ...   Level =    9 PQP = -0.570307 DQP = -0.571277 
T00 ERR ...   Level =   10 PQP = -0.570346 DQP = -0.570567 
T00 ERR ...   Level =   11 PQP = -0.507628 DQP = -0.507445 
T00 ERR ...   Level =   12 PQP = -0.506788 DQP = -0.504902 
T00 ERR ...   Level =   13 PQP = -0.483936 DQP = -0.482882 
T00 ERR ...   Level =   14 PQP = -0.457981 DQP = -0.457155 
T00 ERR ...   HOMO  =   15 PQP = -0.346866 DQP = -0.346978 
T00 ERR ...   LUMO  =   16 PQP = +0.097662 DQP = +0.096333 
T00 ERR ...   Level =   17 PQP = +0.124185 DQP = +0.122525 
T00 ERR ...   Level =   18 PQP = +0.178909 DQP = +0.177028 
T00 ERR ...   Level =   19 PQP = +0.199453 DQP = +0.196731 
T00 ERR ...   Level =   20 PQP = +0.215768 DQP = +0.213582 
T00 ERR ...   Level =   21 PQP = +0.225968 DQP = +0.222835 
T00 ERR ...   Level =   22 PQP = +0.232188 DQP = +0.228951 
T00 ERR ...   Level =   23 PQP = +0.240275 DQP = +0.241405 
T00 ERR ...   Level =   24 PQP = +0.252539 DQP = +0.250019 
T00 ERR ...   Level =   25 PQP = +0.283939 DQP = +0.282318 
T00 ERR ...   Level =   26 PQP = +0.297184 DQP = +0.297069 
T00 ERR ...   Level =   27 PQP = +0.312249 DQP = +0.312208 
T00 ERR ...   Level =   28 PQP = +0.317449 DQP = +0.317780 
T00 ERR ...   Level =   29 PQP = +0.403739 DQP = +0.395574 
T00 ERR ...   Level =   30 PQP = +0.399124 DQP = +0.405279 
T00 ERR ...   Level =   31 PQP = +0.410224 DQP = +0.409862 
T00 ERR ...   Level =   32 PQP = +0.467800 DQP = +0.466727 
T00 ERR ...   Level =   33 PQP = +0.476175 DQP = +0.475414 
T00 ERR ...   Level =   34 PQP = +0.522652 DQP = +0.523785 
T00 ERR ...   Level =   35 PQP = +0.526252 DQP = +0.526401 
T00 ERR ...   Level =   36 PQP = +0.530859 DQP = +0.529714 
T00 ERR ...   Level =   37 PQP = +0.539368 DQP = +0.544285 
T00 ERR ...   Level =   38 PQP = +0.549890 DQP = +0.555284 
T00 ERR ...   Level =   39 PQP = +0.584548 DQP = +0.587195 
T00 ERR ...   Level =   40 PQP = +0.595121 DQP = +0.598480 
T00 ERR ...   Level =   41 PQP = +0.620326 DQP = +0.623943 
T00 ERR ...   Level =   42 PQP = +0.644505 DQP = +0.645944 
T00 ERR ...   Level =   43 PQP = +0.703636 DQP = +0.695195 
T00 ERR ...   Level =   44 PQP = +0.704867 DQP = +0.715894 
T00 ERR ...   Level =   45 PQP = +0.730069 DQP = +0.731267 
T00 ERR ...   Level =   46 PQP = +0.793130 DQP = +0.793347 
T00 ERR ... 2021-7-14 15:40:52 Diagonalized QP Hamiltonian  
T00 ERR ... 2021-7-14 15:40:52 GW calculation took 7.596321413 seconds.
T00 ERR ... 2021-7-14 15:40:52 Setup Full singlet hamiltonian 
T00 ERR ... 2021-7-14 15:40:52 Davidson Solver using 6 threads.
T00 ERR ... 2021-7-14 15:40:52 Tolerance : 0.0001
T00 ERR ... 2021-7-14 15:40:52 DPR Correction
T00 ERR ... 2021-7-14 15:40:52 Matrix size : 992x992
T00 ERR ... 2021-7-14 15:40:52 iter	Search Space	Norm
T00 ERR ... 2021-7-14 15:40:52    0           20 	 2.11e-01 	  0.00% converged
T00 ERR ... 2021-7-14 15:40:52    1           35 	 3.53e-02 	  0.00% converged
T00 ERR ... 2021-7-14 15:40:52    2           50 	 7.58e-03 	  0.00% converged
T00 ERR ... 2021-7-14 15:40:52    3           65 	 1.74e-03 	 10.00% converged
T00 ERR ... 2021-7-14 15:40:52    4           79 	 2.52e-04 	 50.00% converged
T00 ERR ... 2021-7-14 15:40:52    5           89 	 5.94e-05 	 100.00% converged
T00 ERR ... 2021-7-14 15:40:52 Davidson converged after 5 iterations.
T00 ERR ... 2021-7-14 15:40:52-----------------------------------
T00 ERR ... 2021-7-14 15:40:52- Davidson ran for 0.167383056secs.
T00 ERR ... 2021-7-14 15:40:52-----------------------------------
T00 ERR ... 2021-7-14 15:40:52 Solved BSE for singlets 
T00 ERR ...   ====== singlet energies (eV) ====== 
T00 ERR ...   S =    1 Omega = +4.339757470721 eV  lamdba = +285.73 nm <FT> = +12.3164 <K_x> = +0.5197 <K_d> = -8.4963
T00 ERR ...            TrDipole length gauge[e*bohr]  dx = -0.0012 dy = +0.0030 dz = +0.0000 |d|^2 = +0.0000 f = +0.0000
T00 ERR ...            HOMO-0   -> LUMO+0    : 97.7%
T00 ERR ... 
T00 ERR ...   S =    2 Omega = +7.555401248914 eV  lamdba = +164.12 nm <FT> = +13.0873 <K_x> = +0.1946 <K_d> = -5.7265
T00 ERR ...            TrDipole length gauge[e*bohr]  dx = +0.1341 dy = -0.3005 dz = +0.2017 |d|^2 = +0.1490 f = +0.0276
T00 ERR ...            HOMO-0   -> LUMO+1    : 93.3%
T00 ERR ... 
T00 ERR ...   S =    3 Omega = +9.182436171648 eV  lamdba = +135.04 nm <FT> = +15.4942 <K_x> = +0.7462 <K_d> = -7.0580
T00 ERR ...            TrDipole length gauge[e*bohr]  dx = +0.1575 dy = -0.2786 dz = -0.5053 |d|^2 = +0.3578 f = +0.0805
T00 ERR ...            HOMO-1   -> LUMO+0    : 51.4%
T00 ERR ... 
T00 ERR ...   S =    4 Omega = +9.223770140813 eV  lamdba = +134.44 nm <FT> = +16.0436 <K_x> = +0.3090 <K_d> = -7.1288
T00 ERR ...            TrDipole length gauge[e*bohr]  dx = -0.0604 dy = +0.1120 dz = +0.1897 |d|^2 = +0.0522 f = +0.0118
T00 ERR ...            HOMO-2   -> LUMO+0    : 82.3%
T00 ERR ... 
T00 ERR ...   S =    5 Omega = +9.430202256859 eV  lamdba = +131.49 nm <FT> = +15.2133 <K_x> = +0.1876 <K_d> = -5.9708
T00 ERR ...            TrDipole length gauge[e*bohr]  dx = -0.0216 dy = +0.1943 dz = -0.2460 |d|^2 = +0.0987 f = +0.0228
T00 ERR ...            HOMO-0   -> LUMO+3    : 82.6%
T00 ERR ... 
T00 ERR ...   S =    6 Omega = +9.503405666956 eV  lamdba = +130.48 nm <FT> = +16.9787 <K_x> = +0.6126 <K_d> = -8.0878
T00 ERR ...            TrDipole length gauge[e*bohr]  dx = +0.0465 dy = -0.0382 dz = +0.0329 |d|^2 = +0.0047 f = +0.0011
T00 ERR ...            HOMO-4   -> LUMO+0    : 76.7%
T00 ERR ... 
T00 ERR ...   S =    7 Omega = +9.738516715207 eV  lamdba = +127.33 nm <FT> = +15.3876 <K_x> = +0.5183 <K_d> = -6.1674
T00 ERR ...            TrDipole length gauge[e*bohr]  dx = +0.0772 dy = -0.1320 dz = -0.5745 |d|^2 = +0.3534 f = +0.0843
T00 ERR ... 
T00 ERR ...   S =    8 Omega = +10.082273382988 eV  lamdba = +122.99 nm <FT> = +15.7221 <K_x> = +0.2778 <K_d> = -5.9176
T00 ERR ...            TrDipole length gauge[e*bohr]  dx = -0.2044 dy = +0.4789 dz = +0.0251 |d|^2 = +0.2717 f = +0.0671
T00 ERR ... 
T00 ERR ...   S =    9 Omega = +10.233254854008 eV  lamdba = +121.17 nm <FT> = +15.9789 <K_x> = +0.2498 <K_d> = -5.9955
T00 ERR ...            TrDipole length gauge[e*bohr]  dx = +0.0233 dy = -0.1326 dz = +0.1812 |d|^2 = +0.0509 f = +0.0128
T00 ERR ... 
T00 ERR ...   S =   10 Omega = +10.293002920165 eV  lamdba = +120.47 nm <FT> = +15.8328 <K_x> = +0.1959 <K_d> = -5.7357
T00 ERR ...            TrDipole length gauge[e*bohr]  dx = +0.0001 dy = +0.0316 dz = +0.0253 |d|^2 = +0.0016 f = +0.0004
T00 ERR ... 
T00 ERR ... 2021-7-14 15:40:52 BSE calculation took 0.203943278 seconds.
T00 ERR ... 2021-7-14 15:40:52 GWBSE calculation finished 
T00 ERR ... Next State is: s1
T00 ERR ... 2021-7-14 15:40:52 Evaluating polarregion 1
T00 ERR ... 2021-7-14 15:40:52 Evaluating interaction between polarregion 1 and qmregion 0
T00 ERR ... Next State is: s1
T00 ERR ... 2021-7-14 15:40:53 Starting Solving for classical polarization with 864 degrees of freedom.
T00 ERR ... 2021-7-14 15:40:53 CG: #iterations: 4, estimated error: 3.035445261e-06
T00 ERR ...   Total static energy [hrt]= -1.06520276
T00 ERR ...   Total polar energy [hrt]= -0.3367104736
T00 ERR ...  Total energy [hrt]= -1.401913233
T00 ERR ... 2021-7-14 15:40:53 Writing checkpoint to checkpoint_iter_2.hdf5
T00 ERR ...  Region:qmregion 0 is not converged deltaE=-0.002063408874 RMS Dmat=0.000315111383 MaxDmat=0.006581618566
T00 ERR ... 2021-7-14 15:40:53 Region:polarregion 1 is not converged deltaE=7.397849675e-05
T00 ERR ... 2021-7-14 15:40:53 --Total Energy all regions -194.2698567
T00 ERR ... 2021-7-14 15:40:53 --Inter Region SCF Iteration 3 of 5
T00 ERR ... 2021-7-14 15:40:53 Evaluating qmregion 0
T00 ERR ... 2021-7-14 15:40:53 Evaluating interaction between qmregion 0 and polarregion 1
T00 ERR ... Loaded Basis Set def2-tzvp
T00 ERR ... Loaded Basis Set aux-def2-tzvp
T00 ERR ... Running DFT calculation
T00 ERR ... Running Orca job
Reading the input file temp.gbw               ... done
Writing the output file temp.molden.input     ... done

T00 ERR ... Finished Orca job
T00 ERR ... 2021-7-14 15:41:3 DFT calculation took 9.890901084 seconds.
T00 ERR ... Parsing temp.log
T00 ERR ... Reading Coordinates and occupationnumbers and energies from QMMM/frame_798500/job_1_ACETONE_0:s1/temp.log
T00 ERR ... Getting the coordinates
T00 ERR ... DFT with 0.25 of HF exchange!
T00 ERR ... QM energy[Hrt]: -193.027583 
T00 ERR ... Done reading Log file
T00 ERR ... Reading Molden file
T00 ERR ... Molden file: QMMM/frame_798500/job_1_ACETONE_0:s1/temp.molden.input
T00 ERR ... Reading atoms using AU units.
T00 ERR ... Basisset specification is ignored.
T00 ERR ... Basissets are specified via the mol2orb.xml options file.
T00 ERR ... Reading molecular orbital coefficients
T00 ERR ... Done parsing molden file
T00 ERR ... Done parsing
T00 ERR ... 2021-7-14 15:41:3 RPA level range [0:159]
T00 ERR ... 2021-7-14 15:41:3 GW  level range [0:46]
T00 ERR ... 2021-7-14 15:41:3 BSE level range occ[0:15]  virt[16:46]
T00 ERR ...  BSE type: full
T00 ERR ... 2021-7-14 15:41:3 BSE Hamiltonian has size 992x992
T00 ERR ...  BSE without Hqp offdiagonal elements
T00 ERR ...  Running GW as: evGW
T00 ERR ...  qp_sc_limit [Hartree]: 1e-05
T00 ERR ...  gw_sc_limit [Hartree]: 1e-05
T00 ERR ...  Tasks: 
T00 ERR ...  GW 
T00 ERR ...  singlets 
T00 ERR ...  Store: 
T00 ERR ...  GW 
T00 ERR ...  Sigma integration: ppm
T00 ERR ...  eta: 0.001
T00 ERR ...  QP solver: grid
T00 ERR ...  QP grid steps: 1001
T00 ERR ...  QP grid spacing: 0.001
T00 ERR ...  evGW with Anderson update with history 20 using alpha 0.7
T00 ERR ... 2021-7-14 15:41:3 Using 6 threads
T00 ERR ... 2021-7-14 15:41:3 Using MKL overload for Eigen 
T00 ERR ... 2021-7-14 15:41:3 Using CUDA support for tensor multiplication with 1 GPUs.
T00 ERR ... 2021-7-14 15:41:3 Molecule Coordinates [A] 
T00 ERR ...     0    O   0.3478 9.8486 2.4991
T00 ERR ...     1    C   0.6479 9.3519 1.4423
T00 ERR ...     2    C   0.4536 10.0819 0.1388
T00 ERR ...     3    C   1.2353 7.9673 1.3542
T00 ERR ...     4    H   0.1460 11.1087 0.3270
T00 ERR ...     5    H   1.3705 10.0661 -0.4570
T00 ERR ...     6    H   -0.3164 9.5758 -0.4522
T00 ERR ...     7    H   1.2308 7.4963 2.3351
T00 ERR ...     8    H   2.2631 8.0266 0.9836
T00 ERR ...     9    H   0.6773 7.3558 0.6397
T00 ERR ... 2021-7-14 15:41:3 DFT data was created by orca
T00 ERR ... 2021-7-14 15:41:3 Loaded DFT Basis Set def2-tzvp
T00 ERR ... 2021-7-14 15:41:3 Filled DFT Basis of size 160
T00 ERR ... 2021-7-14 15:41:3 Loaded Auxbasis Set def2-tzvp
T00 ERR ... 2021-7-14 15:41:3 Filled Auxbasis of size 160
T00 ERR ... 2021-7-14 15:41:3 Calculating Mmn_beta (3-center-repulsion x orbitals)  
T00 ERR ... 2021-7-14 15:41:3 Calculated Mmn_beta (3-center-repulsion x orbitals)  
T00 ERR ... 2021-7-14 15:41:3 Integrating Vxc with functional XC_HYB_GGA_XC_PBEH
T00 ERR ... 2021-7-14 15:41:6 Set hybrid exchange factor: 0.25
T00 ERR ... 2021-7-14 15:41:6 Calculated exchange-correlation expectation values 
T00 ERR ... 2021-7-14 15:41:6 Calculated Hartree exchange contribution
T00 ERR ... 2021-7-14 15:41:6 Scissor shifting DFT energies by: 0 Hrt
T00 ERR ...   ====== Perturbative quasiparticle energies (Hartree) ====== 
T00 ERR ...    DeltaHLGap = +0.185796 Hartree
T00 ERR ...   Level =    0 DFT = -19.2056 VXC = -2.3190 S-X = -3.6246 S-C = +0.7088 GWA = -19.8025
T00 ERR ...   Level =    1 DFT = -10.3221 VXC = -1.7071 S-X = -2.6585 S-C = +0.4453 GWA = -10.8282
T00 ERR ...   Level =    2 DFT = -10.2174 VXC = -1.7075 S-X = -2.6561 S-C = +0.4504 GWA = -10.7158
T00 ERR ...   Level =    3 DFT = -10.2168 VXC = -1.7074 S-X = -2.6561 S-C = +0.4504 GWA = -10.7150
T00 ERR ...   Level =    4 DFT = -1.0895 VXC = -0.6160 S-X = -0.9238 S-C = +0.2249 GWA = -1.1724
T00 ERR ...   Level =    5 DFT = -0.7924 VXC = -0.4717 S-X = -0.7008 S-C = +0.1223 GWA = -0.8992
T00 ERR ...   Level =    6 DFT = -0.7283 VXC = -0.4572 S-X = -0.6741 S-C = +0.1049 GWA = -0.8402
T00 ERR ...   Level =    7 DFT = -0.5544 VXC = -0.4918 S-X = -0.6696 S-C = +0.0763 GWA = -0.6559
T00 ERR ...   Level =    8 DFT = -0.4804 VXC = -0.4558 S-X = -0.6036 S-C = +0.0568 GWA = -0.5714
T00 ERR ...   Level =    9 DFT = -0.4777 VXC = -0.4706 S-X = -0.6175 S-C = +0.0542 GWA = -0.5703
T00 ERR ...   Level =   10 DFT = -0.4758 VXC = -0.4378 S-X = -0.5750 S-C = +0.0426 GWA = -0.5704
T00 ERR ...   Level =   11 DFT = -0.4114 VXC = -0.4414 S-X = -0.5724 S-C = +0.0348 GWA = -0.5076
T00 ERR ...   Level =   12 DFT = -0.4069 VXC = -0.4072 S-X = -0.5311 S-C = +0.0241 GWA = -0.5067
T00 ERR ...   Level =   13 DFT = -0.3863 VXC = -0.4268 S-X = -0.5510 S-C = +0.0266 GWA = -0.4839
T00 ERR ...   Level =   14 DFT = -0.3765 VXC = -0.4775 S-X = -0.5892 S-C = +0.0302 GWA = -0.4580
T00 ERR ...   HOMO  =   15 DFT = -0.2766 VXC = -0.5320 S-X = -0.6608 S-C = +0.0584 GWA = -0.3469
T00 ERR ...   LUMO  =   16 DFT = -0.0178 VXC = -0.4237 S-X = -0.2392 S-C = -0.0690 GWA = +0.0976
T00 ERR ...   Level =   17 DFT = +0.0556 VXC = -0.1574 S-X = -0.0590 S-C = -0.0298 GWA = +0.1242
T00 ERR ...   Level =   18 DFT = +0.1073 VXC = -0.1595 S-X = -0.0599 S-C = -0.0279 GWA = +0.1790
T00 ERR ...   Level =   19 DFT = +0.1173 VXC = -0.1930 S-X = -0.0771 S-C = -0.0337 GWA = +0.1995
T00 ERR ...   Level =   20 DFT = +0.1358 VXC = -0.1833 S-X = -0.0689 S-C = -0.0343 GWA = +0.2159
T00 ERR ...   Level =   21 DFT = +0.1444 VXC = -0.1929 S-X = -0.0763 S-C = -0.0350 GWA = +0.2260
T00 ERR ...   Level =   22 DFT = +0.1492 VXC = -0.1890 S-X = -0.0719 S-C = -0.0341 GWA = +0.2322
T00 ERR ...   Level =   23 DFT = +0.1627 VXC = -0.1844 S-X = -0.0718 S-C = -0.0350 GWA = +0.2403
T00 ERR ...   Level =   24 DFT = +0.1655 VXC = -0.2070 S-X = -0.0818 S-C = -0.0381 GWA = +0.2527
T00 ERR ...   Level =   25 DFT = +0.1989 VXC = -0.1844 S-X = -0.0659 S-C = -0.0334 GWA = +0.2840
T00 ERR ...   Level =   26 DFT = +0.2184 VXC = -0.1575 S-X = -0.0487 S-C = -0.0300 GWA = +0.2972
T00 ERR ...   Level =   27 DFT = +0.2306 VXC = -0.1716 S-X = -0.0522 S-C = -0.0377 GWA = +0.3122
T00 ERR ...   Level =   28 DFT = +0.2375 VXC = -0.1623 S-X = -0.0499 S-C = -0.0324 GWA = +0.3174
T00 ERR ...   Level =   29 DFT = +0.3111 VXC = -0.2427 S-X = -0.0959 S-C = -0.0544 GWA = +0.4036
T00 ERR ...   Level =   30 DFT = +0.3132 VXC = -0.1888 S-X = -0.0607 S-C = -0.0420 GWA = +0.3993
T00 ERR ...   Level =   31 DFT = +0.3216 VXC = -0.1702 S-X = -0.0509 S-C = -0.0306 GWA = +0.4103
T00 ERR ...   Level =   32 DFT = +0.3740 VXC = -0.2209 S-X = -0.0820 S-C = -0.0451 GWA = +0.4678
T00 ERR ...   Level =   33 DFT = +0.3812 VXC = -0.2337 S-X = -0.0883 S-C = -0.0504 GWA = +0.4761
T00 ERR ...   Level =   34 DFT = +0.4130 VXC = -0.3246 S-X = -0.1363 S-C = -0.0786 GWA = +0.5227
T00 ERR ...   Level =   35 DFT = +0.4206 VXC = -0.3080 S-X = -0.1300 S-C = -0.0724 GWA = +0.5262
T00 ERR ...   Level =   36 DFT = +0.4315 VXC = -0.2507 S-X = -0.0945 S-C = -0.0568 GWA = +0.5309
T00 ERR ...   Level =   37 DFT = +0.4489 VXC = -0.2068 S-X = -0.0700 S-C = -0.0463 GWA = +0.5394
T00 ERR ...   Level =   38 DFT = +0.4567 VXC = -0.2211 S-X = -0.0759 S-C = -0.0520 GWA = +0.5499
T00 ERR ...   Level =   39 DFT = +0.4834 VXC = -0.2566 S-X = -0.0922 S-C = -0.0631 GWA = +0.5846
T00 ERR ...   Level =   40 DFT = +0.4878 VXC = -0.2849 S-X = -0.1027 S-C = -0.0749 GWA = +0.5952
T00 ERR ...   Level =   41 DFT = +0.5071 VXC = -0.3107 S-X = -0.1160 S-C = -0.0815 GWA = +0.6204
T00 ERR ...   Level =   42 DFT = +0.5366 VXC = -0.2598 S-X = -0.0837 S-C = -0.0683 GWA = +0.6444
T00 ERR ...   Level =   43 DFT = +0.5794 VXC = -0.3688 S-X = -0.1448 S-C = -0.0998 GWA = +0.7037
T00 ERR ...   Level =   44 DFT = +0.5931 VXC = -0.3003 S-X = -0.1031 S-C = -0.0854 GWA = +0.7049
T00 ERR ...   Level =   45 DFT = +0.6221 VXC = -0.2544 S-X = -0.0804 S-C = -0.0660 GWA = +0.7301
T00 ERR ...   Level =   46 DFT = +0.6708 VXC = -0.3080 S-X = -0.1071 S-C = -0.0785 GWA = +0.7932
T00 ERR ... 2021-7-14 15:41:13 Calculated offdiagonal part of Sigma  
T00 ERR ... 2021-7-14 15:41:13 Full quasiparticle Hamiltonian  
T00 ERR ...   ====== Diagonalized quasiparticle energies (Hartree) ====== 
T00 ERR ...   Level =    0 PQP = -19.802488 DQP = -19.802495 
T00 ERR ...   Level =    1 PQP = -10.828173 DQP = -10.828192 
T00 ERR ...   Level =    2 PQP = -10.715761 DQP = -10.715774 
T00 ERR ...   Level =    3 PQP = -10.715033 DQP = -10.715045 
T00 ERR ...   Level =    4 PQP = -1.172363 DQP = -1.172581 
T00 ERR ...   Level =    5 PQP = -0.899188 DQP = -0.899739 
T00 ERR ...   Level =    6 PQP = -0.840207 DQP = -0.840919 
T00 ERR ...   Level =    7 PQP = -0.655909 DQP = -0.656023 
T00 ERR ...   Level =    8 PQP = -0.571419 DQP = -0.574723 
T00 ERR ...   Level =    9 PQP = -0.570304 DQP = -0.571297 
T00 ERR ...   Level =   10 PQP = -0.570366 DQP = -0.570577 
T00 ERR ...   Level =   11 PQP = -0.507638 DQP = -0.507402 
T00 ERR ...   Level =   12 PQP = -0.506728 DQP = -0.504899 
T00 ERR ...   Level =   13 PQP = -0.483920 DQP = -0.482867 
T00 ERR ...   Level =   14 PQP = -0.458044 DQP = -0.457215 
T00 ERR ...   HOMO  =   15 PQP = -0.346940 DQP = -0.347052 
T00 ERR ...   LUMO  =   16 PQP = +0.097616 DQP = +0.096290 
T00 ERR ...   Level =   17 PQP = +0.124245 DQP = +0.122584 
T00 ERR ...   Level =   18 PQP = +0.178961 DQP = +0.177078 
T00 ERR ...   Level =   19 PQP = +0.199461 DQP = +0.196738 
T00 ERR ...   Level =   20 PQP = +0.215897 DQP = +0.213708 
T00 ERR ...   Level =   21 PQP = +0.225953 DQP = +0.222826 
T00 ERR ...   Level =   22 PQP = +0.232231 DQP = +0.228980 
T00 ERR ...   Level =   23 PQP = +0.240254 DQP = +0.241450 
T00 ERR ...   Level =   24 PQP = +0.252683 DQP = +0.250105 
T00 ERR ...   Level =   25 PQP = +0.283995 DQP = +0.282374 
T00 ERR ...   Level =   26 PQP = +0.297232 DQP = +0.297116 
T00 ERR ...   Level =   27 PQP = +0.312230 DQP = +0.312190 
T00 ERR ...   Level =   28 PQP = +0.317448 DQP = +0.317777 
T00 ERR ...   Level =   29 PQP = +0.403559 DQP = +0.395530 
T00 ERR ...   Level =   30 PQP = +0.399278 DQP = +0.405298 
T00 ERR ...   Level =   31 PQP = +0.410316 DQP = +0.409953 
T00 ERR ...   Level =   32 PQP = +0.467769 DQP = +0.466693 
T00 ERR ...   Level =   33 PQP = +0.476149 DQP = +0.475386 
T00 ERR ...   Level =   34 PQP = +0.522669 DQP = +0.523804 
T00 ERR ...   Level =   35 PQP = +0.526188 DQP = +0.526328 
T00 ERR ...   Level =   36 PQP = +0.530859 DQP = +0.529719 
T00 ERR ...   Level =   37 PQP = +0.539353 DQP = +0.544282 
T00 ERR ...   Level =   38 PQP = +0.549932 DQP = +0.555318 
T00 ERR ...   Level =   39 PQP = +0.584632 DQP = +0.587256 
T00 ERR ...   Level =   40 PQP = +0.595173 DQP = +0.598554 
T00 ERR ...   Level =   41 PQP = +0.620352 DQP = +0.623969 
T00 ERR ...   Level =   42 PQP = +0.644357 DQP = +0.645800 
T00 ERR ...   Level =   43 PQP = +0.703663 DQP = +0.695233 
T00 ERR ...   Level =   44 PQP = +0.704868 DQP = +0.715885 
T00 ERR ...   Level =   45 PQP = +0.730079 DQP = +0.731277 
T00 ERR ...   Level =   46 PQP = +0.793151 DQP = +0.793369 
T00 ERR ... 2021-7-14 15:41:13 Diagonalized QP Hamiltonian  
T00 ERR ... 2021-7-14 15:41:13 GW calculation took 9.766103703 seconds.
T00 ERR ... 2021-7-14 15:41:13 Setup Full singlet hamiltonian 
T00 ERR ... 2021-7-14 15:41:13 Davidson Solver using 6 threads.
T00 ERR ... 2021-7-14 15:41:13 Tolerance : 0.0001
T00 ERR ... 2021-7-14 15:41:13 DPR Correction
T00 ERR ... 2021-7-14 15:41:13 Matrix size : 992x992
T00 ERR ... 2021-7-14 15:41:13 iter	Search Space	Norm
T00 ERR ... 2021-7-14 15:41:13    0           20 	 2.10e-01 	  0.00% converged
T00 ERR ... 2021-7-14 15:41:13    1           35 	 3.12e-02 	  0.00% converged
T00 ERR ... 2021-7-14 15:41:13    2           50 	 8.70e-03 	  0.00% converged
T00 ERR ... 2021-7-14 15:41:13    3           65 	 1.79e-03 	 10.00% converged
T00 ERR ... 2021-7-14 15:41:13    4           79 	 2.53e-04 	 50.00% converged
T00 ERR ... 2021-7-14 15:41:13    5           89 	 5.85e-05 	 100.00% converged
T00 ERR ... 2021-7-14 15:41:13 Davidson converged after 5 iterations.
T00 ERR ... 2021-7-14 15:41:13-----------------------------------
T00 ERR ... 2021-7-14 15:41:13- Davidson ran for 0.176393581secs.
T00 ERR ... 2021-7-14 15:41:13-----------------------------------
T00 ERR ... 2021-7-14 15:41:13 Solved BSE for singlets 
T00 ERR ...   ====== singlet energies (eV) ====== 
T00 ERR ...   S =    1 Omega = +4.340882541628 eV  lamdba = +285.66 nm <FT> = +12.3170 <K_x> = +0.5196 <K_d> = -8.4957
T00 ERR ...            TrDipole length gauge[e*bohr]  dx = +0.0012 dy = -0.0030 dz = -0.0000 |d|^2 = +0.0000 f = +0.0000
T00 ERR ...            HOMO-0   -> LUMO+0    : 97.7%
T00 ERR ... 
T00 ERR ...   S =    2 Omega = +7.557522811740 eV  lamdba = +164.07 nm <FT> = +13.0912 <K_x> = +0.1950 <K_d> = -5.7287
T00 ERR ...            TrDipole length gauge[e*bohr]  dx = -0.1341 dy = +0.3007 dz = -0.2022 |d|^2 = +0.1493 f = +0.0276
T00 ERR ...            HOMO-0   -> LUMO+1    : 93.3%
T00 ERR ... 
T00 ERR ...   S =    3 Omega = +9.183721036550 eV  lamdba = +135.02 nm <FT> = +15.5033 <K_x> = +0.7441 <K_d> = -7.0636
T00 ERR ...            TrDipole length gauge[e*bohr]  dx = -0.1571 dy = +0.2780 dz = +0.5049 |d|^2 = +0.3569 f = +0.0803
T00 ERR ...            HOMO-1   -> LUMO+0    : 51.1%
T00 ERR ... 
T00 ERR ...   S =    4 Omega = +9.222326692184 eV  lamdba = +134.46 nm <FT> = +16.0374 <K_x> = +0.3129 <K_d> = -7.1280
T00 ERR ...            TrDipole length gauge[e*bohr]  dx = +0.0626 dy = -0.1159 dz = -0.1971 |d|^2 = +0.0562 f = +0.0127
T00 ERR ...            HOMO-2   -> LUMO+0    : 81.6%
T00 ERR ... 
T00 ERR ...   S =    5 Omega = +9.431964900105 eV  lamdba = +131.47 nm <FT> = +15.2173 <K_x> = +0.1878 <K_d> = -5.9732
T00 ERR ...            TrDipole length gauge[e*bohr]  dx = -0.0219 dy = +0.1947 dz = -0.2444 |d|^2 = +0.0982 f = +0.0227
T00 ERR ...            HOMO-0   -> LUMO+3    : 82.5%
T00 ERR ... 
T00 ERR ...   S =    6 Omega = +9.503762464245 eV  lamdba = +130.47 nm <FT> = +16.9753 <K_x> = +0.6115 <K_d> = -8.0830
T00 ERR ...            TrDipole length gauge[e*bohr]  dx = +0.0470 dy = -0.0390 dz = +0.0332 |d|^2 = +0.0048 f = +0.0011
T00 ERR ...            HOMO-4   -> LUMO+0    : 76.6%
T00 ERR ... 
T00 ERR ...   S =    7 Omega = +9.739682176582 eV  lamdba = +127.31 nm <FT> = +15.3878 <K_x> = +0.5175 <K_d> = -6.1657
T00 ERR ...            TrDipole length gauge[e*bohr]  dx = -0.0771 dy = +0.1322 dz = +0.5738 |d|^2 = +0.3527 f = +0.0842
T00 ERR ... 
T00 ERR ...   S =    8 Omega = +10.083793665215 eV  lamdba = +122.97 nm <FT> = +15.7255 <K_x> = +0.2771 <K_d> = -5.9189
T00 ERR ...            TrDipole length gauge[e*bohr]  dx = -0.2032 dy = +0.4754 dz = +0.0241 |d|^2 = +0.2679 f = +0.0662
T00 ERR ... 
T00 ERR ...   S =    9 Omega = +10.233671141753 eV  lamdba = +121.17 nm <FT> = +16.0040 <K_x> = +0.2561 <K_d> = -6.0264
T00 ERR ...            TrDipole length gauge[e*bohr]  dx = -0.0212 dy = +0.1338 dz = -0.1751 |d|^2 = +0.0490 f = +0.0123
T00 ERR ... 
T00 ERR ...   S =   10 Omega = +10.293655735415 eV  lamdba = +120.46 nm <FT> = +15.8100 <K_x> = +0.1889 <K_d> = -5.7052
T00 ERR ...            TrDipole length gauge[e*bohr]  dx = +0.0018 dy = +0.0257 dz = +0.0281 |d|^2 = +0.0015 f = +0.0004
T00 ERR ... 
T00 ERR ... 2021-7-14 15:41:13 BSE calculation took 0.215338062 seconds.
T00 ERR ... 2021-7-14 15:41:13 GWBSE calculation finished 
T00 ERR ... Next State is: s1
T00 ERR ... 2021-7-14 15:41:13 Evaluating polarregion 1
T00 ERR ... 2021-7-14 15:41:13 Evaluating interaction between polarregion 1 and qmregion 0
T00 ERR ... Next State is: s1
T00 ERR ... 2021-7-14 15:41:13 Starting Solving for classical polarization with 864 degrees of freedom.
T00 ERR ... 2021-7-14 15:41:13 CG: #iterations: 2, estimated error: 3.066818196e-06
T00 ERR ...   Total static energy [hrt]= -1.06520276
T00 ERR ...   Total polar energy [hrt]= -0.3367050914
T00 ERR ...  Total energy [hrt]= -1.401907851
T00 ERR ... 2021-7-14 15:41:13 Writing checkpoint to checkpoint_iter_3.hdf5
T00 ERR ...  Region:qmregion 0 is not converged deltaE=-0.0001148296024 RMS Dmat=1.4053114e-05 MaxDmat=0.0003069699616
T00 ERR ... 2021-7-14 15:41:13 Region:polarregion 1 is converged deltaE=5.382268239e-06
T00 ERR ... 2021-7-14 15:41:13 --Total Energy all regions -194.2699661
T00 ERR ... 2021-7-14 15:41:13 --Inter Region SCF Iteration 4 of 5
T00 ERR ... 2021-7-14 15:41:13 Evaluating qmregion 0
T00 ERR ... 2021-7-14 15:41:13 Evaluating interaction between qmregion 0 and polarregion 1
T00 ERR ... Loaded Basis Set def2-tzvp
T00 ERR ... Loaded Basis Set aux-def2-tzvp
T00 ERR ... Running DFT calculation
T00 ERR ... Running Orca job
Reading the input file temp.gbw               ... done
Writing the output file temp.molden.input     ... done

T00 ERR ... Finished Orca job
T00 ERR ... 2021-7-14 15:41:22 DFT calculation took 8.031586284 seconds.
T00 ERR ... Parsing temp.log
T00 ERR ... Reading Coordinates and occupationnumbers and energies from QMMM/frame_798500/job_1_ACETONE_0:s1/temp.log
T00 ERR ... Getting the coordinates
T00 ERR ... DFT with 0.25 of HF exchange!
T00 ERR ... QM energy[Hrt]: -193.027595 
T00 ERR ... Done reading Log file
T00 ERR ... Reading Molden file
T00 ERR ... Molden file: QMMM/frame_798500/job_1_ACETONE_0:s1/temp.molden.input
T00 ERR ... Reading atoms using AU units.
T00 ERR ... Basisset specification is ignored.
T00 ERR ... Basissets are specified via the mol2orb.xml options file.
T00 ERR ... Reading molecular orbital coefficients
T00 ERR ... Done parsing molden file
T00 ERR ... Done parsing
T00 ERR ... 2021-7-14 15:41:22 RPA level range [0:159]
T00 ERR ... 2021-7-14 15:41:22 GW  level range [0:46]
T00 ERR ... 2021-7-14 15:41:22 BSE level range occ[0:15]  virt[16:46]
T00 ERR ...  BSE type: full
T00 ERR ... 2021-7-14 15:41:22 BSE Hamiltonian has size 992x992
T00 ERR ...  BSE without Hqp offdiagonal elements
T00 ERR ...  Running GW as: evGW
T00 ERR ...  qp_sc_limit [Hartree]: 1e-05
T00 ERR ...  gw_sc_limit [Hartree]: 1e-05
T00 ERR ...  Tasks: 
T00 ERR ...  GW 
T00 ERR ...  singlets 
T00 ERR ...  Store: 
T00 ERR ...  GW 
T00 ERR ...  Sigma integration: ppm
T00 ERR ...  eta: 0.001
T00 ERR ...  QP solver: grid
T00 ERR ...  QP grid steps: 1001
T00 ERR ...  QP grid spacing: 0.001
T00 ERR ...  evGW with Anderson update with history 20 using alpha 0.7
T00 ERR ... 2021-7-14 15:41:22 Using 6 threads
T00 ERR ... 2021-7-14 15:41:22 Using MKL overload for Eigen 
T00 ERR ... 2021-7-14 15:41:22 Using CUDA support for tensor multiplication with 1 GPUs.
T00 ERR ... 2021-7-14 15:41:22 Molecule Coordinates [A] 
T00 ERR ...     0    O   0.3478 9.8486 2.4991
T00 ERR ...     1    C   0.6479 9.3519 1.4423
T00 ERR ...     2    C   0.4536 10.0819 0.1388
T00 ERR ...     3    C   1.2353 7.9673 1.3542
T00 ERR ...     4    H   0.1460 11.1087 0.3270
T00 ERR ...     5    H   1.3705 10.0661 -0.4570
T00 ERR ...     6    H   -0.3164 9.5758 -0.4522
T00 ERR ...     7    H   1.2308 7.4963 2.3351
T00 ERR ...     8    H   2.2631 8.0266 0.9836
T00 ERR ...     9    H   0.6773 7.3558 0.6397
T00 ERR ... 2021-7-14 15:41:22 DFT data was created by orca
T00 ERR ... 2021-7-14 15:41:22 Loaded DFT Basis Set def2-tzvp
T00 ERR ... 2021-7-14 15:41:22 Filled DFT Basis of size 160
T00 ERR ... 2021-7-14 15:41:22 Loaded Auxbasis Set def2-tzvp
T00 ERR ... 2021-7-14 15:41:22 Filled Auxbasis of size 160
T00 ERR ... 2021-7-14 15:41:22 Calculating Mmn_beta (3-center-repulsion x orbitals)  
T00 ERR ... 2021-7-14 15:41:22 Calculated Mmn_beta (3-center-repulsion x orbitals)  
T00 ERR ... 2021-7-14 15:41:22 Integrating Vxc with functional XC_HYB_GGA_XC_PBEH
T00 ERR ... 2021-7-14 15:41:24 Set hybrid exchange factor: 0.25
T00 ERR ... 2021-7-14 15:41:24 Calculated exchange-correlation expectation values 
T00 ERR ... 2021-7-14 15:41:24 Calculated Hartree exchange contribution
T00 ERR ... 2021-7-14 15:41:24 Scissor shifting DFT energies by: 0 Hrt
T00 ERR ...   ====== Perturbative quasiparticle energies (Hartree) ====== 
T00 ERR ...    DeltaHLGap = +0.185796 Hartree
T00 ERR ...   Level =    0 DFT = -19.2056 VXC = -2.3190 S-X = -3.6246 S-C = +0.7088 GWA = -19.8025
T00 ERR ...   Level =    1 DFT = -10.3221 VXC = -1.7071 S-X = -2.6585 S-C = +0.4453 GWA = -10.8282
T00 ERR ...   Level =    2 DFT = -10.2174 VXC = -1.7075 S-X = -2.6561 S-C = +0.4504 GWA = -10.7158
T00 ERR ...   Level =    3 DFT = -10.2168 VXC = -1.7074 S-X = -2.6561 S-C = +0.4504 GWA = -10.7150
T00 ERR ...   Level =    4 DFT = -1.0895 VXC = -0.6160 S-X = -0.9238 S-C = +0.2249 GWA = -1.1724
T00 ERR ...   Level =    5 DFT = -0.7924 VXC = -0.4717 S-X = -0.7008 S-C = +0.1223 GWA = -0.8992
T00 ERR ...   Level =    6 DFT = -0.7283 VXC = -0.4572 S-X = -0.6741 S-C = +0.1049 GWA = -0.8402
T00 ERR ...   Level =    7 DFT = -0.5544 VXC = -0.4918 S-X = -0.6696 S-C = +0.0763 GWA = -0.6559
T00 ERR ...   Level =    8 DFT = -0.4804 VXC = -0.4558 S-X = -0.6036 S-C = +0.0568 GWA = -0.5714
T00 ERR ...   Level =    9 DFT = -0.4777 VXC = -0.4707 S-X = -0.6175 S-C = +0.0543 GWA = -0.5703
T00 ERR ...   Level =   10 DFT = -0.4758 VXC = -0.4378 S-X = -0.5749 S-C = +0.0426 GWA = -0.5704
T00 ERR ...   Level =   11 DFT = -0.4114 VXC = -0.4413 S-X = -0.5724 S-C = +0.0348 GWA = -0.5076
T00 ERR ...   Level =   12 DFT = -0.4069 VXC = -0.4072 S-X = -0.5311 S-C = +0.0241 GWA = -0.5067
T00 ERR ...   Level =   13 DFT = -0.3863 VXC = -0.4268 S-X = -0.5510 S-C = +0.0266 GWA = -0.4839
T00 ERR ...   Level =   14 DFT = -0.3765 VXC = -0.4775 S-X = -0.5892 S-C = +0.0302 GWA = -0.4580
T00 ERR ...   HOMO  =   15 DFT = -0.2766 VXC = -0.5320 S-X = -0.6608 S-C = +0.0584 GWA = -0.3469
T00 ERR ...   LUMO  =   16 DFT = -0.0178 VXC = -0.4237 S-X = -0.2392 S-C = -0.0690 GWA = +0.0976
T00 ERR ...   Level =   17 DFT = +0.0556 VXC = -0.1574 S-X = -0.0590 S-C = -0.0298 GWA = +0.1242
T00 ERR ...   Level =   18 DFT = +0.1073 VXC = -0.1595 S-X = -0.0599 S-C = -0.0279 GWA = +0.1790
T00 ERR ...   Level =   19 DFT = +0.1173 VXC = -0.1930 S-X = -0.0771 S-C = -0.0337 GWA = +0.1995
T00 ERR ...   Level =   20 DFT = +0.1358 VXC = -0.1833 S-X = -0.0689 S-C = -0.0343 GWA = +0.2159
T00 ERR ...   Level =   21 DFT = +0.1444 VXC = -0.1929 S-X = -0.0763 S-C = -0.0350 GWA = +0.2260
T00 ERR ...   Level =   22 DFT = +0.1492 VXC = -0.1890 S-X = -0.0719 S-C = -0.0341 GWA = +0.2322
T00 ERR ...   Level =   23 DFT = +0.1627 VXC = -0.1844 S-X = -0.0719 S-C = -0.0350 GWA = +0.2403
T00 ERR ...   Level =   24 DFT = +0.1655 VXC = -0.2070 S-X = -0.0817 S-C = -0.0381 GWA = +0.2527
T00 ERR ...   Level =   25 DFT = +0.1989 VXC = -0.1844 S-X = -0.0659 S-C = -0.0334 GWA = +0.2840
T00 ERR ...   Level =   26 DFT = +0.2184 VXC = -0.1575 S-X = -0.0487 S-C = -0.0300 GWA = +0.2972
T00 ERR ...   Level =   27 DFT = +0.2306 VXC = -0.1716 S-X = -0.0522 S-C = -0.0377 GWA = +0.3122
T00 ERR ...   Level =   28 DFT = +0.2375 VXC = -0.1623 S-X = -0.0499 S-C = -0.0324 GWA = +0.3174
T00 ERR ...   Level =   29 DFT = +0.3111 VXC = -0.2426 S-X = -0.0958 S-C = -0.0543 GWA = +0.4035
T00 ERR ...   Level =   30 DFT = +0.3132 VXC = -0.1889 S-X = -0.0608 S-C = -0.0421 GWA = +0.3993
T00 ERR ...   Level =   31 DFT = +0.3216 VXC = -0.1702 S-X = -0.0509 S-C = -0.0306 GWA = +0.4103
T00 ERR ...   Level =   32 DFT = +0.3740 VXC = -0.2209 S-X = -0.0820 S-C = -0.0451 GWA = +0.4678
T00 ERR ...   Level =   33 DFT = +0.3812 VXC = -0.2337 S-X = -0.0883 S-C = -0.0504 GWA = +0.4761
T00 ERR ...   Level =   34 DFT = +0.4130 VXC = -0.3246 S-X = -0.1363 S-C = -0.0786 GWA = +0.5227
T00 ERR ...   Level =   35 DFT = +0.4205 VXC = -0.3080 S-X = -0.1300 S-C = -0.0724 GWA = +0.5262
T00 ERR ...   Level =   36 DFT = +0.4315 VXC = -0.2507 S-X = -0.0945 S-C = -0.0569 GWA = +0.5309
T00 ERR ...   Level =   37 DFT = +0.4489 VXC = -0.2068 S-X = -0.0700 S-C = -0.0463 GWA = +0.5394
T00 ERR ...   Level =   38 DFT = +0.4567 VXC = -0.2210 S-X = -0.0759 S-C = -0.0520 GWA = +0.5499
T00 ERR ...   Level =   39 DFT = +0.4834 VXC = -0.2566 S-X = -0.0922 S-C = -0.0631 GWA = +0.5846
T00 ERR ...   Level =   40 DFT = +0.4878 VXC = -0.2849 S-X = -0.1027 S-C = -0.0749 GWA = +0.5952
T00 ERR ...   Level =   41 DFT = +0.5071 VXC = -0.3107 S-X = -0.1160 S-C = -0.0815 GWA = +0.6204
T00 ERR ...   Level =   42 DFT = +0.5366 VXC = -0.2598 S-X = -0.0837 S-C = -0.0683 GWA = +0.6443
T00 ERR ...   Level =   43 DFT = +0.5794 VXC = -0.3688 S-X = -0.1448 S-C = -0.0998 GWA = +0.7037
T00 ERR ...   Level =   44 DFT = +0.5931 VXC = -0.3003 S-X = -0.1031 S-C = -0.0853 GWA = +0.7049
T00 ERR ...   Level =   45 DFT = +0.6221 VXC = -0.2544 S-X = -0.0804 S-C = -0.0660 GWA = +0.7301
T00 ERR ...   Level =   46 DFT = +0.6708 VXC = -0.3080 S-X = -0.1071 S-C = -0.0785 GWA = +0.7932
T00 ERR ... 2021-7-14 15:41:30 Calculated offdiagonal part of Sigma  
T00 ERR ... 2021-7-14 15:41:30 Full quasiparticle Hamiltonian  
T00 ERR ...   ====== Diagonalized quasiparticle energies (Hartree) ====== 
T00 ERR ...   Level =    0 PQP = -19.802494 DQP = -19.802501 
T00 ERR ...   Level =    1 PQP = -10.828178 DQP = -10.828197 
T00 ERR ...   Level =    2 PQP = -10.715759 DQP = -10.715771 
T00 ERR ...   Level =    3 PQP = -10.715035 DQP = -10.715047 
T00 ERR ...   Level =    4 PQP = -1.172370 DQP = -1.172588 
T00 ERR ...   Level =    5 PQP = -0.899189 DQP = -0.899739 
T00 ERR ...   Level =    6 PQP = -0.840207 DQP = -0.840919 
T00 ERR ...   Level =    7 PQP = -0.655913 DQP = -0.656027 
T00 ERR ...   Level =    8 PQP = -0.571421 DQP = -0.574725 
T00 ERR ...   Level =    9 PQP = -0.570306 DQP = -0.571300 
T00 ERR ...   Level =   10 PQP = -0.570370 DQP = -0.570580 
T00 ERR ...   Level =   11 PQP = -0.507641 DQP = -0.507400 
T00 ERR ...   Level =   12 PQP = -0.506725 DQP = -0.504901 
T00 ERR ...   Level =   13 PQP = -0.483920 DQP = -0.482868 
T00 ERR ...   Level =   14 PQP = -0.458050 DQP = -0.457221 
T00 ERR ...   HOMO  =   15 PQP = -0.346947 DQP = -0.347059 
T00 ERR ...   LUMO  =   16 PQP = +0.097611 DQP = +0.096285 
T00 ERR ...   Level =   17 PQP = +0.124247 DQP = +0.122587 
T00 ERR ...   Level =   18 PQP = +0.178964 DQP = +0.177081 
T00 ERR ...   Level =   19 PQP = +0.199461 DQP = +0.196738 
T00 ERR ...   Level =   20 PQP = +0.215903 DQP = +0.213714 
T00 ERR ...   Level =   21 PQP = +0.225952 DQP = +0.222825 
T00 ERR ...   Level =   22 PQP = +0.232232 DQP = +0.228981 
T00 ERR ...   Level =   23 PQP = +0.240251 DQP = +0.241451 
T00 ERR ...   Level =   24 PQP = +0.252690 DQP = +0.250108 
T00 ERR ...   Level =   25 PQP = +0.283998 DQP = +0.282376 
T00 ERR ...   Level =   26 PQP = +0.297234 DQP = +0.297118 
T00 ERR ...   Level =   27 PQP = +0.312227 DQP = +0.312188 
T00 ERR ...   Level =   28 PQP = +0.317446 DQP = +0.317775 
T00 ERR ...   Level =   29 PQP = +0.403548 DQP = +0.395527 
T00 ERR ...   Level =   30 PQP = +0.399285 DQP = +0.405297 
T00 ERR ...   Level =   31 PQP = +0.410320 DQP = +0.409957 
T00 ERR ...   Level =   32 PQP = +0.467765 DQP = +0.466689 
T00 ERR ...   Level =   33 PQP = +0.476145 DQP = +0.475381 
T00 ERR ...   Level =   34 PQP = +0.522668 DQP = +0.523803 
T00 ERR ...   Level =   35 PQP = +0.526180 DQP = +0.526319 
T00 ERR ...   Level =   36 PQP = +0.530857 DQP = +0.529719 
T00 ERR ...   Level =   37 PQP = +0.539351 DQP = +0.544281 
T00 ERR ...   Level =   38 PQP = +0.549933 DQP = +0.555319 
T00 ERR ...   Level =   39 PQP = +0.584636 DQP = +0.587258 
T00 ERR ...   Level =   40 PQP = +0.595174 DQP = +0.598557 
T00 ERR ...   Level =   41 PQP = +0.620351 DQP = +0.623969 
T00 ERR ...   Level =   42 PQP = +0.644344 DQP = +0.645788 
T00 ERR ...   Level =   43 PQP = +0.703664 DQP = +0.695234 
T00 ERR ...   Level =   44 PQP = +0.704867 DQP = +0.715883 
T00 ERR ...   Level =   45 PQP = +0.730077 DQP = +0.731276 
T00 ERR ...   Level =   46 PQP = +0.793151 DQP = +0.793368 
T00 ERR ... 2021-7-14 15:41:30 Diagonalized QP Hamiltonian  
T00 ERR ... 2021-7-14 15:41:30 GW calculation took 8.262773166 seconds.
T00 ERR ... 2021-7-14 15:41:30 Setup Full singlet hamiltonian 
T00 ERR ... 2021-7-14 15:41:30 Davidson Solver using 6 threads.
T00 ERR ... 2021-7-14 15:41:30 Tolerance : 0.0001
T00 ERR ... 2021-7-14 15:41:30 DPR Correction
T00 ERR ... 2021-7-14 15:41:30 Matrix size : 992x992
T00 ERR ... 2021-7-14 15:41:30 iter	Search Space	Norm
T00 ERR ... 2021-7-14 15:41:30    0           20 	 2.10e-01 	  0.00% converged
T00 ERR ... 2021-7-14 15:41:30    1           35 	 3.13e-02 	  0.00% converged
T00 ERR ... 2021-7-14 15:41:30    2           50 	 8.69e-03 	  0.00% converged
T00 ERR ... 2021-7-14 15:41:30    3           65 	 1.79e-03 	 10.00% converged
T00 ERR ... 2021-7-14 15:41:30    4           79 	 2.53e-04 	 50.00% converged
T00 ERR ... 2021-7-14 15:41:30    5           89 	 5.85e-05 	 100.00% converged
T00 ERR ... 2021-7-14 15:41:30 Davidson converged after 5 iterations.
T00 ERR ... 2021-7-14 15:41:30-----------------------------------
T00 ERR ... 2021-7-14 15:41:30- Davidson ran for 0.154136295secs.
T00 ERR ... 2021-7-14 15:41:30-----------------------------------
T00 ERR ... 2021-7-14 15:41:30 Solved BSE for singlets 
T00 ERR ...   ====== singlet energies (eV) ====== 
T00 ERR ...   S =    1 Omega = +4.340967567755 eV  lamdba = +285.65 nm <FT> = +12.3170 <K_x> = +0.5196 <K_d> = -8.4956
T00 ERR ...            TrDipole length gauge[e*bohr]  dx = -0.0012 dy = +0.0030 dz = +0.0000 |d|^2 = +0.0000 f = +0.0000
T00 ERR ...            HOMO-0   -> LUMO+0    : 97.7%
T00 ERR ... 
T00 ERR ...   S =    2 Omega = +7.557696406423 eV  lamdba = +164.07 nm <FT> = +13.0915 <K_x> = +0.1950 <K_d> = -5.7288
T00 ERR ...            TrDipole length gauge[e*bohr]  dx = +0.1341 dy = -0.3007 dz = +0.2022 |d|^2 = +0.1493 f = +0.0276
T00 ERR ...            HOMO-0   -> LUMO+1    : 93.3%
T00 ERR ... 
T00 ERR ...   S =    3 Omega = +9.183815269252 eV  lamdba = +135.02 nm <FT> = +15.5041 <K_x> = +0.7438 <K_d> = -7.0641
T00 ERR ...            TrDipole length gauge[e*bohr]  dx = -0.1571 dy = +0.2780 dz = +0.5048 |d|^2 = +0.3568 f = +0.0803
T00 ERR ...            HOMO-1   -> LUMO+0    : 51.1%
T00 ERR ... 
T00 ERR ...   S =    4 Omega = +9.222223451848 eV  lamdba = +134.46 nm <FT> = +16.0369 <K_x> = +0.3133 <K_d> = -7.1279
T00 ERR ...            TrDipole length gauge[e*bohr]  dx = +0.0627 dy = -0.1162 dz = -0.1977 |d|^2 = +0.0565 f = +0.0128
T00 ERR ...            HOMO-2   -> LUMO+0    : 81.6%
T00 ERR ... 
T00 ERR ...   S =    5 Omega = +9.432116754441 eV  lamdba = +131.47 nm <FT> = +15.2177 <K_x> = +0.1879 <K_d> = -5.9735
T00 ERR ...            TrDipole length gauge[e*bohr]  dx = -0.0219 dy = +0.1947 dz = -0.2444 |d|^2 = +0.0981 f = +0.0227
T00 ERR ...            HOMO-0   -> LUMO+3    : 82.5%
T00 ERR ... 
T00 ERR ...   S =    6 Omega = +9.503801227969 eV  lamdba = +130.47 nm <FT> = +16.9750 <K_x> = +0.6114 <K_d> = -8.0826
T00 ERR ...            TrDipole length gauge[e*bohr]  dx = +0.0470 dy = -0.0391 dz = +0.0332 |d|^2 = +0.0048 f = +0.0011
T00 ERR ...            HOMO-4   -> LUMO+0    : 76.6%
T00 ERR ... 
T00 ERR ...   S =    7 Omega = +9.739788548485 eV  lamdba = +127.31 nm <FT> = +15.3878 <K_x> = +0.5174 <K_d> = -6.1654
T00 ERR ...            TrDipole length gauge[e*bohr]  dx = +0.0771 dy = -0.1322 dz = -0.5737 |d|^2 = +0.3526 f = +0.0841
T00 ERR ... 
T00 ERR ...   S =    8 Omega = +10.083928880173 eV  lamdba = +122.97 nm <FT> = +15.7258 <K_x> = +0.2771 <K_d> = -5.9190
T00 ERR ...            TrDipole length gauge[e*bohr]  dx = +0.2031 dy = -0.4751 dz = -0.0241 |d|^2 = +0.2676 f = +0.0661
T00 ERR ... 
T00 ERR ...   S =    9 Omega = +10.233708248587 eV  lamdba = +121.17 nm <FT> = +16.0056 <K_x> = +0.2565 <K_d> = -6.0283
T00 ERR ...            TrDipole length gauge[e*bohr]  dx = -0.0210 dy = +0.1338 dz = -0.1747 |d|^2 = +0.0489 f = +0.0123
T00 ERR ... 
T00 ERR ...   S =   10 Omega = +10.293736033682 eV  lamdba = +120.46 nm <FT> = +15.8086 <K_x> = +0.1884 <K_d> = -5.7033
T00 ERR ...            TrDipole length gauge[e*bohr]  dx = -0.0019 dy = -0.0253 dz = -0.0284 |d|^2 = +0.0014 f = +0.0004
T00 ERR ... 
T00 ERR ... 2021-7-14 15:41:30 BSE calculation took 0.189374182 seconds.
T00 ERR ... 2021-7-14 15:41:30 GWBSE calculation finished 
T00 ERR ... Next State is: s1
T00 ERR ... 2021-7-14 15:41:30 Evaluating polarregion 1
T00 ERR ... 2021-7-14 15:41:30 Evaluating interaction between polarregion 1 and qmregion 0
T00 ERR ... Next State is: s1
T00 ERR ... 2021-7-14 15:41:31 Starting Solving for classical polarization with 864 degrees of freedom.
T00 ERR ... 2021-7-14 15:41:31 CG: #iterations: 0, estimated error: 3.902266789e-06
T00 ERR ...   Total static energy [hrt]= -1.06520276
T00 ERR ...   Total polar energy [hrt]= -0.3367047283
T00 ERR ...  Total energy [hrt]= -1.401907488
T00 ERR ... 2021-7-14 15:41:31 Writing checkpoint to checkpoint_iter_4.hdf5
T00 ERR ...  Region:qmregion 0 is converged deltaE=-8.690311461e-06 RMS Dmat=1.004638469e-06 MaxDmat=2.164829905e-05
T00 ERR ... 2021-7-14 15:41:31 Region:polarregion 1 is converged deltaE=3.630545994e-07
T00 ERR ... 2021-7-14 15:41:31 --Total Energy all regions -194.2699744
T00 ERR ... 2021-7-14 15:41:31 Job converged after 4 iterations.
T00 ERR ... Next State is: s1
T00 ERR ... Reporting job results

T00 ERR ... Requesting next job
T00 ERR ... Assign jobs from stack
T00 ERR ... Sync did not yield any new jobs.
T00 ERR ... Next job: ID = - (none available)
MST ERR Assign jobs from stack
Changes have not been written to state file.
